{"/home/travis/build/npmtest/node-npmtest-karma/test.js":{"path":"/home/travis/build/npmtest/node-npmtest-karma/test.js","s":{"1":2,"2":2,"3":2,"4":2,"5":2,"6":2,"7":2,"8":1,"9":2,"10":2,"11":1,"12":1,"13":1,"14":1,"15":2,"16":2,"17":2,"18":2,"19":1,"20":1,"21":2,"22":2,"23":2,"24":1,"25":1,"26":1,"27":1,"28":1,"29":1,"30":1,"31":1,"32":1,"33":1,"34":1,"35":1,"36":2,"37":2,"38":1,"39":2,"40":2,"41":1,"42":2,"43":2,"44":1,"45":1,"46":1,"47":1,"48":1},"b":{"1":[2,1,1,1],"2":[1,1,1,1],"3":[1,1],"4":[1,1],"5":[1,1],"6":[1,1],"7":[1,1],"8":[1,1],"9":[1,1,1],"10":[1,1],"11":[1,1],"12":[1,1],"13":[1,1],"14":[1,1],"15":[1,1]},"f":{"1":2,"2":2,"3":2,"4":2,"5":2,"6":1,"7":1,"8":2,"9":2,"10":2,"11":1},"fnMap":{"1":{"name":"(anonymous_1)","line":12,"loc":{"start":{"line":12,"column":1},"end":{"line":12,"column":13}}},"2":{"name":"(anonymous_2)","line":19,"loc":{"start":{"line":19,"column":5},"end":{"line":19,"column":17}}},"3":{"name":"(anonymous_3)","line":23,"loc":{"start":{"line":23,"column":24},"end":{"line":23,"column":36}}},"4":{"name":"(anonymous_4)","line":61,"loc":{"start":{"line":61,"column":5},"end":{"line":61,"column":17}}},"5":{"name":"(anonymous_5)","line":82,"loc":{"start":{"line":82,"column":5},"end":{"line":82,"column":17}}},"6":{"name":"(anonymous_6)","line":102,"loc":{"start":{"line":102,"column":83},"end":{"line":105,"column":10}},"skip":true},"7":{"name":"(anonymous_7)","line":113,"loc":{"start":{"line":113,"column":77},"end":{"line":116,"column":10}},"skip":true},"8":{"name":"(anonymous_8)","line":127,"loc":{"start":{"line":127,"column":77},"end":{"line":130,"column":10}},"skip":true},"9":{"name":"(anonymous_9)","line":138,"loc":{"start":{"line":138,"column":83},"end":{"line":141,"column":10}},"skip":true},"10":{"name":"(anonymous_10)","line":149,"loc":{"start":{"line":149,"column":79},"end":{"line":152,"column":10}},"skip":true},"11":{"name":"(anonymous_11)","line":160,"loc":{"start":{"line":160,"column":75},"end":{"line":163,"column":10}},"skip":true}},"statementMap":{"1":{"start":{"line":12,"column":0},"end":{"line":175,"column":5}},"2":{"start":{"line":14,"column":4},"end":{"line":14,"column":14}},"3":{"start":{"line":19,"column":4},"end":{"line":56,"column":9}},"4":{"start":{"line":21,"column":8},"end":{"line":21,"column":19}},"5":{"start":{"line":23,"column":8},"end":{"line":35,"column":13}},"6":{"start":{"line":24,"column":12},"end":{"line":34,"column":13}},"7":{"start":{"line":25,"column":16},"end":{"line":28,"column":30}},"8":{"start":{"line":30,"column":16},"end":{"line":33,"column":27}},"9":{"start":{"line":37,"column":8},"end":{"line":39,"column":21}},"10":{"start":{"line":40,"column":8},"end":{"line":53,"column":9}},"11":{"start":{"line":43,"column":12},"end":{"line":46,"column":14}},"12":{"start":{"line":47,"column":12},"end":{"line":47,"column":18}},"13":{"start":{"line":50,"column":12},"end":{"line":51,"column":46}},"14":{"start":{"line":52,"column":12},"end":{"line":52,"column":18}},"15":{"start":{"line":55,"column":8},"end":{"line":55,"column":35}},"16":{"start":{"line":61,"column":4},"end":{"line":63,"column":9}},"17":{"start":{"line":62,"column":8},"end":{"line":62,"column":15}},"18":{"start":{"line":64,"column":4},"end":{"line":77,"column":5}},"19":{"start":{"line":70,"column":8},"end":{"line":70,"column":14}},"20":{"start":{"line":76,"column":8},"end":{"line":76,"column":14}},"21":{"start":{"line":82,"column":4},"end":{"line":84,"column":9}},"22":{"start":{"line":83,"column":8},"end":{"line":83,"column":15}},"23":{"start":{"line":85,"column":4},"end":{"line":174,"column":5}},"24":{"start":{"line":92,"column":8},"end":{"line":94,"column":63}},"25":{"start":{"line":95,"column":8},"end":{"line":95,"column":14}},"26":{"start":{"line":102,"column":8},"end":{"line":111,"column":10},"skip":true},"27":{"start":{"line":109,"column":12},"end":{"line":109,"column":55},"skip":true},"28":{"start":{"line":110,"column":12},"end":{"line":110,"column":48},"skip":true},"29":{"start":{"line":113,"column":8},"end":{"line":125,"column":10},"skip":true},"30":{"start":{"line":120,"column":12},"end":{"line":120,"column":76},"skip":true},"31":{"start":{"line":121,"column":12},"end":{"line":121,"column":73},"skip":true},"32":{"start":{"line":122,"column":12},"end":{"line":122,"column":74},"skip":true},"33":{"start":{"line":123,"column":12},"end":{"line":123,"column":25},"skip":true},"34":{"start":{"line":124,"column":12},"end":{"line":124,"column":45},"skip":true},"35":{"start":{"line":127,"column":8},"end":{"line":136,"column":10},"skip":true},"36":{"start":{"line":134,"column":12},"end":{"line":134,"column":25},"skip":true},"37":{"start":{"line":135,"column":12},"end":{"line":135,"column":45},"skip":true},"38":{"start":{"line":138,"column":8},"end":{"line":147,"column":10},"skip":true},"39":{"start":{"line":145,"column":12},"end":{"line":145,"column":25},"skip":true},"40":{"start":{"line":146,"column":12},"end":{"line":146,"column":48},"skip":true},"41":{"start":{"line":149,"column":8},"end":{"line":158,"column":10},"skip":true},"42":{"start":{"line":156,"column":12},"end":{"line":156,"column":25},"skip":true},"43":{"start":{"line":157,"column":12},"end":{"line":157,"column":46},"skip":true},"44":{"start":{"line":160,"column":8},"end":{"line":169,"column":10},"skip":true},"45":{"start":{"line":167,"column":12},"end":{"line":167,"column":94},"skip":true},"46":{"start":{"line":168,"column":12},"end":{"line":168,"column":48},"skip":true},"47":{"start":{"line":172,"column":8},"end":{"line":172,"column":35},"skip":true},"48":{"start":{"line":173,"column":8},"end":{"line":173,"column":14},"skip":true}},"branchMap":{"1":{"line":25,"type":"binary-expr","locations":[{"start":{"line":25,"column":23},"end":{"line":25,"column":62}},{"start":{"line":26,"column":20},"end":{"line":26,"column":70}},{"start":{"line":27,"column":20},"end":{"line":27,"column":71}},{"start":{"line":28,"column":20},"end":{"line":28,"column":29}}]},"2":{"line":30,"type":"binary-expr","locations":[{"start":{"line":30,"column":23},"end":{"line":30,"column":37}},{"start":{"line":31,"column":20},"end":{"line":31,"column":61}},{"start":{"line":32,"column":20},"end":{"line":32,"column":70}},{"start":{"line":33,"column":20},"end":{"line":33,"column":26}}]},"3":{"line":37,"type":"cond-expr","locations":[{"start":{"line":38,"column":14},"end":{"line":38,"column":20}},{"start":{"line":39,"column":14},"end":{"line":39,"column":20}}]},"4":{"line":40,"type":"switch","locations":[{"start":{"line":42,"column":8},"end":{"line":47,"column":18}},{"start":{"line":49,"column":8},"end":{"line":52,"column":18}}]},"5":{"line":44,"type":"binary-expr","locations":[{"start":{"line":44,"column":16},"end":{"line":44,"column":44}},{"start":{"line":44,"column":48},"end":{"line":44,"column":66}}]},"6":{"line":50,"type":"binary-expr","locations":[{"start":{"line":50,"column":21},"end":{"line":50,"column":49}},{"start":{"line":50,"column":53},"end":{"line":50,"column":72}}]},"7":{"line":64,"type":"switch","locations":[{"start":{"line":69,"column":4},"end":{"line":70,"column":14}},{"start":{"line":75,"column":4},"end":{"line":76,"column":14}}]},"8":{"line":85,"type":"switch","locations":[{"start":{"line":90,"column":4},"end":{"line":95,"column":14}},{"start":{"line":101,"column":4},"end":{"line":173,"column":14},"skip":true}]},"9":{"line":92,"type":"binary-expr","locations":[{"start":{"line":92,"column":18},"end":{"line":92,"column":32}},{"start":{"line":93,"column":12},"end":{"line":93,"column":53}},{"start":{"line":94,"column":12},"end":{"line":94,"column":61}}]},"10":{"line":102,"type":"binary-expr","locations":[{"start":{"line":102,"column":45},"end":{"line":102,"column":79},"skip":true},{"start":{"line":102,"column":83},"end":{"line":111,"column":9},"skip":true}]},"11":{"line":113,"type":"binary-expr","locations":[{"start":{"line":113,"column":42},"end":{"line":113,"column":73},"skip":true},{"start":{"line":113,"column":77},"end":{"line":125,"column":9},"skip":true}]},"12":{"line":127,"type":"binary-expr","locations":[{"start":{"line":127,"column":42},"end":{"line":127,"column":73},"skip":true},{"start":{"line":127,"column":77},"end":{"line":136,"column":9},"skip":true}]},"13":{"line":138,"type":"binary-expr","locations":[{"start":{"line":138,"column":45},"end":{"line":138,"column":79},"skip":true},{"start":{"line":138,"column":83},"end":{"line":147,"column":9},"skip":true}]},"14":{"line":149,"type":"binary-expr","locations":[{"start":{"line":149,"column":43},"end":{"line":149,"column":75},"skip":true},{"start":{"line":149,"column":79},"end":{"line":158,"column":9},"skip":true}]},"15":{"line":160,"type":"binary-expr","locations":[{"start":{"line":160,"column":41},"end":{"line":160,"column":71},"skip":true},{"start":{"line":160,"column":75},"end":{"line":169,"column":9},"skip":true}]}},"code":["/* istanbul instrument in package npmtest_karma */","/*jslint","    bitwise: true,","    browser: true,","    maxerr: 8,","    maxlen: 96,","    node: true,","    nomen: true,","    regexp: true,","    stupid: true","*/","(function () {","    'use strict';","    var local;","","","","    // run shared js-env code - pre-init","    (function () {","        // init local","        local = {};","        // init modeJs","        local.modeJs = (function () {","            try {","                return typeof navigator.userAgent === 'string' &&","                    typeof document.querySelector('body') === 'object' &&","                    typeof XMLHttpRequest.prototype.open === 'function' &&","                    'browser';","            } catch (errorCaughtBrowser) {","                return module.exports &&","                    typeof process.versions.node === 'string' &&","                    typeof require('http').createServer === 'function' &&","                    'node';","            }","        }());","        // init global","        local.global = local.modeJs === 'browser'","            ? window","            : global;","        switch (local.modeJs) {","        // re-init local from window.local","        case 'browser':","            local = local.global.utility2.objectSetDefault(","                local.global.utility2_rollup || local.global.local,","                local.global.utility2","            );","            break;","        // re-init local from example.js","        case 'node':","            local = (local.global.utility2_rollup || require('utility2'))","                .requireExampleJsFromReadme();","            break;","        }","        // export local","        local.global.local = local;","    }());","","","","    // run shared js-env code - function","    (function () {","        return;","    }());","    switch (local.modeJs) {","","","","    // run browser js-env code - function","    case 'browser':","        break;","","","","    // run node js-env code - function","    case 'node':","        break;","    }","","","","    // run shared js-env code - post-init","    (function () {","        return;","    }());","    switch (local.modeJs) {","","","","    // run browser js-env code - post-init","    case 'browser':","        // run tests","        local.nop(local.modeTest &&","            document.querySelector('#testRunButton1') &&","            document.querySelector('#testRunButton1').click());","        break;","","","","    // run node js-env code - post-init","    /* istanbul ignore next */","    case 'node':","        local.testCase_buildApidoc_default = local.testCase_buildApidoc_default || function (","            options,","            onError","        ) {","        /*","         * this function will test buildApidoc's default handling-behavior-behavior","         */","            options = { modulePathList: module.paths };","            local.buildApidoc(options, onError);","        };","","        local.testCase_buildApp_default = local.testCase_buildApp_default || function (","            options,","            onError","        ) {","        /*","         * this function will test buildApp's default handling-behavior-behavior","         */","            local.testCase_buildReadme_default(options, local.onErrorThrow);","            local.testCase_buildLib_default(options, local.onErrorThrow);","            local.testCase_buildTest_default(options, local.onErrorThrow);","            options = [];","            local.buildApp(options, onError);","        };","","        local.testCase_buildLib_default = local.testCase_buildLib_default || function (","            options,","            onError","        ) {","        /*","         * this function will test buildLib's default handling-behavior","         */","            options = {};","            local.buildLib(options, onError);","        };","","        local.testCase_buildReadme_default = local.testCase_buildReadme_default || function (","            options,","            onError","        ) {","        /*","         * this function will test buildReadme's default handling-behavior-behavior","         */","            options = {};","            local.buildReadme(options, onError);","        };","","        local.testCase_buildTest_default = local.testCase_buildTest_default || function (","            options,","            onError","        ) {","        /*","         * this function will test buildTest's default handling-behavior","         */","            options = {};","            local.buildTest(options, onError);","        };","","        local.testCase_webpage_default = local.testCase_webpage_default || function (","            options,","            onError","        ) {","        /*","         * this function will test webpage's default handling-behavior","         */","            options = { modeCoverageMerge: true, url: local.serverLocalHost + '?modeTest=1' };","            local.browserTest(options, onError);","        };","","        // run test-server","        local.testRunServer(local);","        break;","    }","}());",""],"l":{"12":2,"14":2,"19":2,"21":2,"23":2,"24":2,"25":2,"30":1,"37":2,"40":2,"43":1,"47":1,"50":1,"52":1,"55":2,"61":2,"62":2,"64":2,"70":1,"76":1,"82":2,"83":2,"85":2,"92":1,"95":1,"102":1,"109":1,"110":1,"113":1,"120":1,"121":1,"122":1,"123":1,"124":1,"127":1,"134":2,"135":2,"138":1,"145":2,"146":2,"149":1,"156":2,"157":2,"160":1,"167":1,"168":1,"172":1,"173":1}},"/home/travis/build/npmtest/node-npmtest-karma/lib.npmtest_karma.js":{"path":"/home/travis/build/npmtest/node-npmtest-karma/lib.npmtest_karma.js","s":{"1":2,"2":2,"3":2,"4":2,"5":2,"6":2,"7":2,"8":1,"9":2,"10":2,"11":2,"12":2,"13":1,"14":1,"15":1,"16":1},"b":{"1":[2,1,1,1],"2":[1,1,1,1],"3":[1,1],"4":[2,2],"5":[1,1]},"f":{"1":2,"2":2,"3":2},"fnMap":{"1":{"name":"(anonymous_1)","line":12,"loc":{"start":{"line":12,"column":1},"end":{"line":12,"column":13}}},"2":{"name":"(anonymous_2)","line":19,"loc":{"start":{"line":19,"column":5},"end":{"line":19,"column":17}}},"3":{"name":"(anonymous_3)","line":23,"loc":{"start":{"line":23,"column":24},"end":{"line":23,"column":36}}}},"statementMap":{"1":{"start":{"line":12,"column":0},"end":{"line":53,"column":5}},"2":{"start":{"line":14,"column":4},"end":{"line":14,"column":14}},"3":{"start":{"line":19,"column":4},"end":{"line":52,"column":9}},"4":{"start":{"line":21,"column":8},"end":{"line":21,"column":19}},"5":{"start":{"line":23,"column":8},"end":{"line":35,"column":13}},"6":{"start":{"line":24,"column":12},"end":{"line":34,"column":13}},"7":{"start":{"line":25,"column":16},"end":{"line":28,"column":30}},"8":{"start":{"line":30,"column":16},"end":{"line":33,"column":27}},"9":{"start":{"line":37,"column":8},"end":{"line":39,"column":21}},"10":{"start":{"line":41,"column":8},"end":{"line":41,"column":54}},"11":{"start":{"line":43,"column":8},"end":{"line":43,"column":50}},"12":{"start":{"line":45,"column":8},"end":{"line":51,"column":9}},"13":{"start":{"line":46,"column":12},"end":{"line":46,"column":56}},"14":{"start":{"line":48,"column":12},"end":{"line":48,"column":35}},"15":{"start":{"line":49,"column":12},"end":{"line":49,"column":49}},"16":{"start":{"line":50,"column":12},"end":{"line":50,"column":43}}},"branchMap":{"1":{"line":25,"type":"binary-expr","locations":[{"start":{"line":25,"column":23},"end":{"line":25,"column":62}},{"start":{"line":26,"column":20},"end":{"line":26,"column":70}},{"start":{"line":27,"column":20},"end":{"line":27,"column":71}},{"start":{"line":28,"column":20},"end":{"line":28,"column":29}}]},"2":{"line":30,"type":"binary-expr","locations":[{"start":{"line":30,"column":23},"end":{"line":30,"column":37}},{"start":{"line":31,"column":20},"end":{"line":31,"column":61}},{"start":{"line":32,"column":20},"end":{"line":32,"column":70}},{"start":{"line":33,"column":20},"end":{"line":33,"column":26}}]},"3":{"line":37,"type":"cond-expr","locations":[{"start":{"line":38,"column":14},"end":{"line":38,"column":20}},{"start":{"line":39,"column":14},"end":{"line":39,"column":20}}]},"4":{"line":41,"type":"binary-expr","locations":[{"start":{"line":41,"column":16},"end":{"line":41,"column":44}},{"start":{"line":41,"column":48},"end":{"line":41,"column":53}}]},"5":{"line":45,"type":"if","locations":[{"start":{"line":45,"column":8},"end":{"line":45,"column":8}},{"start":{"line":45,"column":8},"end":{"line":45,"column":8}}]}},"code":["/* istanbul instrument in package npmtest_karma */","/*jslint","    bitwise: true,","    browser: true,","    maxerr: 8,","    maxlen: 96,","    node: true,","    nomen: true,","    regexp: true,","    stupid: true","*/","(function () {","    'use strict';","    var local;","","","","    // run shared js-env code - pre-init","    (function () {","        // init local","        local = {};","        // init modeJs","        local.modeJs = (function () {","            try {","                return typeof navigator.userAgent === 'string' &&","                    typeof document.querySelector('body') === 'object' &&","                    typeof XMLHttpRequest.prototype.open === 'function' &&","                    'browser';","            } catch (errorCaughtBrowser) {","                return module.exports &&","                    typeof process.versions.node === 'string' &&","                    typeof require('http').createServer === 'function' &&","                    'node';","            }","        }());","        // init global","        local.global = local.modeJs === 'browser'","            ? window","            : global;","        // init utility2_rollup","        local = local.global.utility2_rollup || local;","        // init lib","        local.local = local.npmtest_karma = local;","        // init exports","        if (local.modeJs === 'browser') {","            local.global.utility2_npmtest_karma = local;","        } else {","            module.exports = local;","            module.exports.__dirname = __dirname;","            module.exports.module = module;","        }","    }());","}());",""],"l":{"12":2,"14":2,"19":2,"21":2,"23":2,"24":2,"25":2,"30":1,"37":2,"41":2,"43":2,"45":2,"46":1,"48":1,"49":1,"50":1}},"/home/travis/build/npmtest/node-npmtest-karma/example.js":{"path":"/home/travis/build/npmtest/node-npmtest-karma/example.js","s":{"1":2,"2":2,"3":2,"4":2,"5":2,"6":2,"7":2,"8":1,"9":2,"10":2,"11":2,"12":2,"13":1,"14":2,"15":2,"16":2,"17":2,"18":2,"19":0,"20":2,"21":1,"22":1,"23":1,"24":1,"25":1,"26":0,"27":0,"28":1,"29":1,"30":2,"31":0,"32":0,"33":0,"34":1,"35":2,"36":2,"37":2,"38":2,"39":2,"40":2,"41":0,"42":2,"43":2,"44":2,"45":1,"46":3,"47":1,"48":1,"49":1,"50":1,"51":1,"52":1,"53":1,"54":1,"55":1,"56":1,"57":0,"58":1,"59":6,"60":6,"61":1,"62":2,"63":0,"64":2,"65":1,"66":1,"67":0,"68":0,"69":0,"70":0,"71":0,"72":0,"73":0,"74":0,"75":0,"76":0,"77":0,"78":0,"79":0,"80":0,"81":0,"82":0,"83":0},"b":{"1":[2,1,1,1],"2":[1,1,1,1],"3":[1,1],"4":[2,2],"5":[1,1],"6":[1,1],"7":[2,0],"8":[2,1,1,1,1,1],"9":[0,2,0],"10":[1,1],"11":[2,1,1],"12":[1,0],"13":[0,2],"14":[2,0,0,0,0,0,0],"15":[0,2],"16":[2,0],"17":[1,1],"18":[0,1],"19":[1,2,0,2],"20":[1,0],"21":[1,1],"22":[0,0],"23":[0,0],"24":[0,0],"25":[0,0],"26":[0,0],"27":[0,0],"28":[0,0]},"f":{"1":2,"2":2,"3":2,"4":2,"5":2,"6":2,"7":2,"8":2,"9":3,"10":1,"11":6,"12":0},"fnMap":{"1":{"name":"(anonymous_1)","line":26,"loc":{"start":{"line":26,"column":1},"end":{"line":26,"column":13}}},"2":{"name":"(anonymous_2)","line":33,"loc":{"start":{"line":33,"column":5},"end":{"line":33,"column":17}}},"3":{"name":"(anonymous_3)","line":37,"loc":{"start":{"line":37,"column":24},"end":{"line":37,"column":36}}},"4":{"name":"(anonymous_4)","line":69,"loc":{"start":{"line":69,"column":31},"end":{"line":69,"column":48}},"skip":true},"5":{"name":"(anonymous_5)","line":78,"loc":{"start":{"line":78,"column":26},"end":{"line":78,"column":45}},"skip":true},"6":{"name":"(anonymous_6)","line":123,"loc":{"start":{"line":123,"column":33},"end":{"line":123,"column":48}},"skip":true},"7":{"name":"(anonymous_7)","line":125,"loc":{"start":{"line":125,"column":27},"end":{"line":125,"column":39}},"skip":true},"8":{"name":"(anonymous_8)","line":133,"loc":{"start":{"line":133,"column":59},"end":{"line":133,"column":74}},"skip":true},"9":{"name":"(anonymous_9)","line":143,"loc":{"start":{"line":143,"column":45},"end":{"line":143,"column":62}},"skip":true},"10":{"name":"(anonymous_10)","line":144,"loc":{"start":{"line":144,"column":73},"end":{"line":144,"column":92}},"skip":true},"11":{"name":"(anonymous_11)","line":272,"loc":{"start":{"line":272,"column":51},"end":{"line":272,"column":77}},"skip":true},"12":{"name":"(anonymous_12)","line":314,"loc":{"start":{"line":314,"column":32},"end":{"line":314,"column":61}},"skip":true}},"statementMap":{"1":{"start":{"line":26,"column":0},"end":{"line":325,"column":5}},"2":{"start":{"line":28,"column":4},"end":{"line":28,"column":14}},"3":{"start":{"line":33,"column":4},"end":{"line":60,"column":9}},"4":{"start":{"line":35,"column":8},"end":{"line":35,"column":19}},"5":{"start":{"line":37,"column":8},"end":{"line":49,"column":13}},"6":{"start":{"line":38,"column":12},"end":{"line":48,"column":13}},"7":{"start":{"line":39,"column":16},"end":{"line":42,"column":30}},"8":{"start":{"line":44,"column":16},"end":{"line":47,"column":27}},"9":{"start":{"line":51,"column":8},"end":{"line":53,"column":21}},"10":{"start":{"line":55,"column":8},"end":{"line":57,"column":45}},"11":{"start":{"line":59,"column":8},"end":{"line":59,"column":35}},"12":{"start":{"line":61,"column":4},"end":{"line":324,"column":5}},"13":{"start":{"line":69,"column":8},"end":{"line":121,"column":10},"skip":true},"14":{"start":{"line":70,"column":12},"end":{"line":88,"column":13},"skip":true},"15":{"start":{"line":76,"column":16},"end":{"line":87,"column":19},"skip":true},"16":{"start":{"line":79,"column":20},"end":{"line":86,"column":21},"skip":true},"17":{"start":{"line":82,"column":24},"end":{"line":82,"column":43},"skip":true},"18":{"start":{"line":83,"column":24},"end":{"line":83,"column":30},"skip":true},"19":{"start":{"line":85,"column":24},"end":{"line":85,"column":49},"skip":true},"20":{"start":{"line":89,"column":12},"end":{"line":107,"column":13},"skip":true},"21":{"start":{"line":92,"column":16},"end":{"line":102,"column":17},"skip":true},"22":{"start":{"line":93,"column":20},"end":{"line":93,"column":86},"skip":true},"23":{"start":{"line":94,"column":20},"end":{"line":95,"column":45},"skip":true},"24":{"start":{"line":96,"column":20},"end":{"line":96,"column":42},"skip":true},"25":{"start":{"line":97,"column":20},"end":{"line":97,"column":48},"skip":true},"26":{"start":{"line":100,"column":20},"end":{"line":100,"column":85},"skip":true},"27":{"start":{"line":101,"column":20},"end":{"line":101,"column":96},"skip":true},"28":{"start":{"line":103,"column":16},"end":{"line":103,"column":22},"skip":true},"29":{"start":{"line":106,"column":16},"end":{"line":106,"column":22},"skip":true},"30":{"start":{"line":108,"column":12},"end":{"line":120,"column":13},"skip":true},"31":{"start":{"line":114,"column":16},"end":{"line":119,"column":17},"skip":true},"32":{"start":{"line":116,"column":20},"end":{"line":116,"column":78},"skip":true},"33":{"start":{"line":118,"column":20},"end":{"line":118,"column":53},"skip":true},"34":{"start":{"line":123,"column":8},"end":{"line":141,"column":11},"skip":true},"35":{"start":{"line":124,"column":12},"end":{"line":124,"column":54},"skip":true},"36":{"start":{"line":125,"column":12},"end":{"line":140,"column":14},"skip":true},"37":{"start":{"line":126,"column":16},"end":{"line":126,"column":28},"skip":true},"38":{"start":{"line":127,"column":16},"end":{"line":127,"column":69},"skip":true},"39":{"start":{"line":128,"column":16},"end":{"line":128,"column":75},"skip":true},"40":{"start":{"line":129,"column":16},"end":{"line":131,"column":17},"skip":true},"41":{"start":{"line":130,"column":20},"end":{"line":130,"column":27},"skip":true},"42":{"start":{"line":133,"column":16},"end":{"line":137,"column":36},"skip":true},"43":{"start":{"line":134,"column":20},"end":{"line":136,"column":55},"skip":true},"44":{"start":{"line":139,"column":16},"end":{"line":139,"column":57},"skip":true},"45":{"start":{"line":143,"column":8},"end":{"line":147,"column":11},"skip":true},"46":{"start":{"line":144,"column":12},"end":{"line":146,"column":15},"skip":true},"47":{"start":{"line":145,"column":16},"end":{"line":145,"column":70},"skip":true},"48":{"start":{"line":149,"column":8},"end":{"line":149,"column":31},"skip":true},"49":{"start":{"line":150,"column":8},"end":{"line":150,"column":14},"skip":true},"50":{"start":{"line":158,"column":8},"end":{"line":158,"column":31},"skip":true},"51":{"start":{"line":160,"column":8},"end":{"line":160,"column":33},"skip":true},"52":{"start":{"line":161,"column":8},"end":{"line":161,"column":37},"skip":true},"53":{"start":{"line":162,"column":8},"end":{"line":162,"column":35},"skip":true},"54":{"start":{"line":164,"column":8},"end":{"line":164,"column":50},"skip":true},"55":{"start":{"line":166,"column":8},"end":{"line":256,"column":2},"skip":true},"56":{"start":{"line":258,"column":8},"end":{"line":286,"column":9},"skip":true},"57":{"start":{"line":259,"column":12},"end":{"line":269,"column":14},"skip":true},"58":{"start":{"line":271,"column":12},"end":{"line":285,"column":19},"skip":true},"59":{"start":{"line":274,"column":20},"end":{"line":274,"column":35},"skip":true},"60":{"start":{"line":275,"column":20},"end":{"line":284,"column":21},"skip":true},"61":{"start":{"line":277,"column":24},"end":{"line":277,"column":64},"skip":true},"62":{"start":{"line":279,"column":24},"end":{"line":279,"column":40},"skip":true},"63":{"start":{"line":281,"column":24},"end":{"line":281,"column":40},"skip":true},"64":{"start":{"line":283,"column":24},"end":{"line":283,"column":39},"skip":true},"65":{"start":{"line":288,"column":8},"end":{"line":290,"column":9},"skip":true},"66":{"start":{"line":289,"column":12},"end":{"line":289,"column":18},"skip":true},"67":{"start":{"line":291,"column":8},"end":{"line":293,"column":54},"skip":true},"68":{"start":{"line":294,"column":8},"end":{"line":301,"column":37},"skip":true},"69":{"start":{"line":302,"column":8},"end":{"line":302,"column":82},"skip":true},"70":{"start":{"line":305,"column":8},"end":{"line":307,"column":9},"skip":true},"71":{"start":{"line":306,"column":12},"end":{"line":306,"column":82},"skip":true},"72":{"start":{"line":309,"column":8},"end":{"line":311,"column":9},"skip":true},"73":{"start":{"line":310,"column":12},"end":{"line":310,"column":18},"skip":true},"74":{"start":{"line":312,"column":8},"end":{"line":312,"column":54},"skip":true},"75":{"start":{"line":313,"column":8},"end":{"line":313,"column":69},"skip":true},"76":{"start":{"line":314,"column":8},"end":{"line":322,"column":36},"skip":true},"77":{"start":{"line":315,"column":12},"end":{"line":315,"column":61},"skip":true},"78":{"start":{"line":316,"column":12},"end":{"line":319,"column":13},"skip":true},"79":{"start":{"line":317,"column":16},"end":{"line":317,"column":75},"skip":true},"80":{"start":{"line":318,"column":16},"end":{"line":318,"column":23},"skip":true},"81":{"start":{"line":320,"column":12},"end":{"line":320,"column":38},"skip":true},"82":{"start":{"line":321,"column":12},"end":{"line":321,"column":27},"skip":true},"83":{"start":{"line":323,"column":8},"end":{"line":323,"column":14},"skip":true}},"branchMap":{"1":{"line":39,"type":"binary-expr","locations":[{"start":{"line":39,"column":23},"end":{"line":39,"column":62}},{"start":{"line":40,"column":20},"end":{"line":40,"column":70}},{"start":{"line":41,"column":20},"end":{"line":41,"column":71}},{"start":{"line":42,"column":20},"end":{"line":42,"column":29}}]},"2":{"line":44,"type":"binary-expr","locations":[{"start":{"line":44,"column":23},"end":{"line":44,"column":37}},{"start":{"line":45,"column":20},"end":{"line":45,"column":61}},{"start":{"line":46,"column":20},"end":{"line":46,"column":70}},{"start":{"line":47,"column":20},"end":{"line":47,"column":26}}]},"3":{"line":51,"type":"cond-expr","locations":[{"start":{"line":52,"column":14},"end":{"line":52,"column":20}},{"start":{"line":53,"column":14},"end":{"line":53,"column":20}}]},"4":{"line":55,"type":"binary-expr","locations":[{"start":{"line":55,"column":16},"end":{"line":55,"column":44}},{"start":{"line":55,"column":49},"end":{"line":57,"column":43}}]},"5":{"line":55,"type":"cond-expr","locations":[{"start":{"line":56,"column":14},"end":{"line":56,"column":49}},{"start":{"line":57,"column":14},"end":{"line":57,"column":43}}]},"6":{"line":61,"type":"switch","locations":[{"start":{"line":68,"column":4},"end":{"line":150,"column":14},"skip":true},{"start":{"line":156,"column":4},"end":{"line":323,"column":14},"skip":true}]},"7":{"line":70,"type":"if","locations":[{"start":{"line":70,"column":12},"end":{"line":70,"column":12},"skip":true},{"start":{"line":70,"column":12},"end":{"line":70,"column":12},"skip":true}]},"8":{"line":70,"type":"binary-expr","locations":[{"start":{"line":70,"column":16},"end":{"line":70,"column":22},"skip":true},{"start":{"line":70,"column":27},"end":{"line":70,"column":32},"skip":true},{"start":{"line":71,"column":20},"end":{"line":71,"column":39},"skip":true},{"start":{"line":72,"column":20},"end":{"line":72,"column":49},"skip":true},{"start":{"line":73,"column":20},"end":{"line":73,"column":58},"skip":true},{"start":{"line":74,"column":20},"end":{"line":74,"column":69},"skip":true}]},"9":{"line":79,"type":"switch","locations":[{"start":{"line":80,"column":20},"end":{"line":80,"column":33},"skip":true},{"start":{"line":81,"column":20},"end":{"line":83,"column":30},"skip":true},{"start":{"line":84,"column":20},"end":{"line":85,"column":49},"skip":true}]},"10":{"line":89,"type":"switch","locations":[{"start":{"line":90,"column":12},"end":{"line":103,"column":22},"skip":true},{"start":{"line":105,"column":12},"end":{"line":106,"column":22},"skip":true}]},"11":{"line":89,"type":"binary-expr","locations":[{"start":{"line":89,"column":20},"end":{"line":89,"column":25},"skip":true},{"start":{"line":89,"column":29},"end":{"line":89,"column":48},"skip":true},{"start":{"line":89,"column":52},"end":{"line":89,"column":74},"skip":true}]},"12":{"line":92,"type":"if","locations":[{"start":{"line":92,"column":16},"end":{"line":92,"column":16},"skip":true},{"start":{"line":92,"column":16},"end":{"line":92,"column":16},"skip":true}]},"13":{"line":108,"type":"if","locations":[{"start":{"line":108,"column":12},"end":{"line":108,"column":12},"skip":true},{"start":{"line":108,"column":12},"end":{"line":108,"column":12},"skip":true}]},"14":{"line":108,"type":"binary-expr","locations":[{"start":{"line":108,"column":16},"end":{"line":108,"column":61},"skip":true},{"start":{"line":108,"column":66},"end":{"line":108,"column":72},"skip":true},{"start":{"line":108,"column":77},"end":{"line":108,"column":82},"skip":true},{"start":{"line":109,"column":20},"end":{"line":109,"column":39},"skip":true},{"start":{"line":110,"column":20},"end":{"line":110,"column":49},"skip":true},{"start":{"line":111,"column":20},"end":{"line":111,"column":58},"skip":true},{"start":{"line":112,"column":20},"end":{"line":112,"column":68},"skip":true}]},"15":{"line":129,"type":"if","locations":[{"start":{"line":129,"column":16},"end":{"line":129,"column":16},"skip":true},{"start":{"line":129,"column":16},"end":{"line":129,"column":16},"skip":true}]},"16":{"line":134,"type":"cond-expr","locations":[{"start":{"line":135,"column":26},"end":{"line":135,"column":29},"skip":true},{"start":{"line":136,"column":26},"end":{"line":136,"column":54},"skip":true}]},"17":{"line":164,"type":"binary-expr","locations":[{"start":{"line":164,"column":27},"end":{"line":164,"column":43},"skip":true},{"start":{"line":164,"column":47},"end":{"line":164,"column":49},"skip":true}]},"18":{"line":258,"type":"if","locations":[{"start":{"line":258,"column":8},"end":{"line":258,"column":8},"skip":true},{"start":{"line":258,"column":8},"end":{"line":258,"column":8},"skip":true}]},"19":{"line":275,"type":"switch","locations":[{"start":{"line":276,"column":20},"end":{"line":277,"column":64},"skip":true},{"start":{"line":278,"column":20},"end":{"line":279,"column":40},"skip":true},{"start":{"line":280,"column":20},"end":{"line":281,"column":40},"skip":true},{"start":{"line":282,"column":20},"end":{"line":283,"column":39},"skip":true}]},"20":{"line":288,"type":"if","locations":[{"start":{"line":288,"column":8},"end":{"line":288,"column":8},"skip":true},{"start":{"line":288,"column":8},"end":{"line":288,"column":8},"skip":true}]},"21":{"line":288,"type":"binary-expr","locations":[{"start":{"line":288,"column":12},"end":{"line":288,"column":40},"skip":true},{"start":{"line":288,"column":44},"end":{"line":288,"column":67},"skip":true}]},"22":{"line":292,"type":"binary-expr","locations":[{"start":{"line":292,"column":12},"end":{"line":292,"column":50},"skip":true},{"start":{"line":293,"column":12},"end":{"line":293,"column":53},"skip":true}]},"23":{"line":295,"type":"binary-expr","locations":[{"start":{"line":295,"column":12},"end":{"line":295,"column":63},"skip":true},{"start":{"line":296,"column":12},"end":{"line":301,"column":36},"skip":true}]},"24":{"line":302,"type":"binary-expr","locations":[{"start":{"line":302,"column":43},"end":{"line":302,"column":75},"skip":true},{"start":{"line":302,"column":79},"end":{"line":302,"column":81},"skip":true}]},"25":{"line":305,"type":"if","locations":[{"start":{"line":305,"column":8},"end":{"line":305,"column":8},"skip":true},{"start":{"line":305,"column":8},"end":{"line":305,"column":8},"skip":true}]},"26":{"line":309,"type":"if","locations":[{"start":{"line":309,"column":8},"end":{"line":309,"column":8},"skip":true},{"start":{"line":309,"column":8},"end":{"line":309,"column":8},"skip":true}]},"27":{"line":312,"type":"binary-expr","locations":[{"start":{"line":312,"column":27},"end":{"line":312,"column":43},"skip":true},{"start":{"line":312,"column":47},"end":{"line":312,"column":53},"skip":true}]},"28":{"line":316,"type":"if","locations":[{"start":{"line":316,"column":12},"end":{"line":316,"column":12},"skip":true},{"start":{"line":316,"column":12},"end":{"line":316,"column":12},"skip":true}]}},"code":["/*","example.js","","quickstart example","","instruction","    1. save this script as example.js","    2. run the shell command:","        $ npm install npmtest-karma && PORT=8081 node example.js","    3. play with the browser-demo on http://127.0.0.1:8081","*/","","","","/* istanbul instrument in package npmtest_karma */","/*jslint","    bitwise: true,","    browser: true,","    maxerr: 8,","    maxlen: 96,","    node: true,","    nomen: true,","    regexp: true,","    stupid: true","*/","(function () {","    'use strict';","    var local;","","","","    // run shared js-env code - pre-init","    (function () {","        // init local","        local = {};","        // init modeJs","        local.modeJs = (function () {","            try {","                return typeof navigator.userAgent === 'string' &&","                    typeof document.querySelector('body') === 'object' &&","                    typeof XMLHttpRequest.prototype.open === 'function' &&","                    'browser';","            } catch (errorCaughtBrowser) {","                return module.exports &&","                    typeof process.versions.node === 'string' &&","                    typeof require('http').createServer === 'function' &&","                    'node';","            }","        }());","        // init global","        local.global = local.modeJs === 'browser'","            ? window","            : global;","        // init utility2_rollup","        local = local.global.utility2_rollup || (local.modeJs === 'browser'","            ? local.global.utility2_npmtest_karma","            : global.utility2_moduleExports);","        // export local","        local.global.local = local;","    }());","    switch (local.modeJs) {","","","","    // post-init","    // run browser js-env code - post-init","    /* istanbul ignore next */","    case 'browser':","        local.testRunBrowser = function (event) {","            if (!event || (event &&","                    event.currentTarget &&","                    event.currentTarget.className &&","                    event.currentTarget.className.includes &&","                    event.currentTarget.className.includes('onreset'))) {","                // reset output","                Array.from(","                    document.querySelectorAll('body > .resettable')","                ).forEach(function (element) {","                    switch (element.tagName) {","                    case 'INPUT':","                    case 'TEXTAREA':","                        element.value = '';","                        break;","                    default:","                        element.textContent = '';","                    }","                });","            }","            switch (event && event.currentTarget && event.currentTarget.id) {","            case 'testRunButton1':","                // show tests","                if (document.querySelector('#testReportDiv1').style.display === 'none') {","                    document.querySelector('#testReportDiv1').style.display = 'block';","                    document.querySelector('#testRunButton1').textContent =","                        'hide internal test';","                    local.modeTest = true;","                    local.testRunDefault(local);","                // hide tests","                } else {","                    document.querySelector('#testReportDiv1').style.display = 'none';","                    document.querySelector('#testRunButton1').textContent = 'run internal test';","                }","                break;","            // custom-case","            default:","                break;","            }","            if (document.querySelector('#inputTextareaEval1') && (!event || (event &&","                    event.currentTarget &&","                    event.currentTarget.className &&","                    event.currentTarget.className.includes &&","                    event.currentTarget.className.includes('oneval')))) {","                // try to eval input-code","                try {","                    /*jslint evil: true*/","                    eval(document.querySelector('#inputTextareaEval1').value);","                } catch (errorCaught) {","                    console.error(errorCaught.stack);","                }","            }","        };","        // log stderr and stdout to #outputTextareaStdout1","        ['error', 'log'].forEach(function (key) {","            console[key + '_original'] = console[key];","            console[key] = function () {","                var element;","                console[key + '_original'].apply(console, arguments);","                element = document.querySelector('#outputTextareaStdout1');","                if (!element) {","                    return;","                }","                // append text to #outputTextareaStdout1","                element.value += Array.from(arguments).map(function (arg) {","                    return typeof arg === 'string'","                        ? arg","                        : JSON.stringify(arg, null, 4);","                }).join(' ') + '\\n';","                // scroll textarea to bottom","                element.scrollTop = element.scrollHeight;","            };","        });","        // init event-handling","        ['change', 'click', 'keyup'].forEach(function (event) {","            Array.from(document.querySelectorAll('.on' + event)).forEach(function (element) {","                element.addEventListener(event, local.testRunBrowser);","            });","        });","        // run tests","        local.testRunBrowser();","        break;","","","","    // run node js-env code - post-init","    /* istanbul ignore next */","    case 'node':","        // export local","        module.exports = local;","        // require modules","        local.fs = require('fs');","        local.http = require('http');","        local.url = require('url');","        // init assets","        local.assetsDict = local.assetsDict || {};","        /* jslint-ignore-begin */","        local.assetsDict['/assets.index.template.html'] = '\\","<!doctype html>\\n\\","<html lang=\"en\">\\n\\","<head>\\n\\","<meta charset=\"UTF-8\">\\n\\","<meta name=\"viewport\" content=\"width=device-width, initial-scale=1\">\\n\\","<title>{{env.npm_package_name}} (v{{env.npm_package_version}})</title>\\n\\","<style>\\n\\","/*csslint\\n\\","    box-sizing: false,\\n\\","    universal-selector: false\\n\\","*/\\n\\","* {\\n\\","    box-sizing: border-box;\\n\\","}\\n\\","body {\\n\\","    background: #dde;\\n\\","    font-family: Arial, Helvetica, sans-serif;\\n\\","    margin: 2rem;\\n\\","}\\n\\","body > * {\\n\\","    margin-bottom: 1rem;\\n\\","}\\n\\",".utility2FooterDiv {\\n\\","    margin-top: 20px;\\n\\","    text-align: center;\\n\\","}\\n\\","</style>\\n\\","<style>\\n\\","/*csslint\\n\\","*/\\n\\","textarea {\\n\\","    font-family: monospace;\\n\\","    height: 10rem;\\n\\","    width: 100%;\\n\\","}\\n\\","textarea[readonly] {\\n\\","    background: #ddd;\\n\\","}\\n\\","</style>\\n\\","</head>\\n\\","<body>\\n\\","<!-- utility2-comment\\n\\","<div id=\"ajaxProgressDiv1\" style=\"background: #d00; height: 2px; left: 0; margin: 0; padding: 0; position: fixed; top: 0; transition: background 0.5s, width 1.5s; width: 25%;\"></div>\\n\\","utility2-comment -->\\n\\","<h1>\\n\\","<!-- utility2-comment\\n\\","    <a\\n\\","        {{#if env.npm_package_homepage}}\\n\\","        href=\"{{env.npm_package_homepage}}\"\\n\\","        {{/if env.npm_package_homepage}}\\n\\","        target=\"_blank\"\\n\\","    >\\n\\","utility2-comment -->\\n\\","        {{env.npm_package_name}} (v{{env.npm_package_version}})\\n\\","<!-- utility2-comment\\n\\","    </a>\\n\\","utility2-comment -->\\n\\","</h1>\\n\\","<h3>{{env.npm_package_description}}</h3>\\n\\","<!-- utility2-comment\\n\\","<h4><a download href=\"assets.app.js\">download standalone app</a></h4>\\n\\","<button class=\"onclick onreset\" id=\"testRunButton1\">run internal test</button><br>\\n\\","<div id=\"testReportDiv1\" style=\"display: none;\"></div>\\n\\","utility2-comment -->\\n\\","\\n\\","\\n\\","\\n\\","<label>stderr and stdout</label>\\n\\","<textarea class=\"resettable\" id=\"outputTextareaStdout1\" readonly></textarea>\\n\\","<!-- utility2-comment\\n\\","{{#if isRollup}}\\n\\","<script src=\"assets.app.js\"></script>\\n\\","{{#unless isRollup}}\\n\\","utility2-comment -->\\n\\","<script src=\"assets.utility2.rollup.js\"></script>\\n\\","<script src=\"jsonp.utility2._stateInit?callback=window.utility2._stateInit\"></script>\\n\\","<script src=\"assets.npmtest_karma.rollup.js\"></script>\\n\\","<script src=\"assets.example.js\"></script>\\n\\","<script src=\"assets.test.js\"></script>\\n\\","<!-- utility2-comment\\n\\","{{/if isRollup}}\\n\\","utility2-comment -->\\n\\","<div class=\"utility2FooterDiv\">\\n\\","    [ this app was created with\\n\\","    <a href=\"https://github.com/kaizhu256/node-utility2\" target=\"_blank\">utility2</a>\\n\\","    ]\\n\\","</div>\\n\\","</body>\\n\\","</html>\\n\\","';","        /* jslint-ignore-end */","        if (local.templateRender) {","            local.assetsDict['/'] = local.templateRender(","                local.assetsDict['/assets.index.template.html'],","                {","                    env: local.objectSetDefault(local.env, {","                        npm_package_description: 'the greatest app in the world!',","                        npm_package_name: 'my-app',","                        npm_package_nameAlias: 'my_app',","                        npm_package_version: '0.0.1'","                    })","                }","            );","        } else {","            local.assetsDict['/'] = local.assetsDict['/assets.index.template.html']","                .replace((/\\{\\{env\\.(\\w+?)\\}\\}/g), function (match0, match1) {","                    // jslint-hack","                    String(match0);","                    switch (match1) {","                    case 'npm_package_description':","                        return 'the greatest app in the world!';","                    case 'npm_package_name':","                        return 'my-app';","                    case 'npm_package_nameAlias':","                        return 'my_app';","                    case 'npm_package_version':","                        return '0.0.1';","                    }","                });","        }","        // run the cli","        if (local.global.utility2_rollup || module !== require.main) {","            break;","        }","        local.assetsDict['/assets.example.js'] =","            local.assetsDict['/assets.example.js'] ||","            local.fs.readFileSync(__filename, 'utf8');","        local.assetsDict['/assets.npmtest_karma.rollup.js'] =","            local.assetsDict['/assets.npmtest_karma.rollup.js'] ||","            local.fs.readFileSync(","                // buildCustomOrg-hack","                local.npmtest_karma.__dirname +","                    '/lib.npmtest_karma.js',","                'utf8'","            ).replace((/^#!/), '//');","        local.assetsDict['/favicon.ico'] = local.assetsDict['/favicon.ico'] || '';","        // if $npm_config_timeout_exit exists,","        // then exit this process after $npm_config_timeout_exit ms","        if (Number(process.env.npm_config_timeout_exit)) {","            setTimeout(process.exit, Number(process.env.npm_config_timeout_exit));","        }","        // start server","        if (local.global.utility2_serverHttp1) {","            break;","        }","        process.env.PORT = process.env.PORT || '8081';","        console.error('server starting on port ' + process.env.PORT);","        local.http.createServer(function (request, response) {","            request.urlParsed = local.url.parse(request.url);","            if (local.assetsDict[request.urlParsed.pathname] !== undefined) {","                response.end(local.assetsDict[request.urlParsed.pathname]);","                return;","            }","            response.statusCode = 404;","            response.end();","        }).listen(process.env.PORT);","        break;","    }","}());",""],"l":{"26":2,"28":2,"33":2,"35":2,"37":2,"38":2,"39":2,"44":1,"51":2,"55":2,"59":2,"61":2,"69":1,"70":2,"76":2,"79":2,"82":2,"83":2,"85":1,"89":2,"92":1,"93":1,"94":1,"96":1,"97":1,"100":1,"101":1,"103":1,"106":1,"108":2,"114":1,"116":1,"118":1,"123":1,"124":2,"125":2,"126":2,"127":2,"128":2,"129":2,"130":1,"133":2,"134":2,"139":2,"143":1,"144":3,"145":1,"149":1,"150":1,"158":1,"160":1,"161":1,"162":1,"164":1,"166":1,"258":1,"259":1,"271":1,"274":6,"275":6,"277":1,"279":2,"281":1,"283":2,"288":1,"289":1,"291":1,"294":1,"302":1,"305":1,"306":1,"309":1,"310":1,"312":1,"313":1,"314":1,"315":1,"316":1,"317":1,"318":1,"320":1,"321":1,"323":1}},"/home/travis/build/npmtest/node-npmtest-karma/karma/lib/index.js":{"path":"/home/travis/build/npmtest/node-npmtest-karma/karma/lib/index.js","s":{"1":1,"2":1,"3":1,"4":1,"5":1,"6":1,"7":1,"8":0,"9":0,"10":0,"11":1},"b":{},"f":{"1":0},"fnMap":{"1":{"name":"(anonymous_1)","line":12,"loc":{"start":{"line":12,"column":9},"end":{"line":12,"column":37}}}},"statementMap":{"1":{"start":{"line":3,"column":0},"end":{"line":3,"column":38}},"2":{"start":{"line":4,"column":0},"end":{"line":4,"column":32}},"3":{"start":{"line":5,"column":0},"end":{"line":5,"column":32}},"4":{"start":{"line":6,"column":0},"end":{"line":6,"column":34}},"5":{"start":{"line":7,"column":0},"end":{"line":7,"column":36}},"6":{"start":{"line":8,"column":0},"end":{"line":8,"column":29}},"7":{"start":{"line":11,"column":0},"end":{"line":20,"column":1}},"8":{"start":{"line":13,"column":4},"end":{"line":16,"column":17}},"9":{"start":{"line":17,"column":4},"end":{"line":17,"column":45}},"10":{"start":{"line":18,"column":4},"end":{"line":18,"column":18}},"11":{"start":{"line":22,"column":0},"end":{"line":31,"column":1}}},"branchMap":{},"code":["// index module","","var constants = require('./constants')","var Server = require('./server')","var runner = require('./runner')","var stopper = require('./stopper')","var launcher = require('./launcher')","var cfg = require('./config')","","// TODO: remove in 1.0","var oldServer = {","  start: function (cliOptions, done) {","    console.error('WARN `start` method is deprecated since 0.13. It will be removed in 0.14. Please use \\n' +","      '  server = new Server(config, [done])\\n' +","      '  server.start()\\n' +","      'instead.')","    var server = new Server(cliOptions, done)","    server.start()","  }","}","","module.exports = {","  constants: constants,","  VERSION: constants.VERSION,","  Server: Server,","  runner: runner,","  stopper: stopper,","  launcher: launcher,","  config: { parseConfig: cfg.parseConfig }, // lets start with only opening up the `parseConfig` api","  server: oldServer","}",""],"l":{"3":1,"4":1,"5":1,"6":1,"7":1,"8":1,"11":1,"13":0,"17":0,"18":0,"22":1}},"/home/travis/build/npmtest/node-npmtest-karma/karma/lib/constants.js":{"path":"/home/travis/build/npmtest/node-npmtest-karma/karma/lib/constants.js","s":{"1":1,"2":1,"3":1,"4":1,"5":1,"6":1,"7":1,"8":1,"9":1,"10":1,"11":1,"12":1,"13":1,"14":1,"15":1,"16":1,"17":1,"18":1},"b":{"1":[1,0],"2":[1,1],"3":[1,1]},"f":{},"fnMap":{},"statementMap":{"1":{"start":{"line":1,"column":0},"end":{"line":1,"column":31}},"2":{"start":{"line":2,"column":0},"end":{"line":2,"column":26}},"3":{"start":{"line":4,"column":0},"end":{"line":4,"column":90}},"4":{"start":{"line":6,"column":0},"end":{"line":6,"column":29}},"5":{"start":{"line":8,"column":0},"end":{"line":8,"column":47}},"6":{"start":{"line":9,"column":0},"end":{"line":9,"column":56}},"7":{"start":{"line":10,"column":0},"end":{"line":10,"column":66}},"8":{"start":{"line":13,"column":0},"end":{"line":13,"column":27}},"9":{"start":{"line":14,"column":0},"end":{"line":14,"column":27}},"10":{"start":{"line":15,"column":0},"end":{"line":15,"column":25}},"11":{"start":{"line":16,"column":0},"end":{"line":16,"column":25}},"12":{"start":{"line":17,"column":0},"end":{"line":17,"column":27}},"13":{"start":{"line":18,"column":0},"end":{"line":18,"column":23}},"14":{"start":{"line":19,"column":0},"end":{"line":26,"column":1}},"15":{"start":{"line":29,"column":0},"end":{"line":29,"column":50}},"16":{"start":{"line":30,"column":0},"end":{"line":30,"column":49}},"17":{"start":{"line":33,"column":0},"end":{"line":39,"column":1}},"18":{"start":{"line":41,"column":0},"end":{"line":41,"column":30}}},"branchMap":{"1":{"line":8,"type":"binary-expr","locations":[{"start":{"line":8,"column":23},"end":{"line":8,"column":39}},{"start":{"line":8,"column":43},"end":{"line":8,"column":47}}]},"2":{"line":9,"type":"binary-expr","locations":[{"start":{"line":9,"column":27},"end":{"line":9,"column":41}},{"start":{"line":9,"column":45},"end":{"line":9,"column":56}}]},"3":{"line":10,"type":"binary-expr","locations":[{"start":{"line":10,"column":30},"end":{"line":10,"column":53}},{"start":{"line":10,"column":57},"end":{"line":10,"column":66}}]}},"code":["var fs = require('graceful-fs')","var path = require('path')","","var pkg = JSON.parse(fs.readFileSync(path.join(__dirname, '/../package.json')).toString())","","exports.VERSION = pkg.version","","exports.DEFAULT_PORT = process.env.PORT || 9876","exports.DEFAULT_HOSTNAME = process.env.IP || 'localhost'","exports.DEFAULT_LISTEN_ADDR = process.env.LISTEN_ADDR || '0.0.0.0'","","// log levels","exports.LOG_DISABLE = 'OFF'","exports.LOG_ERROR = 'ERROR'","exports.LOG_WARN = 'WARN'","exports.LOG_INFO = 'INFO'","exports.LOG_DEBUG = 'DEBUG'","exports.LOG_LOG = 'LOG'","exports.LOG_PRIORITIES = [","  exports.LOG_DISABLE,","  exports.LOG_ERROR,","  exports.LOG_WARN,","  exports.LOG_INFO,","  exports.LOG_DEBUG,","  exports.LOG_LOG","]","","// Default patterns for the pattern layout.","exports.COLOR_PATTERN = '%[%d{DATE}:%p [%c]: %]%m'","exports.NO_COLOR_PATTERN = '%d{DATE}:%p [%c]: %m'","","// Default console appender","exports.CONSOLE_APPENDER = {","  type: 'console',","  layout: {","    type: 'pattern',","    pattern: exports.COLOR_PATTERN","  }","}","","exports.EXIT_CODE = '\\x1FEXIT'",""],"l":{"1":1,"2":1,"4":1,"6":1,"8":1,"9":1,"10":1,"13":1,"14":1,"15":1,"16":1,"17":1,"18":1,"19":1,"29":1,"30":1,"33":1,"41":1}},"/home/travis/build/npmtest/node-npmtest-karma/karma/lib/server.js":{"path":"/home/travis/build/npmtest/node-npmtest-karma/karma/lib/server.js","s":{"1":1,"2":1,"3":1,"4":1,"5":1,"6":1,"7":1,"8":1,"9":1,"10":1,"11":1,"12":1,"13":1,"14":1,"15":1,"16":1,"17":1,"18":1,"19":1,"20":1,"21":1,"22":1,"23":1,"24":1,"25":1,"26":1,"27":1,"28":1,"29":0,"30":0,"31":0,"32":1,"33":0,"34":0,"35":0,"36":0,"37":0,"38":0,"39":0,"40":0,"41":0,"42":0,"43":0,"44":1,"45":1,"46":0,"47":1,"48":0,"49":0,"50":1,"51":0,"52":1,"53":0,"54":0,"55":0,"56":1,"57":0,"58":0,"59":0,"60":0,"61":0,"62":0,"63":0,"64":0,"65":0,"66":0,"67":0,"68":0,"69":0,"70":0,"71":0,"72":0,"73":0,"74":0,"75":0,"76":0,"77":0,"78":0,"79":0,"80":0,"81":0,"82":0,"83":0,"84":0,"85":0,"86":0,"87":0,"88":0,"89":0,"90":0,"91":0,"92":0,"93":0,"94":0,"95":0,"96":0,"97":0,"98":0,"99":0,"100":0,"101":0,"102":0,"103":0,"104":0,"105":0,"106":0,"107":0,"108":0,"109":0,"110":0,"111":0,"112":0,"113":0,"114":0,"115":0,"116":0,"117":0,"118":0,"119":0,"120":0,"121":0,"122":0,"123":0,"124":0,"125":0,"126":0,"127":0,"128":0,"129":0,"130":0,"131":0,"132":0,"133":0,"134":0,"135":0,"136":0,"137":0,"138":0,"139":0,"140":0,"141":0,"142":0,"143":0,"144":0,"145":0,"146":0,"147":0,"148":0,"149":0,"150":0,"151":0,"152":0,"153":0,"154":0,"155":0,"156":0,"157":0,"158":0,"159":0,"160":0,"161":0,"162":0,"163":0,"164":0,"165":0,"166":0,"167":0,"168":0,"169":0,"170":0,"171":0,"172":0,"173":0,"174":0,"175":0,"176":0,"177":0,"178":0,"179":0,"180":0,"181":0,"182":0,"183":0,"184":0,"185":0,"186":0,"187":0,"188":0,"189":0,"190":0,"191":0,"192":0,"193":0,"194":0,"195":0,"196":0,"197":0,"198":0,"199":0,"200":0,"201":0,"202":0,"203":0,"204":1,"205":0,"206":0,"207":0,"208":0,"209":1,"210":0,"211":0,"212":0,"213":0,"214":0,"215":0,"216":0,"217":0,"218":0,"219":0,"220":0,"221":0,"222":0,"223":1},"b":{"1":[1,0,0],"2":[0,0],"3":[0,0],"4":[0,0],"5":[0,0],"6":[0,0],"7":[0,0],"8":[0,0],"9":[0,0],"10":[0,0],"11":[0,0],"12":[0,0],"13":[0,0],"14":[0,0],"15":[0,0],"16":[0,0],"17":[0,0],"18":[0,0],"19":[0,0],"20":[0,0],"21":[0,0],"22":[0,0],"23":[0,0],"24":[0,0],"25":[0,0],"26":[0,0],"27":[0,0],"28":[0,0],"29":[0,0],"30":[0,0],"31":[0,0],"32":[0,0],"33":[0,0],"34":[0,0],"35":[0,0],"36":[0,0],"37":[0,0],"38":[0,0],"39":[0,0],"40":[0,0],"41":[0,0]},"f":{"1":0,"2":0,"3":0,"4":0,"5":0,"6":0,"7":0,"8":0,"9":0,"10":0,"11":0,"12":0,"13":0,"14":0,"15":0,"16":0,"17":0,"18":0,"19":0,"20":0,"21":0,"22":0,"23":0,"24":0,"25":0,"26":0,"27":0,"28":0,"29":0,"30":0,"31":0,"32":0,"33":0,"34":0,"35":0,"36":0,"37":0,"38":0,"39":0},"fnMap":{"1":{"name":"createSocketIoServer","line":31,"loc":{"start":{"line":31,"column":0},"end":{"line":31,"column":60}}},"2":{"name":"(anonymous_2)","line":47,"loc":{"start":{"line":47,"column":13},"end":{"line":47,"column":41}}},"3":{"name":"(anonymous_3)","line":79,"loc":{"start":{"line":79,"column":18},"end":{"line":79,"column":30}}},"4":{"name":"(anonymous_4)","line":82,"loc":{"start":{"line":82,"column":20},"end":{"line":82,"column":41}}},"5":{"name":"(anonymous_5)","line":102,"loc":{"start":{"line":102,"column":25},"end":{"line":102,"column":37}}},"6":{"name":"(anonymous_6)","line":110,"loc":{"start":{"line":110,"column":15},"end":{"line":110,"column":43}}},"7":{"name":"(anonymous_7)","line":118,"loc":{"start":{"line":118,"column":23},"end":{"line":118,"column":40}}},"8":{"name":"(anonymous_8)","line":123,"loc":{"start":{"line":123,"column":32},"end":{"line":123,"column":44}}},"9":{"name":"(anonymous_9)","line":132,"loc":{"start":{"line":132,"column":26},"end":{"line":133,"column":70}}},"10":{"name":"(anonymous_10)","line":142,"loc":{"start":{"line":142,"column":28},"end":{"line":142,"column":49}}},"11":{"name":"(anonymous_11)","line":159,"loc":{"start":{"line":159,"column":24},"end":{"line":159,"column":37}}},"12":{"name":"(anonymous_12)","line":169,"loc":{"start":{"line":169,"column":24},"end":{"line":169,"column":36}}},"13":{"name":"(anonymous_13)","line":174,"loc":{"start":{"line":174,"column":56},"end":{"line":174,"column":68}}},"14":{"name":"(anonymous_14)","line":180,"loc":{"start":{"line":180,"column":65},"end":{"line":180,"column":92}}},"15":{"name":"(anonymous_15)","line":195,"loc":{"start":{"line":195,"column":29},"end":{"line":195,"column":41}}},"16":{"name":"(anonymous_16)","line":200,"loc":{"start":{"line":200,"column":30},"end":{"line":200,"column":49}}},"17":{"name":"(anonymous_17)","line":221,"loc":{"start":{"line":221,"column":27},"end":{"line":221,"column":62}}},"18":{"name":"(anonymous_18)","line":227,"loc":{"start":{"line":227,"column":55},"end":{"line":227,"column":68}}},"19":{"name":"(anonymous_19)","line":236,"loc":{"start":{"line":236,"column":40},"end":{"line":236,"column":58}}},"20":{"name":"(anonymous_20)","line":241,"loc":{"start":{"line":241,"column":26},"end":{"line":241,"column":47}}},"21":{"name":"(anonymous_21)","line":245,"loc":{"start":{"line":245,"column":26},"end":{"line":245,"column":42}}},"22":{"name":"(anonymous_22)","line":281,"loc":{"start":{"line":281,"column":41},"end":{"line":281,"column":53}}},"23":{"name":"(anonymous_23)","line":283,"loc":{"start":{"line":283,"column":59},"end":{"line":283,"column":81}}},"24":{"name":"(anonymous_24)","line":299,"loc":{"start":{"line":299,"column":30},"end":{"line":299,"column":58}}},"25":{"name":"(anonymous_25)","line":314,"loc":{"start":{"line":314,"column":39},"end":{"line":314,"column":67}}},"26":{"name":"(anonymous_26)","line":318,"loc":{"start":{"line":318,"column":53},"end":{"line":318,"column":81}}},"27":{"name":"(anonymous_27)","line":329,"loc":{"start":{"line":329,"column":39},"end":{"line":329,"column":66}}},"28":{"name":"(anonymous_28)","line":336,"loc":{"start":{"line":336,"column":28},"end":{"line":336,"column":57}}},"29":{"name":"(anonymous_29)","line":345,"loc":{"start":{"line":345,"column":34},"end":{"line":345,"column":46}}},"30":{"name":"(anonymous_30)","line":355,"loc":{"start":{"line":355,"column":27},"end":{"line":355,"column":43}}},"31":{"name":"(anonymous_31)","line":361,"loc":{"start":{"line":361,"column":33},"end":{"line":361,"column":47}}},"32":{"name":"(anonymous_32)","line":372,"loc":{"start":{"line":372,"column":29},"end":{"line":372,"column":41}}},"33":{"name":"(anonymous_33)","line":383,"loc":{"start":{"line":383,"column":32},"end":{"line":383,"column":44}}},"34":{"name":"(anonymous_34)","line":389,"loc":{"start":{"line":389,"column":22},"end":{"line":389,"column":34}}},"35":{"name":"(anonymous_35)","line":396,"loc":{"start":{"line":396,"column":30},"end":{"line":396,"column":42}}},"36":{"name":"(anonymous_36)","line":403,"loc":{"start":{"line":403,"column":41},"end":{"line":403,"column":58}}},"37":{"name":"(anonymous_37)","line":409,"loc":{"start":{"line":409,"column":43},"end":{"line":409,"column":55}}},"38":{"name":"(anonymous_38)","line":411,"loc":{"start":{"line":411,"column":24},"end":{"line":411,"column":46}}},"39":{"name":"(anonymous_39)","line":417,"loc":{"start":{"line":417,"column":27},"end":{"line":417,"column":51}}}},"statementMap":{"1":{"start":{"line":1,"column":0},"end":{"line":1,"column":35}},"2":{"start":{"line":2,"column":0},"end":{"line":2,"column":22}},"3":{"start":{"line":3,"column":0},"end":{"line":3,"column":26}},"4":{"start":{"line":4,"column":0},"end":{"line":4,"column":33}},"5":{"start":{"line":5,"column":0},"end":{"line":5,"column":42}},"6":{"start":{"line":6,"column":0},"end":{"line":6,"column":24}},"7":{"start":{"line":7,"column":0},"end":{"line":7,"column":22}},"8":{"start":{"line":8,"column":0},"end":{"line":8,"column":26}},"9":{"start":{"line":9,"column":0},"end":{"line":9,"column":35}},"10":{"start":{"line":11,"column":0},"end":{"line":11,"column":29}},"11":{"start":{"line":12,"column":0},"end":{"line":12,"column":32}},"12":{"start":{"line":13,"column":0},"end":{"line":13,"column":37}},"13":{"start":{"line":14,"column":0},"end":{"line":14,"column":34}},"14":{"start":{"line":15,"column":0},"end":{"line":15,"column":32}},"15":{"start":{"line":17,"column":0},"end":{"line":17,"column":32}},"16":{"start":{"line":18,"column":0},"end":{"line":18,"column":44}},"17":{"start":{"line":19,"column":0},"end":{"line":19,"column":45}},"18":{"start":{"line":20,"column":0},"end":{"line":20,"column":37}},"19":{"start":{"line":21,"column":0},"end":{"line":21,"column":36}},"20":{"start":{"line":22,"column":0},"end":{"line":22,"column":32}},"21":{"start":{"line":23,"column":0},"end":{"line":23,"column":32}},"22":{"start":{"line":24,"column":0},"end":{"line":24,"column":38}},"23":{"start":{"line":25,"column":0},"end":{"line":25,"column":36}},"24":{"start":{"line":26,"column":0},"end":{"line":26,"column":34}},"25":{"start":{"line":27,"column":0},"end":{"line":27,"column":55}},"26":{"start":{"line":28,"column":0},"end":{"line":28,"column":49}},"27":{"start":{"line":29,"column":0},"end":{"line":29,"column":48}},"28":{"start":{"line":31,"column":0},"end":{"line":44,"column":1}},"29":{"start":{"line":32,"column":2},"end":{"line":38,"column":4}},"30":{"start":{"line":41,"column":2},"end":{"line":41,"column":43}},"31":{"start":{"line":43,"column":2},"end":{"line":43,"column":15}},"32":{"start":{"line":47,"column":0},"end":{"line":93,"column":1}},"33":{"start":{"line":48,"column":2},"end":{"line":48,"column":25}},"34":{"start":{"line":50,"column":2},"end":{"line":50,"column":36}},"35":{"start":{"line":52,"column":2},"end":{"line":52,"column":28}},"36":{"start":{"line":54,"column":2},"end":{"line":54,"column":22}},"37":{"start":{"line":56,"column":2},"end":{"line":56,"column":65}},"38":{"start":{"line":58,"column":2},"end":{"line":86,"column":4}},"39":{"start":{"line":80,"column":8},"end":{"line":80,"column":48}},"40":{"start":{"line":83,"column":8},"end":{"line":83,"column":31}},"41":{"start":{"line":88,"column":2},"end":{"line":88,"column":32}},"42":{"start":{"line":90,"column":2},"end":{"line":90,"column":64}},"43":{"start":{"line":92,"column":2},"end":{"line":92,"column":43}},"44":{"start":{"line":96,"column":0},"end":{"line":96,"column":35}},"45":{"start":{"line":102,"column":0},"end":{"line":104,"column":1}},"46":{"start":{"line":103,"column":2},"end":{"line":103,"column":42}},"47":{"start":{"line":110,"column":0},"end":{"line":113,"column":1}},"48":{"start":{"line":111,"column":2},"end":{"line":111,"column":43}},"49":{"start":{"line":112,"column":2},"end":{"line":112,"column":16}},"50":{"start":{"line":118,"column":0},"end":{"line":120,"column":1}},"51":{"start":{"line":119,"column":2},"end":{"line":119,"column":34}},"52":{"start":{"line":123,"column":0},"end":{"line":127,"column":1}},"53":{"start":{"line":124,"column":2},"end":{"line":124,"column":47}},"54":{"start":{"line":124,"column":23},"end":{"line":124,"column":47}},"55":{"start":{"line":126,"column":2},"end":{"line":126,"column":33}},"56":{"start":{"line":132,"column":0},"end":{"line":407,"column":1}},"57":{"start":{"line":134,"column":2},"end":{"line":134,"column":17}},"58":{"start":{"line":135,"column":2},"end":{"line":138,"column":3}},"59":{"start":{"line":136,"column":4},"end":{"line":136,"column":30}},"60":{"start":{"line":137,"column":4},"end":{"line":137,"column":10}},"61":{"start":{"line":140,"column":2},"end":{"line":140,"column":27}},"62":{"start":{"line":142,"column":2},"end":{"line":144,"column":4}},"63":{"start":{"line":143,"column":4},"end":{"line":143,"column":48}},"64":{"start":{"line":146,"column":2},"end":{"line":146,"column":49}},"65":{"start":{"line":147,"column":2},"end":{"line":147,"column":55}},"66":{"start":{"line":150,"column":2},"end":{"line":150,"column":49}},"67":{"start":{"line":154,"column":2},"end":{"line":154,"column":67}},"68":{"start":{"line":157,"column":2},"end":{"line":157,"column":41}},"69":{"start":{"line":159,"column":2},"end":{"line":167,"column":4}},"70":{"start":{"line":160,"column":4},"end":{"line":166,"column":5}},"71":{"start":{"line":161,"column":6},"end":{"line":161,"column":50}},"72":{"start":{"line":162,"column":6},"end":{"line":162,"column":19}},"73":{"start":{"line":163,"column":6},"end":{"line":163,"column":57}},"74":{"start":{"line":165,"column":6},"end":{"line":165,"column":13}},"75":{"start":{"line":169,"column":2},"end":{"line":191,"column":3}},"76":{"start":{"line":170,"column":4},"end":{"line":172,"column":5}},"77":{"start":{"line":171,"column":6},"end":{"line":171,"column":42}},"78":{"start":{"line":174,"column":4},"end":{"line":190,"column":6}},"79":{"start":{"line":175,"column":6},"end":{"line":176,"column":75}},"80":{"start":{"line":178,"column":6},"end":{"line":178,"column":41}},"81":{"start":{"line":179,"column":6},"end":{"line":183,"column":7}},"82":{"start":{"line":180,"column":8},"end":{"line":182,"column":10}},"83":{"start":{"line":181,"column":10},"end":{"line":181,"column":59}},"84":{"start":{"line":184,"column":6},"end":{"line":184,"column":47}},"85":{"start":{"line":185,"column":6},"end":{"line":189,"column":7}},"86":{"start":{"line":186,"column":8},"end":{"line":186,"column":92}},"87":{"start":{"line":187,"column":8},"end":{"line":187,"column":28}},"88":{"start":{"line":188,"column":8},"end":{"line":188,"column":43}},"89":{"start":{"line":193,"column":2},"end":{"line":193,"column":59}},"90":{"start":{"line":195,"column":2},"end":{"line":198,"column":4}},"91":{"start":{"line":197,"column":4},"end":{"line":197,"column":67}},"92":{"start":{"line":200,"column":2},"end":{"line":212,"column":4}},"93":{"start":{"line":201,"column":4},"end":{"line":201,"column":37}},"94":{"start":{"line":205,"column":4},"end":{"line":211,"column":5}},"95":{"start":{"line":206,"column":6},"end":{"line":206,"column":33}},"96":{"start":{"line":208,"column":6},"end":{"line":210,"column":7}},"97":{"start":{"line":209,"column":8},"end":{"line":209,"column":27}},"98":{"start":{"line":214,"column":2},"end":{"line":233,"column":3}},"99":{"start":{"line":215,"column":4},"end":{"line":215,"column":70}},"100":{"start":{"line":216,"column":4},"end":{"line":216,"column":76}},"101":{"start":{"line":217,"column":4},"end":{"line":217,"column":57}},"102":{"start":{"line":218,"column":4},"end":{"line":218,"column":68}},"103":{"start":{"line":219,"column":4},"end":{"line":219,"column":54}},"104":{"start":{"line":220,"column":4},"end":{"line":220,"column":58}},"105":{"start":{"line":221,"column":4},"end":{"line":232,"column":6}},"106":{"start":{"line":222,"column":6},"end":{"line":222,"column":83}},"107":{"start":{"line":222,"column":77},"end":{"line":222,"column":83}},"108":{"start":{"line":223,"column":6},"end":{"line":225,"column":7}},"109":{"start":{"line":224,"column":8},"end":{"line":224,"column":75}},"110":{"start":{"line":226,"column":6},"end":{"line":226,"column":103}},"111":{"start":{"line":227,"column":6},"end":{"line":229,"column":8}},"112":{"start":{"line":228,"column":8},"end":{"line":228,"column":24}},"113":{"start":{"line":230,"column":6},"end":{"line":230,"column":67}},"114":{"start":{"line":231,"column":6},"end":{"line":231,"column":48}},"115":{"start":{"line":235,"column":2},"end":{"line":235,"column":78}},"116":{"start":{"line":236,"column":2},"end":{"line":279,"column":4}},"117":{"start":{"line":237,"column":4},"end":{"line":237,"column":68}},"118":{"start":{"line":239,"column":4},"end":{"line":239,"column":72}},"119":{"start":{"line":241,"column":4},"end":{"line":243,"column":6}},"120":{"start":{"line":242,"column":6},"end":{"line":242,"column":11}},"121":{"start":{"line":245,"column":4},"end":{"line":278,"column":6}},"122":{"start":{"line":246,"column":6},"end":{"line":246,"column":20}},"123":{"start":{"line":247,"column":6},"end":{"line":247,"column":19}},"124":{"start":{"line":249,"column":6},"end":{"line":251,"column":7}},"125":{"start":{"line":250,"column":8},"end":{"line":250,"column":92}},"126":{"start":{"line":253,"column":6},"end":{"line":275,"column":7}},"127":{"start":{"line":254,"column":8},"end":{"line":254,"column":67}},"128":{"start":{"line":255,"column":8},"end":{"line":255,"column":36}},"129":{"start":{"line":258,"column":8},"end":{"line":260,"column":9}},"130":{"start":{"line":259,"column":10},"end":{"line":259,"column":43}},"131":{"start":{"line":262,"column":8},"end":{"line":266,"column":32}},"132":{"start":{"line":268,"column":8},"end":{"line":268,"column":25}},"133":{"start":{"line":271,"column":8},"end":{"line":274,"column":9}},"134":{"start":{"line":272,"column":10},"end":{"line":272,"column":43}},"135":{"start":{"line":273,"column":10},"end":{"line":273,"column":43}},"136":{"start":{"line":277,"column":6},"end":{"line":277,"column":25}},"137":{"start":{"line":281,"column":2},"end":{"line":297,"column":3}},"138":{"start":{"line":283,"column":4},"end":{"line":285,"column":12}},"139":{"start":{"line":284,"column":6},"end":{"line":284,"column":48}},"140":{"start":{"line":287,"column":4},"end":{"line":296,"column":5}},"141":{"start":{"line":288,"column":6},"end":{"line":288,"column":50}},"142":{"start":{"line":289,"column":6},"end":{"line":294,"column":7}},"143":{"start":{"line":290,"column":8},"end":{"line":290,"column":28}},"144":{"start":{"line":291,"column":13},"end":{"line":294,"column":7}},"145":{"start":{"line":292,"column":8},"end":{"line":292,"column":28}},"146":{"start":{"line":293,"column":8},"end":{"line":293,"column":46}},"147":{"start":{"line":295,"column":6},"end":{"line":295,"column":59}},"148":{"start":{"line":299,"column":2},"end":{"line":311,"column":4}},"149":{"start":{"line":300,"column":4},"end":{"line":310,"column":5}},"150":{"start":{"line":302,"column":6},"end":{"line":303,"column":77}},"151":{"start":{"line":305,"column":6},"end":{"line":307,"column":7}},"152":{"start":{"line":306,"column":8},"end":{"line":306,"column":62}},"153":{"start":{"line":309,"column":6},"end":{"line":309,"column":74}},"154":{"start":{"line":313,"column":2},"end":{"line":342,"column":3}},"155":{"start":{"line":314,"column":4},"end":{"line":317,"column":6}},"156":{"start":{"line":315,"column":6},"end":{"line":315,"column":55}},"157":{"start":{"line":316,"column":6},"end":{"line":316,"column":40}},"158":{"start":{"line":318,"column":4},"end":{"line":327,"column":6}},"159":{"start":{"line":319,"column":6},"end":{"line":319,"column":55}},"160":{"start":{"line":321,"column":6},"end":{"line":324,"column":7}},"161":{"start":{"line":323,"column":8},"end":{"line":323,"column":59}},"162":{"start":{"line":326,"column":6},"end":{"line":326,"column":40}},"163":{"start":{"line":329,"column":4},"end":{"line":334,"column":6}},"164":{"start":{"line":330,"column":6},"end":{"line":330,"column":54}},"165":{"start":{"line":331,"column":6},"end":{"line":331,"column":40}},"166":{"start":{"line":333,"column":6},"end":{"line":333,"column":40}},"167":{"start":{"line":336,"column":4},"end":{"line":339,"column":6}},"168":{"start":{"line":337,"column":6},"end":{"line":337,"column":46}},"169":{"start":{"line":338,"column":6},"end":{"line":338,"column":42}},"170":{"start":{"line":341,"column":4},"end":{"line":341,"column":45}},"171":{"start":{"line":344,"column":2},"end":{"line":352,"column":3}},"172":{"start":{"line":345,"column":4},"end":{"line":351,"column":6}},"173":{"start":{"line":346,"column":6},"end":{"line":346,"column":68}},"174":{"start":{"line":347,"column":6},"end":{"line":349,"column":7}},"175":{"start":{"line":348,"column":8},"end":{"line":348,"column":41}},"176":{"start":{"line":350,"column":6},"end":{"line":350,"column":25}},"177":{"start":{"line":354,"column":2},"end":{"line":354,"column":34}},"178":{"start":{"line":355,"column":2},"end":{"line":394,"column":3}},"179":{"start":{"line":359,"column":4},"end":{"line":359,"column":46}},"180":{"start":{"line":361,"column":4},"end":{"line":369,"column":6}},"181":{"start":{"line":362,"column":6},"end":{"line":362,"column":30}},"182":{"start":{"line":363,"column":6},"end":{"line":363,"column":45}},"183":{"start":{"line":364,"column":6},"end":{"line":368,"column":7}},"184":{"start":{"line":367,"column":8},"end":{"line":367,"column":56}},"185":{"start":{"line":371,"column":4},"end":{"line":371,"column":38}},"186":{"start":{"line":372,"column":4},"end":{"line":381,"column":5}},"187":{"start":{"line":374,"column":6},"end":{"line":376,"column":7}},"188":{"start":{"line":375,"column":8},"end":{"line":375,"column":14}},"189":{"start":{"line":377,"column":6},"end":{"line":377,"column":35}},"190":{"start":{"line":378,"column":6},"end":{"line":378,"column":36}},"191":{"start":{"line":379,"column":6},"end":{"line":379,"column":41}},"192":{"start":{"line":380,"column":6},"end":{"line":380,"column":21}},"193":{"start":{"line":383,"column":4},"end":{"line":393,"column":6}},"194":{"start":{"line":386,"column":6},"end":{"line":386,"column":78}},"195":{"start":{"line":389,"column":6},"end":{"line":392,"column":8}},"196":{"start":{"line":390,"column":8},"end":{"line":390,"column":34}},"197":{"start":{"line":391,"column":8},"end":{"line":391,"column":28}},"198":{"start":{"line":396,"column":2},"end":{"line":398,"column":4}},"199":{"start":{"line":397,"column":4},"end":{"line":397,"column":40}},"200":{"start":{"line":399,"column":2},"end":{"line":399,"column":50}},"201":{"start":{"line":403,"column":2},"end":{"line":406,"column":4}},"202":{"start":{"line":404,"column":4},"end":{"line":404,"column":25}},"203":{"start":{"line":405,"column":4},"end":{"line":405,"column":25}},"204":{"start":{"line":409,"column":0},"end":{"line":415,"column":1}},"205":{"start":{"line":410,"column":2},"end":{"line":410,"column":17}},"206":{"start":{"line":411,"column":2},"end":{"line":414,"column":4}},"207":{"start":{"line":412,"column":4},"end":{"line":412,"column":81}},"208":{"start":{"line":413,"column":4},"end":{"line":413,"column":38}},"209":{"start":{"line":417,"column":0},"end":{"line":436,"column":1}},"210":{"start":{"line":418,"column":2},"end":{"line":418,"column":20}},"211":{"start":{"line":419,"column":2},"end":{"line":419,"column":42}},"212":{"start":{"line":420,"column":2},"end":{"line":420,"column":37}},"213":{"start":{"line":421,"column":2},"end":{"line":421,"column":50}},"214":{"start":{"line":422,"column":2},"end":{"line":422,"column":58}},"215":{"start":{"line":423,"column":2},"end":{"line":423,"column":25}},"216":{"start":{"line":424,"column":2},"end":{"line":430,"column":3}},"217":{"start":{"line":425,"column":4},"end":{"line":425,"column":66}},"218":{"start":{"line":427,"column":4},"end":{"line":427,"column":60}},"219":{"start":{"line":428,"column":4},"end":{"line":428,"column":11}},"220":{"start":{"line":429,"column":4},"end":{"line":429,"column":10}},"221":{"start":{"line":431,"column":2},"end":{"line":434,"column":4}},"222":{"start":{"line":435,"column":2},"end":{"line":435,"column":15}},"223":{"start":{"line":441,"column":0},"end":{"line":441,"column":23}}},"branchMap":{"1":{"line":9,"type":"binary-expr","locations":[{"start":{"line":9,"column":11},"end":{"line":9,"column":17}},{"start":{"line":9,"column":21},"end":{"line":9,"column":27}},{"start":{"line":9,"column":31},"end":{"line":9,"column":35}}]},"2":{"line":61,"type":"binary-expr","locations":[{"start":{"line":61,"column":20},"end":{"line":61,"column":24}},{"start":{"line":61,"column":28},"end":{"line":61,"column":40}}]},"3":{"line":124,"type":"if","locations":[{"start":{"line":124,"column":2},"end":{"line":124,"column":2}},{"start":{"line":124,"column":2},"end":{"line":124,"column":2}}]},"4":{"line":135,"type":"if","locations":[{"start":{"line":135,"column":2},"end":{"line":135,"column":2}},{"start":{"line":135,"column":2},"end":{"line":135,"column":2}}]},"5":{"line":160,"type":"if","locations":[{"start":{"line":160,"column":4},"end":{"line":160,"column":4}},{"start":{"line":160,"column":4},"end":{"line":160,"column":4}}]},"6":{"line":170,"type":"if","locations":[{"start":{"line":170,"column":4},"end":{"line":170,"column":4}},{"start":{"line":170,"column":4},"end":{"line":170,"column":4}}]},"7":{"line":179,"type":"if","locations":[{"start":{"line":179,"column":6},"end":{"line":179,"column":6}},{"start":{"line":179,"column":6},"end":{"line":179,"column":6}}]},"8":{"line":179,"type":"binary-expr","locations":[{"start":{"line":179,"column":10},"end":{"line":179,"column":25}},{"start":{"line":179,"column":29},"end":{"line":179,"column":51}}]},"9":{"line":185,"type":"if","locations":[{"start":{"line":185,"column":6},"end":{"line":185,"column":6}},{"start":{"line":185,"column":6},"end":{"line":185,"column":6}}]},"10":{"line":186,"type":"cond-expr","locations":[{"start":{"line":186,"column":83},"end":{"line":186,"column":85}},{"start":{"line":186,"column":88},"end":{"line":186,"column":91}}]},"11":{"line":205,"type":"if","locations":[{"start":{"line":205,"column":4},"end":{"line":205,"column":4}},{"start":{"line":205,"column":4},"end":{"line":205,"column":4}}]},"12":{"line":208,"type":"if","locations":[{"start":{"line":208,"column":6},"end":{"line":208,"column":6}},{"start":{"line":208,"column":6},"end":{"line":208,"column":6}}]},"13":{"line":214,"type":"if","locations":[{"start":{"line":214,"column":2},"end":{"line":214,"column":2}},{"start":{"line":214,"column":2},"end":{"line":214,"column":2}}]},"14":{"line":214,"type":"binary-expr","locations":[{"start":{"line":214,"column":6},"end":{"line":214,"column":37}},{"start":{"line":214,"column":41},"end":{"line":214,"column":77}}]},"15":{"line":215,"type":"binary-expr","locations":[{"start":{"line":215,"column":22},"end":{"line":215,"column":59}},{"start":{"line":215,"column":63},"end":{"line":215,"column":70}}]},"16":{"line":216,"type":"binary-expr","locations":[{"start":{"line":216,"column":23},"end":{"line":216,"column":61}},{"start":{"line":216,"column":65},"end":{"line":216,"column":76}}]},"17":{"line":222,"type":"if","locations":[{"start":{"line":222,"column":6},"end":{"line":222,"column":6}},{"start":{"line":222,"column":6},"end":{"line":222,"column":6}}]},"18":{"line":223,"type":"if","locations":[{"start":{"line":223,"column":6},"end":{"line":223,"column":6}},{"start":{"line":223,"column":6},"end":{"line":223,"column":6}}]},"19":{"line":249,"type":"if","locations":[{"start":{"line":249,"column":6},"end":{"line":249,"column":6}},{"start":{"line":249,"column":6},"end":{"line":249,"column":6}}]},"20":{"line":250,"type":"binary-expr","locations":[{"start":{"line":250,"column":21},"end":{"line":250,"column":54}},{"start":{"line":250,"column":58},"end":{"line":250,"column":92}}]},"21":{"line":253,"type":"if","locations":[{"start":{"line":253,"column":6},"end":{"line":253,"column":6}},{"start":{"line":253,"column":6},"end":{"line":253,"column":6}}]},"22":{"line":258,"type":"if","locations":[{"start":{"line":258,"column":8},"end":{"line":258,"column":8}},{"start":{"line":258,"column":8},"end":{"line":258,"column":8}}]},"23":{"line":258,"type":"binary-expr","locations":[{"start":{"line":258,"column":12},"end":{"line":258,"column":21}},{"start":{"line":258,"column":25},"
[...]
ine":27,"column":6},"end":{"line":27,"column":6}},{"start":{"line":27,"column":6},"end":{"line":27,"column":6}}]},"4":{"line":44,"type":"binary-expr","locations":[{"start":{"line":44,"column":19},"end":{"line":44,"column":31}},{"start":{"line":44,"column":35},"end":{"line":44,"column":37}}]},"5":{"line":47,"type":"if","locations":[{"start":{"line":47,"column":6},"end":{"line":47,"column":6}},{"start":{"line":47,"column":6},"end":{"line":47,"column":6}}]},"6":{"line":65,"type":"binary-expr","locations":[{"start":{"line":65,"column":23},"end":{"line":65,"column":37}},{"start":{"line":65,"column":41},"end":{"line":65,"column":65}}]},"7":{"line":66,"type":"binary-expr","locations":[{"start":{"line":66,"column":30},"end":{"line":66,"column":51}},{"start":{"line":66,"column":55},"end":{"line":66,"column":86}}]},"8":{"line":71,"type":"cond-expr","locations":[{"start":{"line":71,"column":81},"end":{"line":71,"column":82}},{"start":{"line":71,"column":85},"end":{"line":71,"column":86}}]},"9":{"line":71,"type":"binary-expr","locations":[{"start":{"line":71,"column":23},"end":{"line":71,"column":37}},{"start":{"line":71,"column":41},"end":{"line":71,"column":54}},{"start":{"line":71,"column":58},"end":{"line":71,"column":78}}]}},"code":["var EXECUTING = require('./browser').STATE_EXECUTING","var Result = require('./browser_result')","","var Collection = function (emitter, browsers) {","  browsers = browsers || []","","  this.add = function (browser) {","    browsers.push(browser)","    emitter.emit('browsers_change', this)","  }","","  this.remove = function (browser) {","    var index = browsers.indexOf(browser)","","    if (index === -1) {","      return false","    }","","    browsers.splice(index, 1)","    emitter.emit('browsers_change', this)","","    return true","  }","","  this.getById = function (browserId) {","    for (var i = 0; i < browsers.length; i++) {","      if (browsers[i].id === browserId) {","        return browsers[i]","      }","    }","","    return null","  }","","  this.setAllToExecuting = function () {","    browsers.forEach(function (browser) {","      browser.state = EXECUTING","    })","","    emitter.emit('browsers_change', this)","  }","","  this.areAllReady = function (nonReadyList) {","    nonReadyList = nonReadyList || []","","    browsers.forEach(function (browser) {","      if (!browser.isReady()) {","        nonReadyList.push(browser)","      }","    })","","    return nonReadyList.length === 0","  }","","  this.serialize = function () {","    return browsers.map(function (browser) {","      return browser.serialize()","    })","  }","","  this.getResults = function () {","    var results = browsers.reduce(function (previous, current) {","      previous.success += current.lastResult.success","      previous.failed += current.lastResult.failed","      previous.error = previous.error || current.lastResult.error","      previous.disconnected = previous.disconnected || current.lastResult.disconnected","      return previous","    }, {success: 0, failed: 0, error: false, disconnected: false, exitCode: 0})","","    // compute exit status code","    results.exitCode = results.failed || results.error || results.disconnected ? 1 : 0","","    return results","  }","","  // TODO(vojta): can we remove this? (we clear the results per browser in onBrowserStart)","  this.clearResults = function () {","    browsers.forEach(function (browser) {","      browser.lastResult = new Result()","    })","  }","","  this.clone = function () {","    return new Collection(emitter, browsers.slice())","  }","","  // Array APIs","  this.map = function (callback, context) {","    return browsers.map(callback, context)","  }","","  this.forEach = function (callback, context) {","    return browsers.forEach(callback, context)","  }","","  // this.length","  Object.defineProperty(this, 'length', {","    get: function () {","      return browsers.length","    }","  })","}","Collection.$inject = ['emitter']","","module.exports = Collection",""],"l":{"1":1,"2":1,"4":1,"5":0,"7":0,"8":0,"9":0,"12":0,"13":0,"15":0,"16":0,"19":0,"20":0,"22":0,"25":0,"26":0,"27":0,"28":0,"32":0,"35":0,"36":0,"37":0,"40":0,"43":0,"44":0,"46":0,"47":0,"48":0,"52":0,"55":0,"56":0,"57":0,"61":0,"62":0,"63":0,"64":0,"65":0,"66":0,"67":0,"71":0,"73":0,"77":0,"78":0,"79":0,"83":0,"84":0,"88":0,"89":0,"92":0,"93":0,"97":0,"99":0,"103":1,"105":1}},"/home/travis/build/npmtest/node-npmtest-karma/karma/lib/emitter_wrapper.js":{"path":"/home/travis/build/npmtest/node-npmtest-karma/karma/lib/emitter_wrapper.js","s":{"1":1,"2":1,"3":1,"4":1,"5":0,"6":0,"7":0,"8":0,"9":0,"10":1,"11":0,"12":0,"13":0,"14":0,"15":0,"16":0,"17":0,"18":1},"b":{"1":[0,0],"2":[0,0]},"f":{"1":1,"2":0,"3":0,"4":0,"5":0},"fnMap":{"1":{"name":"EmitterWrapper","line":1,"loc":{"start":{"line":1,"column":0},"end":{"line":1,"column":34}}},"2":{"name":"(anonymous_2)","line":6,"loc":{"start":{"line":6,"column":69},"end":{"line":6,"column":96}}},"3":{"name":"(anonymous_3)","line":18,"loc":{"start":{"line":18,"column":46},"end":{"line":18,"column":63}}},"4":{"name":"(anonymous_4)","line":21,"loc":{"start":{"line":21,"column":17},"end":{"line":21,"column":34}}},"5":{"name":"(anonymous_5)","line":22,"loc":{"start":{"line":22,"column":34},"end":{"line":22,"column":54}}}},"statementMap":{"1":{"start":{"line":1,"column":0},"end":{"line":4,"column":1}},"2":{"start":{"line":2,"column":2},"end":{"line":2,"column":21}},"3":{"start":{"line":3,"column":2},"end":{"line":3,"column":24}},"4":{"start":{"line":6,"column":0},"end":{"line":16,"column":1}},"5":{"start":{"line":7,"column":2},"end":{"line":7,"column":43}},"6":{"start":{"line":9,"column":2},"end":{"line":11,"column":3}},"7":{"start":{"line":10,"column":4},"end":{"line":10,"column":30}},"8":{"start":{"line":13,"column":2},"end":{"line":13,"column":38}},"9":{"start":{"line":15,"column":2},"end":{"line":15,"column":13}},"10":{"start":{"line":18,"column":0},"end":{"line":29,"column":1}},"11":{"start":{"line":19,"column":2},"end":{"line":19,"column":60}},"12":{"start":{"line":20,"column":2},"end":{"line":20,"column":17}},"13":{"start":{"line":21,"column":2},"end":{"line":26,"column":4}},"14":{"start":{"line":22,"column":4},"end":{"line":24,"column":6}},"15":{"start":{"line":23,"column":6},"end":{"line":23,"column":50}},"16":{"start":{"line":25,"column":4},"end":{"line":25,"column":32}},"17":{"start":{"line":28,"column":2},"end":{"line":28,"column":13}},"18":{"start":{"line":31,"column":0},"end":{"line":31,"column":31}}},"branchMap":{"1":{"line":9,"type":"if","locations":[{"start":{"line":9,"column":2},"end":{"line":9,"column":2}},{"start":{"line":9,"column":2},"end":{"line":9,"column":2}}]},"2":{"line":19,"type":"cond-expr","locations":[{"start":{"line":19,"column":23},"end":{"line":19,"column":30}},{"start":{"line":19,"column":33},"end":{"line":19,"column":60}}]}},"code":["function EmitterWrapper (emitter) {","  this.listeners = {}","  this.emitter = emitter","}","","EmitterWrapper.prototype.addListener = EmitterWrapper.prototype.on = function (event, listener) {","  this.emitter.addListener(event, listener)","","  if (!this.listeners.hasOwnProperty(event)) {","    this.listeners[event] = []","  }","","  this.listeners[event].push(listener)","","  return this","}","","EmitterWrapper.prototype.removeAllListeners = function (event) {","  var events = event ? [event] : Object.keys(this.listeners)","  var self = this","  events.forEach(function (event) {","    self.listeners[event].forEach(function (listener) {","      self.emitter.removeListener(event, listener)","    })","    delete self.listeners[event]","  })","","  return this","}","","module.exports = EmitterWrapper",""],"l":{"1":1,"2":1,"3":1,"6":1,"7":0,"9":0,"10":0,"13":0,"15":0,"18":1,"19":0,"20":0,"21":0,"22":0,"23":0,"25":0,"28":0,"31":1}},"/home/travis/build/npmtest/node-npmtest-karma/karma/lib/runner.js":{"path":"/home/travis/build/npmtest/node-npmtest-karma/karma/lib/runner.js","s":{"1":1,"2":1,"3":1,"4":1,"5":1,"6":1,"7":1,"8":0,"9":0,"10":0,"11":0,"12":0,"13":0,"14":0,"15":0,"16":0,"17":0,"18":0,"19":0,"20":0,"21":1,"22":0,"23":0,"24":0,"25":0,"26":0,"27":0,"28":0,"29":0,"30":0,"31":0,"32":0,"33":0,"34":0,"35":0,"36":0,"37":0,"38":0,"39":0,"40":0},"b":{"1":[0,0],"2":[0,0],"3":[0,0],"4":[0,0],"5":[0,0],"6":[0,0],"7":[0,0]},"f":{"1":0,"2":0,"3":0,"4":0,"5":0,"6":0},"fnMap":{"1":{"name":"(anonymous_1)","line":9,"loc":{"start":{"line":9,"column":20},"end":{"line":9,"column":73}}},"2":{"name":"(anonymous_2)","line":33,"loc":{"start":{"line":33,"column":14},"end":{"line":33,"column":38}}},"3":{"name":"(anonymous_3)","line":52,"loc":{"start":{"line":52,"column":38},"end":{"line":52,"column":58}}},"4":{"name":"(anonymous_4)","line":53,"loc":{"start":{"line":53,"column":24},"end":{"line":53,"column":42}}},"5":{"name":"(anonymous_5)","line":59,"loc":{"start":{"line":59,"column":23},"end":{"line":59,"column":35}}},"6":{"name":"(anonymous_6)","line":64,"loc":{"start":{"line":64,"column":22},"end":{"line":64,"column":35}}}},"statementMap":{"1":{"start":{"line":1,"column":0},"end":{"line":1,"column":26}},"2":{"start":{"line":3,"column":0},"end":{"line":3,"column":37}},"3":{"start":{"line":4,"column":0},"end":{"line":4,"column":32}},"4":{"start":{"line":5,"column":0},"end":{"line":5,"column":29}},"5":{"start":{"line":6,"column":0},"end":{"line":6,"column":32}},"6":{"start":{"line":7,"column":0},"end":{"line":7,"column":33}},"7":{"start":{"line":9,"column":0},"end":{"line":30,"column":1}},"8":{"start":{"line":10,"column":2},"end":{"line":10,"column":73}},"9":{"start":{"line":12,"column":2},"end":{"line":14,"column":3}},"10":{"start":{"line":13,"column":4},"end":{"line":13,"column":50}},"11":{"start":{"line":17,"column":2},"end":{"line":17,"column":34}},"12":{"start":{"line":18,"column":2},"end":{"line":18,"column":31}},"13":{"start":{"line":19,"column":2},"end":{"line":27,"column":3}},"14":{"start":{"line":20,"column":4},"end":{"line":20,"column":54}},"15":{"start":{"line":21,"column":4},"end":{"line":21,"column":51}},"16":{"start":{"line":22,"column":4},"end":{"line":25,"column":5}},"17":{"start":{"line":23,"column":6},"end":{"line":23,"column":39}},"18":{"start":{"line":24,"column":6},"end":{"line":24,"column":18}},"19":{"start":{"line":26,"column":4},"end":{"line":26,"column":65}},"20":{"start":{"line":29,"column":2},"end":{"line":29,"column":48}},"21":{"start":{"line":33,"column":0},"end":{"line":81,"column":1}},"22":{"start":{"line":34,"column":2},"end":{"line":34,"column":23}},"23":{"start":{"line":36,"column":2},"end":{"line":36,"column":32}},"24":{"start":{"line":38,"column":2},"end":{"line":38,"column":54}},"25":{"start":{"line":39,"column":2},"end":{"line":39,"column":53}},"26":{"start":{"line":41,"column":2},"end":{"line":41,"column":18}},"27":{"start":{"line":42,"column":2},"end":{"line":50,"column":3}},"28":{"start":{"line":52,"column":2},"end":{"line":62,"column":4}},"29":{"start":{"line":53,"column":4},"end":{"line":57,"column":6}},"30":{"start":{"line":54,"column":6},"end":{"line":54,"column":85}},"31":{"start":{"line":55,"column":6},"end":{"line":55,"column":38}},"32":{"start":{"line":56,"column":6},"end":{"line":56,"column":47}},"33":{"start":{"line":59,"column":4},"end":{"line":61,"column":6}},"34":{"start":{"line":60,"column":6},"end":{"line":60,"column":20}},"35":{"start":{"line":64,"column":2},"end":{"line":71,"column":4}},"36":{"start":{"line":65,"column":4},"end":{"line":70,"column":5}},"37":{"start":{"line":66,"column":6},"end":{"line":66,"column":72}},"38":{"start":{"line":67,"column":6},"end":{"line":67,"column":21}},"39":{"start":{"line":69,"column":6},"end":{"line":69,"column":13}},"40":{"start":{"line":73,"column":2},"end":{"line":80,"column":5}}},"branchMap":{"1":{"line":12,"type":"if","locations":[{"start":{"line":12,"column":2},"end":{"line":12,"column":2}},{"start":{"line":12,"column":2},"end":{"line":12,"column":2}}]},"2":{"line":19,"type":"if","locations":[{"start":{"line":19,"column":2},"end":{"line":19,"column":2}},{"start":{"line":19,"column":2},"end":{"line":19,"column":2}}]},"3":{"line":22,"type":"if","locations":[{"start":{"line":22,"column":4},"end":{"line":22,"column":4}},{"start":{"line":22,"column":4},"end":{"line":22,"column":4}}]},"4":{"line":22,"type":"binary-expr","locations":[{"start":{"line":22,"column":8},"end":{"line":22,"column":38}},{"start":{"line":22,"column":42},"end":{"line":22,"column":56}}]},"5":{"line":34,"type":"binary-expr","locations":[{"start":{"line":34,"column":11},"end":{"line":34,"column":17}},{"start":{"line":34,"column":21},"end":{"line":34,"column":23}}]},"6":{"line":38,"type":"cond-expr","locations":[{"start":{"line":38,"column":35},"end":{"line":38,"column":39}},{"start":{"line":38,"column":42},"end":{"line":38,"column":54}}]},"7":{"line":65,"type":"if","locations":[{"start":{"line":65,"column":4},"end":{"line":65,"column":4}},{"start":{"line":65,"column":4},"end":{"line":65,"column":4}}]}},"code":["var http = require('http')","","var constant = require('./constants')","var helper = require('./helper')","var cfg = require('./config')","var logger = require('./logger')","var log = logger.create('runner')","","var parseExitCode = function (buffer, defaultCode, failOnEmptyTestSuite) {","  var tailPos = buffer.length - Buffer.byteLength(constant.EXIT_CODE) - 2","","  if (tailPos < 0) {","    return {exitCode: defaultCode, buffer: buffer}","  }","","  // tail buffer which might contain the message","  var tail = buffer.slice(tailPos)","  var tailStr = tail.toString()","  if (tailStr.substr(0, tailStr.length - 2) === constant.EXIT_CODE) {","    var emptyInt = parseInt(tailStr.substr(-2, 1), 10)","    var exitCode = parseInt(tailStr.substr(-1), 10)","    if (failOnEmptyTestSuite === false && emptyInt === 0) {","      log.warn('Test suite was empty.')","      exitCode = 0","    }","    return {exitCode: exitCode, buffer: buffer.slice(0, tailPos)}","  }","","  return {exitCode: defaultCode, buffer: buffer}","}","","// TODO(vojta): read config file (port, host, urlRoot)","exports.run = function (config, done) {","  config = config || {}","","  logger.setupFromConfig(config)","","  done = helper.isFunction(done) ? done : process.exit","  config = cfg.parseConfig(config.configFile, config)","","  var exitCode = 1","  var options = {","    hostname: config.hostname,","    path: config.urlRoot + 'run',","    port: config.port,","    method: 'POST',","    headers: {","      'Content-Type': 'application/json'","    }","  }","","  var request = http.request(options, function (response) {","    response.on('data', function (buffer) {","      var parsedResult = parseExitCode(buffer, exitCode, config.failOnEmptyTestSuite)","      exitCode = parsedResult.exitCode","      process.stdout.write(parsedResult.buffer)","    })","","    response.on('end', function () {","      done(exitCode)","    })","  })","","  request.on('error', function (e) {","    if (e.code === 'ECONNREFUSED') {","      log.error('There is no server listening on port %d', options.port)","      done(1, e.code)","    } else {","      throw e","    }","  })","","  request.end(JSON.stringify({","    args: config.clientArgs,","    removedFiles: config.removedFiles,","    changedFiles: config.changedFiles,","    addedFiles: config.addedFiles,","    refresh: config.refresh,","    colors: config.colors","  }))","}",""],"l":{"1":1,"3":1,"4":1,"5":1,"6":1,"7":1,"9":1,"10":0,"12":0,"13":0,"17":0,"18":0,"19":0,"20":0,"21":0,"22":0,"23":0,"24":0,"26":0,"29":0,"33":1,"34":0,"36":0,"38":0,"39":0,"41":0,"42":0,"52":0,"53":0,"54":0,"55":0,"56":0,"59":0,"60":0,"64":0,"65":0,"66":0,"67":0,"69":0,"73":0}},"/home/travis/build/npmtest/node-npmtest-karma/karma/lib/stopper.js":{"path":"/home/travis/build/npmtest/node-npmtest-karma/karma/lib/stopper.js","s":{"1":1,"2":1,"3":1,"4":1,"5":1,"6":0,"7":0,"8":0,"9":0,"10":0,"11":0,"12":0,"13":0,"14":0,"15":0,"16":0,"17":0,"18":0,"19":0,"20":0,"21":0,"22":0,"23":0,"24":0,"25":0},"b":{"1":[0,0],"2":[0,0],"3":[0,0],"4":[0,0]},"f":{"1":0,"2":0,"3":0},"fnMap":{"1":{"name":"(anonymous_1)","line":7,"loc":{"start":{"line":7,"column":15},"end":{"line":7,"column":39}}},"2":{"name":"(anonymous_2)","line":23,"loc":{"start":{"line":23,"column":25},"end":{"line":23,"column":45}}},"3":{"name":"(anonymous_3)","line":34,"loc":{"start":{"line":34,"column":22},"end":{"line":34,"column":35}}}},"statementMap":{"1":{"start":{"line":1,"column":0},"end":{"line":1,"column":26}},"2":{"start":{"line":3,"column":0},"end":{"line":3,"column":29}},"3":{"start":{"line":4,"column":0},"end":{"line":4,"column":32}},"4":{"start":{"line":5,"column":0},"end":{"line":5,"column":32}},"5":{"start":{"line":7,"column":0},"end":{"line":43,"column":1}},"6":{"start":{"line":8,"column":2},"end":{"line":8,"column":23}},"7":{"start":{"line":9,"column":2},"end":{"line":9,"column":32}},"8":{"start":{"line":10,"column":2},"end":{"line":10,"column":54}},"9":{"start":{"line":11,"column":2},"end":{"line":11,"column":36}},"10":{"start":{"line":12,"column":2},"end":{"line":12,"column":53}},"11":{"start":{"line":14,"column":2},"end":{"line":19,"column":3}},"12":{"start":{"line":21,"column":2},"end":{"line":21,"column":37}},"13":{"start":{"line":23,"column":2},"end":{"line":32,"column":4}},"14":{"start":{"line":24,"column":4},"end":{"line":28,"column":5}},"15":{"start":{"line":25,"column":6},"end":{"line":25,"column":70}},"16":{"start":{"line":26,"column":6},"end":{"line":26,"column":13}},"17":{"start":{"line":27,"column":6},"end":{"line":27,"column":12}},"18":{"start":{"line":30,"column":4},"end":{"line":30,"column":31}},"19":{"start":{"line":31,"column":4},"end":{"line":31,"column":11}},"20":{"start":{"line":34,"column":2},"end":{"line":41,"column":4}},"21":{"start":{"line":35,"column":4},"end":{"line":40,"column":5}},"22":{"start":{"line":36,"column":6},"end":{"line":36,"column":72}},"23":{"start":{"line":37,"column":6},"end":{"line":37,"column":21}},"24":{"start":{"line":39,"column":6},"end":{"line":39,"column":13}},"25":{"start":{"line":42,"column":2},"end":{"line":42,"column":15}}},"branchMap":{"1":{"line":8,"type":"binary-expr","locations":[{"start":{"line":8,"column":11},"end":{"line":8,"column":17}},{"start":{"line":8,"column":21},"end":{"line":8,"column":23}}]},"2":{"line":10,"type":"cond-expr","locations":[{"start":{"line":10,"column":35},"end":{"line":10,"column":39}},{"start":{"line":10,"column":42},"end":{"line":10,"column":54}}]},"3":{"line":24,"type":"if","locations":[{"start":{"line":24,"column":4},"end":{"line":24,"column":4}},{"start":{"line":24,"column":4},"end":{"line":24,"column":4}}]},"4":{"line":35,"type":"if","locations":[{"start":{"line":35,"column":4},"end":{"line":35,"column":4}},{"start":{"line":35,"column":4},"end":{"line":35,"column":4}}]}},"code":["var http = require('http')","","var cfg = require('./config')","var logger = require('./logger')","var helper = require('./helper')","","exports.stop = function (config, done) {","  config = config || {}","  logger.setupFromConfig(config)","  done = helper.isFunction(done) ? done : process.exit","  var log = logger.create('stopper')","  config = cfg.parseConfig(config.configFile, config)","","  var options = {","    hostname: config.hostname,","    path: config.urlRoot + 'stop',","    port: config.port,","    method: 'GET'","  }","","  var request = http.request(options)","","  request.on('response', function (response) {","    if (response.statusCode !== 200) {","      log.error('Server returned status code: ' + response.statusCode)","      done(1)","      return","    }","","    log.info('Server stopped.')","    done(0)","  })","","  request.on('error', function (e) {","    if (e.code === 'ECONNREFUSED') {","      log.error('There is no server listening on port %d', options.port)","      done(1, e.code)","    } else {","      throw e","    }","  })","  request.end()","}",""],"l":{"1":1,"3":1,"4":1,"5":1,"7":1,"8":0,"9":0,"10":0,"11":0,"12":0,"14":0,"21":0,"23":0,"24":0,"25":0,"26":0,"27":0,"30":0,"31":0,"34":0,"35":0,"36":0,"37":0,"39":0,"42":0}}}