{"/home/travis/build/npmtest/node-npmtest-karma/test.js":{"path":"/home/travis/build/npmtest/node-npmtest-karma/test.js","s":{"1":2,"2":2,"3":2,"4":2,"5":2,"6":2,"7":2,"8":1,"9":2,"10":2,"11":1,"12":1,"13":1,"14":1,"15":2,"16":2,"17":2,"18":2,"19":1,"20":1,"21":2,"22":2,"23":2,"24":1,"25":1,"26":1,"27":1,"28":1,"29":1,"30":1,"31":1,"32":1,"33":1,"34":1,"35":1,"36":1,"37":1,"38":1,"39":2,"40":2,"41":1,"42":2,"43":2,"44":1,"45":2,"46":2,"47":1,"48":2,"49":2,"50":1,"51":1,"52":1,"53":1,"54":1},"b":{"1":[2,1,1,1],"2":[1,1,1,1],"3":[1,1],"4":[1,1],"5":[1,1],"6":[1,1],"7":[1,1],"8":[1,1],"9":[1,1],"10":[1,1,1],"11":[1,1],"12":[1,1],"13":[1,1],"14":[1,1],"15":[1,1],"16":[1,1],"17":[1,1]},"f":{"1":2,"2":2,"3":2,"4":2,"5":2,"6":1,"7":1,"8":1,"9":2,"10":2,"11":2,"12":2,"13":1},"fnMap":{"1":{"name":"(anonymous_1)","line":12,"loc":{"start":{"line":12,"column":1},"end":{"line":12,"column":13}}},"2":{"name":"(anonymous_2)","line":19,"loc":{"start":{"line":19,"column":5},"end":{"line":19,"column":17}}},"3":{"name":"(anonymous_3)","line":23,"loc":{"start":{"line":23,"column":24},"end":{"line":23,"column":36}}},"4":{"name":"(anonymous_4)","line":61,"loc":{"start":{"line":61,"column":5},"end":{"line":61,"column":17}}},"5":{"name":"(anonymous_5)","line":82,"loc":{"start":{"line":82,"column":5},"end":{"line":82,"column":17}}},"6":{"name":"(anonymous_6)","line":91,"loc":{"start":{"line":91,"column":77},"end":{"line":94,"column":10}}},"7":{"name":"(anonymous_7)","line":112,"loc":{"start":{"line":112,"column":83},"end":{"line":115,"column":10}},"skip":true},"8":{"name":"(anonymous_8)","line":123,"loc":{"start":{"line":123,"column":77},"end":{"line":126,"column":10}},"skip":true},"9":{"name":"(anonymous_9)","line":139,"loc":{"start":{"line":139,"column":12},"end":{"line":139,"column":40}},"skip":true},"10":{"name":"(anonymous_10)","line":147,"loc":{"start":{"line":147,"column":77},"end":{"line":150,"column":10}},"skip":true},"11":{"name":"(anonymous_11)","line":158,"loc":{"start":{"line":158,"column":83},"end":{"line":161,"column":10}},"skip":true},"12":{"name":"(anonymous_12)","line":169,"loc":{"start":{"line":169,"column":79},"end":{"line":172,"column":10}},"skip":true},"13":{"name":"(anonymous_13)","line":180,"loc":{"start":{"line":180,"column":75},"end":{"line":183,"column":10}},"skip":true}},"statementMap":{"1":{"start":{"line":12,"column":0},"end":{"line":195,"column":5}},"2":{"start":{"line":14,"column":4},"end":{"line":14,"column":14}},"3":{"start":{"line":19,"column":4},"end":{"line":56,"column":9}},"4":{"start":{"line":21,"column":8},"end":{"line":21,"column":19}},"5":{"start":{"line":23,"column":8},"end":{"line":35,"column":13}},"6":{"start":{"line":24,"column":12},"end":{"line":34,"column":13}},"7":{"start":{"line":25,"column":16},"end":{"line":28,"column":30}},"8":{"start":{"line":30,"column":16},"end":{"line":33,"column":27}},"9":{"start":{"line":37,"column":8},"end":{"line":39,"column":21}},"10":{"start":{"line":40,"column":8},"end":{"line":53,"column":9}},"11":{"start":{"line":43,"column":12},"end":{"line":46,"column":14}},"12":{"start":{"line":47,"column":12},"end":{"line":47,"column":18}},"13":{"start":{"line":50,"column":12},"end":{"line":51,"column":46}},"14":{"start":{"line":52,"column":12},"end":{"line":52,"column":18}},"15":{"start":{"line":55,"column":8},"end":{"line":55,"column":35}},"16":{"start":{"line":61,"column":4},"end":{"line":63,"column":9}},"17":{"start":{"line":62,"column":8},"end":{"line":62,"column":15}},"18":{"start":{"line":64,"column":4},"end":{"line":77,"column":5}},"19":{"start":{"line":70,"column":8},"end":{"line":70,"column":14}},"20":{"start":{"line":76,"column":8},"end":{"line":76,"column":14}},"21":{"start":{"line":82,"column":4},"end":{"line":84,"column":9}},"22":{"start":{"line":83,"column":8},"end":{"line":83,"column":15}},"23":{"start":{"line":85,"column":4},"end":{"line":194,"column":5}},"24":{"start":{"line":91,"column":8},"end":{"line":99,"column":10}},"25":{"start":{"line":98,"column":12},"end":{"line":98,"column":35}},"26":{"start":{"line":102,"column":8},"end":{"line":104,"column":63}},"27":{"start":{"line":105,"column":8},"end":{"line":105,"column":14}},"28":{"start":{"line":112,"column":8},"end":{"line":121,"column":10},"skip":true},"29":{"start":{"line":119,"column":12},"end":{"line":119,"column":55},"skip":true},"30":{"start":{"line":120,"column":12},"end":{"line":120,"column":48},"skip":true},"31":{"start":{"line":123,"column":8},"end":{"line":136,"column":10},"skip":true},"32":{"start":{"line":130,"column":12},"end":{"line":130,"column":76},"skip":true},"33":{"start":{"line":131,"column":12},"end":{"line":131,"column":73},"skip":true},"34":{"start":{"line":132,"column":12},"end":{"line":132,"column":74},"skip":true},"35":{"start":{"line":133,"column":12},"end":{"line":133,"column":79},"skip":true},"36":{"start":{"line":134,"column":12},"end":{"line":134,"column":25},"skip":true},"37":{"start":{"line":135,"column":12},"end":{"line":135,"column":45},"skip":true},"38":{"start":{"line":138,"column":8},"end":{"line":145,"column":14},"skip":true},"39":{"start":{"line":143,"column":16},"end":{"line":143,"column":29},"skip":true},"40":{"start":{"line":144,"column":16},"end":{"line":144,"column":55},"skip":true},"41":{"start":{"line":147,"column":8},"end":{"line":156,"column":10},"skip":true},"42":{"start":{"line":154,"column":12},"end":{"line":154,"column":25},"skip":true},"43":{"start":{"line":155,"column":12},"end":{"line":155,"column":45},"skip":true},"44":{"start":{"line":158,"column":8},"end":{"line":167,"column":10},"skip":true},"45":{"start":{"line":165,"column":12},"end":{"line":165,"column":25},"skip":true},"46":{"start":{"line":166,"column":12},"end":{"line":166,"column":48},"skip":true},"47":{"start":{"line":169,"column":8},"end":{"line":178,"column":10},"skip":true},"48":{"start":{"line":176,"column":12},"end":{"line":176,"column":25},"skip":true},"49":{"start":{"line":177,"column":12},"end":{"line":177,"column":46},"skip":true},"50":{"start":{"line":180,"column":8},"end":{"line":189,"column":10},"skip":true},"51":{"start":{"line":187,"column":12},"end":{"line":187,"column":94},"skip":true},"52":{"start":{"line":188,"column":12},"end":{"line":188,"column":48},"skip":true},"53":{"start":{"line":192,"column":8},"end":{"line":192,"column":35},"skip":true},"54":{"start":{"line":193,"column":8},"end":{"line":193,"column":14},"skip":true}},"branchMap":{"1":{"line":25,"type":"binary-expr","locations":[{"start":{"line":25,"column":23},"end":{"line":25,"column":62}},{"start":{"line":26,"column":20},"end":{"line":26,"column":70}},{"start":{"line":27,"column":20},"end":{"line":27,"column":71}},{"start":{"line":28,"column":20},"end":{"line":28,"column":29}}]},"2":{"line":30,"type":"binary-expr","locations":[{"start":{"line":30,"column":23},"end":{"line":30,"column":37}},{"start":{"line":31,"column":20},"end":{"line":31,"column":61}},{"start":{"line":32,"column":20},"end":{"line":32,"column":70}},{"start":{"line":33,"column":20},"end":{"line":33,"column":26}}]},"3":{"line":37,"type":"cond-expr","locations":[{"start":{"line":38,"column":14},"end":{"line":38,"column":20}},{"start":{"line":39,"column":14},"end":{"line":39,"column":20}}]},"4":{"line":40,"type":"switch","locations":[{"start":{"line":42,"column":8},"end":{"line":47,"column":18}},{"start":{"line":49,"column":8},"end":{"line":52,"column":18}}]},"5":{"line":44,"type":"binary-expr","locations":[{"start":{"line":44,"column":16},"end":{"line":44,"column":44}},{"start":{"line":44,"column":48},"end":{"line":44,"column":66}}]},"6":{"line":50,"type":"binary-expr","locations":[{"start":{"line":50,"column":21},"end":{"line":50,"column":49}},{"start":{"line":50,"column":53},"end":{"line":50,"column":72}}]},"7":{"line":64,"type":"switch","locations":[{"start":{"line":69,"column":4},"end":{"line":70,"column":14}},{"start":{"line":75,"column":4},"end":{"line":76,"column":14}}]},"8":{"line":85,"type":"switch","locations":[{"start":{"line":90,"column":4},"end":{"line":105,"column":14}},{"start":{"line":111,"column":4},"end":{"line":193,"column":14},"skip":true}]},"9":{"line":91,"type":"binary-expr","locations":[{"start":{"line":91,"column":42},"end":{"line":91,"column":73}},{"start":{"line":91,"column":77},"end":{"line":99,"column":9}}]},"10":{"line":102,"type":"binary-expr","locations":[{"start":{"line":102,"column":18},"end":{"line":102,"column":32}},{"start":{"line":103,"column":12},"end":{"line":103,"column":53}},{"start":{"line":104,"column":12},"end":{"line":104,"column":61}}]},"11":{"line":112,"type":"binary-expr","locations":[{"start":{"line":112,"column":45},"end":{"line":112,"column":79},"skip":true},{"start":{"line":112,"column":83},"end":{"line":121,"column":9},"skip":true}]},"12":{"line":123,"type":"binary-expr","locations":[{"start":{"line":123,"column":42},"end":{"line":123,"column":73},"skip":true},{"start":{"line":123,"column":77},"end":{"line":136,"column":9},"skip":true}]},"13":{"line":138,"type":"binary-expr","locations":[{"start":{"line":138,"column":48},"end":{"line":138,"column":85},"skip":true},{"start":{"line":139,"column":12},"end":{"line":145,"column":13},"skip":true}]},"14":{"line":147,"type":"binary-expr","locations":[{"start":{"line":147,"column":42},"end":{"line":147,"column":73},"skip":true},{"start":{"line":147,"column":77},"end":{"line":156,"column":9},"skip":true}]},"15":{"line":158,"type":"binary-expr","locations":[{"start":{"line":158,"column":45},"end":{"line":158,"column":79},"skip":true},{"start":{"line":158,"column":83},"end":{"line":167,"column":9},"skip":true}]},"16":{"line":169,"type":"binary-expr","locations":[{"start":{"line":169,"column":43},"end":{"line":169,"column":75},"skip":true},{"start":{"line":169,"column":79},"end":{"line":178,"column":9},"skip":true}]},"17":{"line":180,"type":"binary-expr","locations":[{"start":{"line":180,"column":41},"end":{"line":180,"column":71},"skip":true},{"start":{"line":180,"column":75},"end":{"line":189,"column":9},"skip":true}]}},"code":["/* istanbul instrument in package npmtest_karma */","/*jslint","    bitwise: true,","    browser: true,","    maxerr: 8,","    maxlen: 96,","    node: true,","    nomen: true,","    regexp: true,","    stupid: true","*/","(function () {","    'use strict';","    var local;","","","","    // run shared js-env code - pre-init","    (function () {","        // init local","        local = {};","        // init modeJs","        local.modeJs = (function () {","            try {","                return typeof navigator.userAgent === 'string' &&","                    typeof document.querySelector('body') === 'object' &&","                    typeof XMLHttpRequest.prototype.open === 'function' &&","                    'browser';","            } catch (errorCaughtBrowser) {","                return module.exports &&","                    typeof process.versions.node === 'string' &&","                    typeof require('http').createServer === 'function' &&","                    'node';","            }","        }());","        // init global","        local.global = local.modeJs === 'browser'","            ? window","            : global;","        switch (local.modeJs) {","        // re-init local from window.local","        case 'browser':","            local = local.global.utility2.objectSetDefault(","                local.global.utility2_rollup || local.global.local,","                local.global.utility2","            );","            break;","        // re-init local from example.js","        case 'node':","            local = (local.global.utility2_rollup || require('utility2'))","                .requireExampleJsFromReadme();","            break;","        }","        // export local","        local.global.local = local;","    }());","","","","    // run shared js-env code - function","    (function () {","        return;","    }());","    switch (local.modeJs) {","","","","    // run browser js-env code - function","    case 'browser':","        break;","","","","    // run node js-env code - function","    case 'node':","        break;","    }","","","","    // run shared js-env code - post-init","    (function () {","        return;","    }());","    switch (local.modeJs) {","","","","    // run browser js-env code - post-init","    case 'browser':","        local.testCase_browser_nullCase = local.testCase_browser_nullCase || function (","            options,","            onError","        ) {","        /*","         * this function will test browsers's null-case handling-behavior-behavior","         */","            onError(null, options);","        };","","        // run tests","        local.nop(local.modeTest &&","            document.querySelector('#testRunButton1') &&","            document.querySelector('#testRunButton1').click());","        break;","","","","    // run node js-env code - post-init","    /* istanbul ignore next */","    case 'node':","        local.testCase_buildApidoc_default = local.testCase_buildApidoc_default || function (","            options,","            onError","        ) {","        /*","         * this function will test buildApidoc's default handling-behavior-behavior","         */","            options = { modulePathList: module.paths };","            local.buildApidoc(options, onError);","        };","","        local.testCase_buildApp_default = local.testCase_buildApp_default || function (","            options,","            onError","        ) {","        /*","         * this function will test buildApp's default handling-behavior-behavior","         */","            local.testCase_buildReadme_default(options, local.onErrorThrow);","            local.testCase_buildLib_default(options, local.onErrorThrow);","            local.testCase_buildTest_default(options, local.onErrorThrow);","            local.testCase_buildCustomOrg_default(options, local.onErrorThrow);","            options = [];","            local.buildApp(options, onError);","        };","","        local.testCase_buildCustomOrg_default = local.testCase_buildCustomOrg_default ||","            function (options, onError) {","            /*","             * this function will test buildCustomOrg's default handling-behavior","             */","                options = {};","                local.buildCustomOrg(options, onError);","            };","","        local.testCase_buildLib_default = local.testCase_buildLib_default || function (","            options,","            onError","        ) {","        /*","         * this function will test buildLib's default handling-behavior","         */","            options = {};","            local.buildLib(options, onError);","        };","","        local.testCase_buildReadme_default = local.testCase_buildReadme_default || function (","            options,","            onError","        ) {","        /*","         * this function will test buildReadme's default handling-behavior-behavior","         */","            options = {};","            local.buildReadme(options, onError);","        };","","        local.testCase_buildTest_default = local.testCase_buildTest_default || function (","            options,","            onError","        ) {","        /*","         * this function will test buildTest's default handling-behavior","         */","            options = {};","            local.buildTest(options, onError);","        };","","        local.testCase_webpage_default = local.testCase_webpage_default || function (","            options,","            onError","        ) {","        /*","         * this function will test webpage's default handling-behavior","         */","            options = { modeCoverageMerge: true, url: local.serverLocalHost + '?modeTest=1' };","            local.browserTest(options, onError);","        };","","        // run test-server","        local.testRunServer(local);","        break;","    }","}());",""],"l":{"12":2,"14":2,"19":2,"21":2,"23":2,"24":2,"25":2,"30":1,"37":2,"40":2,"43":1,"47":1,"50":1,"52":1,"55":2,"61":2,"62":2,"64":2,"70":1,"76":1,"82":2,"83":2,"85":2,"91":1,"98":1,"102":1,"105":1,"112":1,"119":1,"120":1,"123":1,"130":1,"131":1,"132":1,"133":1,"134":1,"135":1,"138":1,"143":2,"144":2,"147":1,"154":2,"155":2,"158":1,"165":2,"166":2,"169":1,"176":2,"177":2,"180":1,"187":1,"188":1,"192":1,"193":1}},"/home/travis/build/npmtest/node-npmtest-karma/lib.npmtest_karma.js":{"path":"/home/travis/build/npmtest/node-npmtest-karma/lib.npmtest_karma.js","s":{"1":2,"2":2,"3":2,"4":2,"5":2,"6":2,"7":2,"8":1,"9":2,"10":2,"11":2,"12":2,"13":1,"14":1,"15":1,"16":1},"b":{"1":[2,1,1,1],"2":[1,1,1,1],"3":[1,1],"4":[2,2],"5":[1,1]},"f":{"1":2,"2":2,"3":2},"fnMap":{"1":{"name":"(anonymous_1)","line":12,"loc":{"start":{"line":12,"column":1},"end":{"line":12,"column":13}}},"2":{"name":"(anonymous_2)","line":19,"loc":{"start":{"line":19,"column":5},"end":{"line":19,"column":17}}},"3":{"name":"(anonymous_3)","line":23,"loc":{"start":{"line":23,"column":24},"end":{"line":23,"column":36}}}},"statementMap":{"1":{"start":{"line":12,"column":0},"end":{"line":53,"column":5}},"2":{"start":{"line":14,"column":4},"end":{"line":14,"column":14}},"3":{"start":{"line":19,"column":4},"end":{"line":52,"column":9}},"4":{"start":{"line":21,"column":8},"end":{"line":21,"column":19}},"5":{"start":{"line":23,"column":8},"end":{"line":35,"column":13}},"6":{"start":{"line":24,"column":12},"end":{"line":34,"column":13}},"7":{"start":{"line":25,"column":16},"end":{"line":28,"column":30}},"8":{"start":{"line":30,"column":16},"end":{"line":33,"column":27}},"9":{"start":{"line":37,"column":8},"end":{"line":39,"column":21}},"10":{"start":{"line":41,"column":8},"end":{"line":41,"column":54}},"11":{"start":{"line":43,"column":8},"end":{"line":43,"column":50}},"12":{"start":{"line":45,"column":8},"end":{"line":51,"column":9}},"13":{"start":{"line":46,"column":12},"end":{"line":46,"column":56}},"14":{"start":{"line":48,"column":12},"end":{"line":48,"column":35}},"15":{"start":{"line":49,"column":12},"end":{"line":49,"column":49}},"16":{"start":{"line":50,"column":12},"end":{"line":50,"column":43}}},"branchMap":{"1":{"line":25,"type":"binary-expr","locations":[{"start":{"line":25,"column":23},"end":{"line":25,"column":62}},{"start":{"line":26,"column":20},"end":{"line":26,"column":70}},{"start":{"line":27,"column":20},"end":{"line":27,"column":71}},{"start":{"line":28,"column":20},"end":{"line":28,"column":29}}]},"2":{"line":30,"type":"binary-expr","locations":[{"start":{"line":30,"column":23},"end":{"line":30,"column":37}},{"start":{"line":31,"column":20},"end":{"line":31,"column":61}},{"start":{"line":32,"column":20},"end":{"line":32,"column":70}},{"start":{"line":33,"column":20},"end":{"line":33,"column":26}}]},"3":{"line":37,"type":"cond-expr","locations":[{"start":{"line":38,"column":14},"end":{"line":38,"column":20}},{"start":{"line":39,"column":14},"end":{"line":39,"column":20}}]},"4":{"line":41,"type":"binary-expr","locations":[{"start":{"line":41,"column":16},"end":{"line":41,"column":44}},{"start":{"line":41,"column":48},"end":{"line":41,"column":53}}]},"5":{"line":45,"type":"if","locations":[{"start":{"line":45,"column":8},"end":{"line":45,"column":8}},{"start":{"line":45,"column":8},"end":{"line":45,"column":8}}]}},"code":["/* istanbul instrument in package npmtest_karma */","/*jslint","    bitwise: true,","    browser: true,","    maxerr: 8,","    maxlen: 96,","    node: true,","    nomen: true,","    regexp: true,","    stupid: true","*/","(function () {","    'use strict';","    var local;","","","","    // run shared js-env code - pre-init","    (function () {","        // init local","        local = {};","        // init modeJs","        local.modeJs = (function () {","            try {","                return typeof navigator.userAgent === 'string' &&","                    typeof document.querySelector('body') === 'object' &&","                    typeof XMLHttpRequest.prototype.open === 'function' &&","                    'browser';","            } catch (errorCaughtBrowser) {","                return module.exports &&","                    typeof process.versions.node === 'string' &&","                    typeof require('http').createServer === 'function' &&","                    'node';","            }","        }());","        // init global","        local.global = local.modeJs === 'browser'","            ? window","            : global;","        // init utility2_rollup","        local = local.global.utility2_rollup || local;","        // init lib","        local.local = local.npmtest_karma = local;","        // init exports","        if (local.modeJs === 'browser') {","            local.global.utility2_npmtest_karma = local;","        } else {","            module.exports = local;","            module.exports.__dirname = __dirname;","            module.exports.module = module;","        }","    }());","}());",""],"l":{"12":2,"14":2,"19":2,"21":2,"23":2,"24":2,"25":2,"30":1,"37":2,"41":2,"43":2,"45":2,"46":1,"48":1,"49":1,"50":1}},"/home/travis/build/npmtest/node-npmtest-karma/example.js":{"path":"/home/travis/build/npmtest/node-npmtest-karma/example.js","s":{"1":2,"2":2,"3":2,"4":2,"5":2,"6":2,"7":2,"8":1,"9":2,"10":2,"11":2,"12":2,"13":1,"14":2,"15":2,"16":2,"17":2,"18":2,"19":0,"20":2,"21":1,"22":1,"23":1,"24":1,"25":1,"26":0,"27":0,"28":1,"29":1,"30":2,"31":0,"32":0,"33":0,"34":1,"35":2,"36":2,"37":3,"38":3,"39":3,"40":3,"41":0,"42":3,"43":3,"44":3,"45":1,"46":3,"47":1,"48":1,"49":1,"50":1,"51":1,"52":1,"53":1,"54":1,"55":1,"56":1,"57":0,"58":1,"59":6,"60":6,"61":1,"62":2,"63":0,"64":2,"65":1,"66":1,"67":0,"68":0,"69":0,"70":0,"71":0,"72":0,"73":0,"74":0,"75":0,"76":0,"77":0,"78":0,"79":0,"80":0,"81":0,"82":0,"83":0},"b":{"1":[2,1,1,1],"2":[1,1,1,1],"3":[1,1],"4":[2,2],"5":[1,1],"6":[1,1],"7":[2,0],"8":[2,1,1,1,1,1],"9":[0,2,0],"10":[1,1],"11":[2,1,1],"12":[1,0],"13":[0,2],"14":[2,0,0,0,0,0,0],"15":[0,3],"16":[3,0],"17":[1,1],"18":[0,1],"19":[1,2,0,2],"20":[1,0],"21":[1,1],"22":[0,0],"23":[0,0],"24":[0,0],"25":[0,0],"26":[0,0],"27":[0,0],"28":[0,0]},"f":{"1":2,"2":2,"3":2,"4":2,"5":2,"6":2,"7":3,"8":3,"9":3,"10":1,"11":6,"12":0},"fnMap":{"1":{"name":"(anonymous_1)","line":26,"loc":{"start":{"line":26,"column":1},"end":{"line":26,"column":13}}},"2":{"name":"(anonymous_2)","line":33,"loc":{"start":{"line":33,"column":5},"end":{"line":33,"column":17}}},"3":{"name":"(anonymous_3)","line":37,"loc":{"start":{"line":37,"column":24},"end":{"line":37,"column":36}}},"4":{"name":"(anonymous_4)","line":69,"loc":{"start":{"line":69,"column":31},"end":{"line":69,"column":48}},"skip":true},"5":{"name":"(anonymous_5)","line":78,"loc":{"start":{"line":78,"column":26},"end":{"line":78,"column":45}},"skip":true},"6":{"name":"(anonymous_6)","line":123,"loc":{"start":{"line":123,"column":33},"end":{"line":123,"column":48}},"skip":true},"7":{"name":"(anonymous_7)","line":125,"loc":{"start":{"line":125,"column":27},"end":{"line":125,"column":39}},"skip":true},"8":{"name":"(anonymous_8)","line":133,"loc":{"start":{"line":133,"column":59},"end":{"line":133,"column":74}},"skip":true},"9":{"name":"(anonymous_9)","line":143,"loc":{"start":{"line":143,"column":45},"end":{"line":143,"column":62}},"skip":true},"10":{"name":"(anonymous_10)","line":144,"loc":{"start":{"line":144,"column":73},"end":{"line":144,"column":92}},"skip":true},"11":{"name":"(anonymous_11)","line":272,"loc":{"start":{"line":272,"column":51},"end":{"line":272,"column":77}},"skip":true},"12":{"name":"(anonymous_12)","line":315,"loc":{"start":{"line":315,"column":32},"end":{"line":315,"column":61}},"skip":true}},"statementMap":{"1":{"start":{"line":26,"column":0},"end":{"line":326,"column":5}},"2":{"start":{"line":28,"column":4},"end":{"line":28,"column":14}},"3":{"start":{"line":33,"column":4},"end":{"line":60,"column":9}},"4":{"start":{"line":35,"column":8},"end":{"line":35,"column":19}},"5":{"start":{"line":37,"column":8},"end":{"line":49,"column":13}},"6":{"start":{"line":38,"column":12},"end":{"line":48,"column":13}},"7":{"start":{"line":39,"column":16},"end":{"line":42,"column":30}},"8":{"start":{"line":44,"column":16},"end":{"line":47,"column":27}},"9":{"start":{"line":51,"column":8},"end":{"line":53,"column":21}},"10":{"start":{"line":55,"column":8},"end":{"line":57,"column":45}},"11":{"start":{"line":59,"column":8},"end":{"line":59,"column":35}},"12":{"start":{"line":61,"column":4},"end":{"line":325,"column":5}},"13":{"start":{"line":69,"column":8},"end":{"line":121,"column":10},"skip":true},"14":{"start":{"line":70,"column":12},"end":{"line":88,"column":13},"skip":true},"15":{"start":{"line":76,"column":16},"end":{"line":87,"column":19},"skip":true},"16":{"start":{"line":79,"column":20},"end":{"line":86,"column":21},"skip":true},"17":{"start":{"line":82,"column":24},"end":{"line":82,"column":43},"skip":true},"18":{"start":{"line":83,"column":24},"end":{"line":83,"column":30},"skip":true},"19":{"start":{"line":85,"column":24},"end":{"line":85,"column":49},"skip":true},"20":{"start":{"line":89,"column":12},"end":{"line":107,"column":13},"skip":true},"21":{"start":{"line":92,"column":16},"end":{"line":102,"column":17},"skip":true},"22":{"start":{"line":93,"column":20},"end":{"line":93,"column":86},"skip":true},"23":{"start":{"line":94,"column":20},"end":{"line":95,"column":45},"skip":true},"24":{"start":{"line":96,"column":20},"end":{"line":96,"column":42},"skip":true},"25":{"start":{"line":97,"column":20},"end":{"line":97,"column":48},"skip":true},"26":{"start":{"line":100,"column":20},"end":{"line":100,"column":85},"skip":true},"27":{"start":{"line":101,"column":20},"end":{"line":101,"column":96},"skip":true},"28":{"start":{"line":103,"column":16},"end":{"line":103,"column":22},"skip":true},"29":{"start":{"line":106,"column":16},"end":{"line":106,"column":22},"skip":true},"30":{"start":{"line":108,"column":12},"end":{"line":120,"column":13},"skip":true},"31":{"start":{"line":114,"column":16},"end":{"line":119,"column":17},"skip":true},"32":{"start":{"line":116,"column":20},"end":{"line":116,"column":78},"skip":true},"33":{"start":{"line":118,"column":20},"end":{"line":118,"column":47},"skip":true},"34":{"start":{"line":123,"column":8},"end":{"line":141,"column":11},"skip":true},"35":{"start":{"line":124,"column":12},"end":{"line":124,"column":54},"skip":true},"36":{"start":{"line":125,"column":12},"end":{"line":140,"column":14},"skip":true},"37":{"start":{"line":126,"column":16},"end":{"line":126,"column":28},"skip":true},"38":{"start":{"line":127,"column":16},"end":{"line":127,"column":69},"skip":true},"39":{"start":{"line":128,"column":16},"end":{"line":128,"column":75},"skip":true},"40":{"start":{"line":129,"column":16},"end":{"line":131,"column":17},"skip":true},"41":{"start":{"line":130,"column":20},"end":{"line":130,"column":27},"skip":true},"42":{"start":{"line":133,"column":16},"end":{"line":137,"column":36},"skip":true},"43":{"start":{"line":134,"column":20},"end":{"line":136,"column":55},"skip":true},"44":{"start":{"line":139,"column":16},"end":{"line":139,"column":57},"skip":true},"45":{"start":{"line":143,"column":8},"end":{"line":147,"column":11},"skip":true},"46":{"start":{"line":144,"column":12},"end":{"line":146,"column":15},"skip":true},"47":{"start":{"line":145,"column":16},"end":{"line":145,"column":70},"skip":true},"48":{"start":{"line":149,"column":8},"end":{"line":149,"column":31},"skip":true},"49":{"start":{"line":150,"column":8},"end":{"line":150,"column":14},"skip":true},"50":{"start":{"line":158,"column":8},"end":{"line":158,"column":31},"skip":true},"51":{"start":{"line":160,"column":8},"end":{"line":160,"column":33},"skip":true},"52":{"start":{"line":161,"column":8},"end":{"line":161,"column":37},"skip":true},"53":{"start":{"line":162,"column":8},"end":{"line":162,"column":35},"skip":true},"54":{"start":{"line":164,"column":8},"end":{"line":164,"column":50},"skip":true},"55":{"start":{"line":166,"column":8},"end":{"line":256,"column":2},"skip":true},"56":{"start":{"line":258,"column":8},"end":{"line":286,"column":9},"skip":true},"57":{"start":{"line":259,"column":12},"end":{"line":269,"column":14},"skip":true},"58":{"start":{"line":271,"column":12},"end":{"line":285,"column":19},"skip":true},"59":{"start":{"line":274,"column":20},"end":{"line":274,"column":35},"skip":true},"60":{"start":{"line":275,"column":20},"end":{"line":284,"column":21},"skip":true},"61":{"start":{"line":277,"column":24},"end":{"line":277,"column":64},"skip":true},"62":{"start":{"line":279,"column":24},"end":{"line":279,"column":40},"skip":true},"63":{"start":{"line":281,"column":24},"end":{"line":281,"column":40},"skip":true},"64":{"start":{"line":283,"column":24},"end":{"line":283,"column":39},"skip":true},"65":{"start":{"line":288,"column":8},"end":{"line":290,"column":9},"skip":true},"66":{"start":{"line":289,"column":12},"end":{"line":289,"column":18},"skip":true},"67":{"start":{"line":291,"column":8},"end":{"line":293,"column":54},"skip":true},"68":{"start":{"line":296,"column":8},"end":{"line":301,"column":37},"skip":true},"69":{"start":{"line":303,"column":8},"end":{"line":303,"column":82},"skip":true},"70":{"start":{"line":306,"column":8},"end":{"line":308,"column":9},"skip":true},"71":{"start":{"line":307,"column":12},"end":{"line":307,"column":82},"skip":true},"72":{"start":{"line":310,"column":8},"end":{"line":312,"column":9},"skip":true},"73":{"start":{"line":311,"column":12},"end":{"line":311,"column":18},"skip":true},"74":{"start":{"line":313,"column":8},"end":{"line":313,"column":54},"skip":true},"75":{"start":{"line":314,"column":8},"end":{"line":314,"column":69},"skip":true},"76":{"start":{"line":315,"column":8},"end":{"line":323,"column":36},"skip":true},"77":{"start":{"line":316,"column":12},"end":{"line":316,"column":61},"skip":true},"78":{"start":{"line":317,"column":12},"end":{"line":320,"column":13},"skip":true},"79":{"start":{"line":318,"column":16},"end":{"line":318,"column":75},"skip":true},"80":{"start":{"line":319,"column":16},"end":{"line":319,"column":23},"skip":true},"81":{"start":{"line":321,"column":12},"end":{"line":321,"column":38},"skip":true},"82":{"start":{"line":322,"column":12},"end":{"line":322,"column":27},"skip":true},"83":{"start":{"line":324,"column":8},"end":{"line":324,"column":14},"skip":true}},"branchMap":{"1":{"line":39,"type":"binary-expr","locations":[{"start":{"line":39,"column":23},"end":{"line":39,"column":62}},{"start":{"line":40,"column":20},"end":{"line":40,"column":70}},{"start":{"line":41,"column":20},"end":{"line":41,"column":71}},{"start":{"line":42,"column":20},"end":{"line":42,"column":29}}]},"2":{"line":44,"type":"binary-expr","locations":[{"start":{"line":44,"column":23},"end":{"line":44,"column":37}},{"start":{"line":45,"column":20},"end":{"line":45,"column":61}},{"start":{"line":46,"column":20},"end":{"line":46,"column":70}},{"start":{"line":47,"column":20},"end":{"line":47,"column":26}}]},"3":{"line":51,"type":"cond-expr","locations":[{"start":{"line":52,"column":14},"end":{"line":52,"column":20}},{"start":{"line":53,"column":14},"end":{"line":53,"column":20}}]},"4":{"line":55,"type":"binary-expr","locations":[{"start":{"line":55,"column":16},"end":{"line":55,"column":44}},{"start":{"line":55,"column":49},"end":{"line":57,"column":43}}]},"5":{"line":55,"type":"cond-expr","locations":[{"start":{"line":56,"column":14},"end":{"line":56,"column":49}},{"start":{"line":57,"column":14},"end":{"line":57,"column":43}}]},"6":{"line":61,"type":"switch","locations":[{"start":{"line":68,"column":4},"end":{"line":150,"column":14},"skip":true},{"start":{"line":156,"column":4},"end":{"line":324,"column":14},"skip":true}]},"7":{"line":70,"type":"if","locations":[{"start":{"line":70,"column":12},"end":{"line":70,"column":12},"skip":true},{"start":{"line":70,"column":12},"end":{"line":70,"column":12},"skip":true}]},"8":{"line":70,"type":"binary-expr","locations":[{"start":{"line":70,"column":16},"end":{"line":70,"column":22},"skip":true},{"start":{"line":70,"column":27},"end":{"line":70,"column":32},"skip":true},{"start":{"line":71,"column":20},"end":{"line":71,"column":39},"skip":true},{"start":{"line":72,"column":20},"end":{"line":72,"column":49},"skip":true},{"start":{"line":73,"column":20},"end":{"line":73,"column":58},"skip":true},{"start":{"line":74,"column":20},"end":{"line":74,"column":69},"skip":true}]},"9":{"line":79,"type":"switch","locations":[{"start":{"line":80,"column":20},"end":{"line":80,"column":33},"skip":true},{"start":{"line":81,"column":20},"end":{"line":83,"column":30},"skip":true},{"start":{"line":84,"column":20},"end":{"line":85,"column":49},"skip":true}]},"10":{"line":89,"type":"switch","locations":[{"start":{"line":90,"column":12},"end":{"line":103,"column":22},"skip":true},{"start":{"line":105,"column":12},"end":{"line":106,"column":22},"skip":true}]},"11":{"line":89,"type":"binary-expr","locations":[{"start":{"line":89,"column":20},"end":{"line":89,"column":25},"skip":true},{"start":{"line":89,"column":29},"end":{"line":89,"column":48},"skip":true},{"start":{"line":89,"column":52},"end":{"line":89,"column":74},"skip":true}]},"12":{"line":92,"type":"if","locations":[{"start":{"line":92,"column":16},"end":{"line":92,"column":16},"skip":true},{"start":{"line":92,"column":16},"end":{"line":92,"column":16},"skip":true}]},"13":{"line":108,"type":"if","locations":[{"start":{"line":108,"column":12},"end":{"line":108,"column":12},"skip":true},{"start":{"line":108,"column":12},"end":{"line":108,"column":12},"skip":true}]},"14":{"line":108,"type":"binary-expr","locations":[{"start":{"line":108,"column":16},"end":{"line":108,"column":61},"skip":true},{"start":{"line":108,"column":66},"end":{"line":108,"column":72},"skip":true},{"start":{"line":108,"column":77},"end":{"line":108,"column":82},"skip":true},{"start":{"line":109,"column":20},"end":{"line":109,"column":39},"skip":true},{"start":{"line":110,"column":20},"end":{"line":110,"column":49},"skip":true},{"start":{"line":111,"column":20},"end":{"line":111,"column":58},"skip":true},{"start":{"line":112,"column":20},"end":{"line":112,"column":68},"skip":true}]},"15":{"line":129,"type":"if","locations":[{"start":{"line":129,"column":16},"end":{"line":129,"column":16},"skip":true},{"start":{"line":129,"column":16},"end":{"line":129,"column":16},"skip":true}]},"16":{"line":134,"type":"cond-expr","locations":[{"start":{"line":135,"column":26},"end":{"line":135,"column":29},"skip":true},{"start":{"line":136,"column":26},"end":{"line":136,"column":54},"skip":true}]},"17":{"line":164,"type":"binary-expr","locations":[{"start":{"line":164,"column":27},"end":{"line":164,"column":43},"skip":true},{"start":{"line":164,"column":47},"end":{"line":164,"column":49},"skip":true}]},"18":{"line":258,"type":"if","locations":[{"start":{"line":258,"column":8},"end":{"line":258,"column":8},"skip":true},{"start":{"line":258,"column":8},"end":{"line":258,"column":8},"skip":true}]},"19":{"line":275,"type":"switch","locations":[{"start":{"line":276,"column":20},"end":{"line":277,"column":64},"skip":true},{"start":{"line":278,"column":20},"end":{"line":279,"column":40},"skip":true},{"start":{"line":280,"column":20},"end":{"line":281,"column":40},"skip":true},{"start":{"line":282,"column":20},"end":{"line":283,"column":39},"skip":true}]},"20":{"line":288,"type":"if","locations":[{"start":{"line":288,"column":8},"end":{"line":288,"column":8},"skip":true},{"start":{"line":288,"column":8},"end":{"line":288,"column":8},"skip":true}]},"21":{"line":288,"type":"binary-expr","locations":[{"start":{"line":288,"column":12},"end":{"line":288,"column":40},"skip":true},{"start":{"line":288,"column":44},"end":{"line":288,"column":67},"skip":true}]},"22":{"line":292,"type":"binary-expr","locations":[{"start":{"line":292,"column":12},"end":{"line":292,"column":50},"skip":true},{"start":{"line":293,"column":12},"end":{"line":293,"column":53},"skip":true}]},"23":{"line":297,"type":"binary-expr","locations":[{"start":{"line":297,"column":12},"end":{"line":297,"column":63},"skip":true},{"start":{"line":298,"column":12},"end":{"line":301,"column":36},"skip":true}]},"24":{"line":303,"type":"binary-expr","locations":[{"start":{"line":303,"column":43},"end":{"line":303,"column":75},"skip":true},{"start":{"line":303,"column":79},"end":{"line":303,"column":81},"skip":true}]},"25":{"line":306,"type":"if","locations":[{"start":{"line":306,"column":8},"end":{"line":306,"column":8},"skip":true},{"start":{"line":306,"column":8},"end":{"line":306,"column":8},"skip":true}]},"26":{"line":310,"type":"if","locations":[{"start":{"line":310,"column":8},"end":{"line":310,"column":8},"skip":true},{"start":{"line":310,"column":8},"end":{"line":310,"column":8},"skip":true}]},"27":{"line":313,"type":"binary-expr","locations":[{"start":{"line":313,"column":27},"end":{"line":313,"column":43},"skip":true},{"start":{"line":313,"column":47},"end":{"line":313,"column":53},"skip":true}]},"28":{"line":317,"type":"if","locations":[{"start":{"line":317,"column":12},"end":{"line":317,"column":12},"skip":true},{"start":{"line":317,"column":12},"end":{"line":317,"column":12},"skip":true}]}},"code":["/*","example.js","","quickstart example","","instruction","    1. save this script as example.js","    2. run the shell command:","        $ npm install npmtest-karma && PORT=8081 node example.js","    3. play with the browser-demo on http://127.0.0.1:8081","*/","","","","/* istanbul instrument in package npmtest_karma */","/*jslint","    bitwise: true,","    browser: true,","    maxerr: 8,","    maxlen: 96,","    node: true,","    nomen: true,","    regexp: true,","    stupid: true","*/","(function () {","    'use strict';","    var local;","","","","    // run shared js-env code - pre-init","    (function () {","        // init local","        local = {};","        // init modeJs","        local.modeJs = (function () {","            try {","                return typeof navigator.userAgent === 'string' &&","                    typeof document.querySelector('body') === 'object' &&","                    typeof XMLHttpRequest.prototype.open === 'function' &&","                    'browser';","            } catch (errorCaughtBrowser) {","                return module.exports &&","                    typeof process.versions.node === 'string' &&","                    typeof require('http').createServer === 'function' &&","                    'node';","            }","        }());","        // init global","        local.global = local.modeJs === 'browser'","            ? window","            : global;","        // init utility2_rollup","        local = local.global.utility2_rollup || (local.modeJs === 'browser'","            ? local.global.utility2_npmtest_karma","            : global.utility2_moduleExports);","        // export local","        local.global.local = local;","    }());","    switch (local.modeJs) {","","","","    // post-init","    // run browser js-env code - post-init","    /* istanbul ignore next */","    case 'browser':","        local.testRunBrowser = function (event) {","            if (!event || (event &&","                    event.currentTarget &&","                    event.currentTarget.className &&","                    event.currentTarget.className.includes &&","                    event.currentTarget.className.includes('onreset'))) {","                // reset output","                Array.from(","                    document.querySelectorAll('body > .resettable')","                ).forEach(function (element) {","                    switch (element.tagName) {","                    case 'INPUT':","                    case 'TEXTAREA':","                        element.value = '';","                        break;","                    default:","                        element.textContent = '';","                    }","                });","            }","            switch (event && event.currentTarget && event.currentTarget.id) {","            case 'testRunButton1':","                // show tests","                if (document.querySelector('#testReportDiv1').style.display === 'none') {","                    document.querySelector('#testReportDiv1').style.display = 'block';","                    document.querySelector('#testRunButton1').textContent =","                        'hide internal test';","                    local.modeTest = true;","                    local.testRunDefault(local);","                // hide tests","                } else {","                    document.querySelector('#testReportDiv1').style.display = 'none';","                    document.querySelector('#testRunButton1').textContent = 'run internal test';","                }","                break;","            // custom-case","            default:","                break;","            }","            if (document.querySelector('#inputTextareaEval1') && (!event || (event &&","                    event.currentTarget &&","                    event.currentTarget.className &&","                    event.currentTarget.className.includes &&","                    event.currentTarget.className.includes('oneval')))) {","                // try to eval input-code","                try {","                    /*jslint evil: true*/","                    eval(document.querySelector('#inputTextareaEval1').value);","                } catch (errorCaught) {","                    console.error(errorCaught);","                }","            }","        };","        // log stderr and stdout to #outputTextareaStdout1","        ['error', 'log'].forEach(function (key) {","            console[key + '_original'] = console[key];","            console[key] = function () {","                var element;","                console[key + '_original'].apply(console, arguments);","                element = document.querySelector('#outputTextareaStdout1');","                if (!element) {","                    return;","                }","                // append text to #outputTextareaStdout1","                element.value += Array.from(arguments).map(function (arg) {","                    return typeof arg === 'string'","                        ? arg","                        : JSON.stringify(arg, null, 4);","                }).join(' ') + '\\n';","                // scroll textarea to bottom","                element.scrollTop = element.scrollHeight;","            };","        });","        // init event-handling","        ['change', 'click', 'keyup'].forEach(function (event) {","            Array.from(document.querySelectorAll('.on' + event)).forEach(function (element) {","                element.addEventListener(event, local.testRunBrowser);","            });","        });","        // run tests","        local.testRunBrowser();","        break;","","","","    // run node js-env code - post-init","    /* istanbul ignore next */","    case 'node':","        // export local","        module.exports = local;","        // require modules","        local.fs = require('fs');","        local.http = require('http');","        local.url = require('url');","        // init assets","        local.assetsDict = local.assetsDict || {};","        /* jslint-ignore-begin */","        local.assetsDict['/assets.index.template.html'] = '\\","<!doctype html>\\n\\","<html lang=\"en\">\\n\\","<head>\\n\\","<meta charset=\"UTF-8\">\\n\\","<meta name=\"viewport\" content=\"width=device-width, initial-scale=1\">\\n\\","<title>{{env.npm_package_name}} (v{{env.npm_package_version}})</title>\\n\\","<style>\\n\\","/*csslint\\n\\","    box-sizing: false,\\n\\","    universal-selector: false\\n\\","*/\\n\\","* {\\n\\","    box-sizing: border-box;\\n\\","}\\n\\","body {\\n\\","    background: #dde;\\n\\","    font-family: Arial, Helvetica, sans-serif;\\n\\","    margin: 2rem;\\n\\","}\\n\\","body > * {\\n\\","    margin-bottom: 1rem;\\n\\","}\\n\\",".utility2FooterDiv {\\n\\","    margin-top: 20px;\\n\\","    text-align: center;\\n\\","}\\n\\","</style>\\n\\","<style>\\n\\","/*csslint\\n\\","*/\\n\\","textarea {\\n\\","    font-family: monospace;\\n\\","    height: 10rem;\\n\\","    width: 100%;\\n\\","}\\n\\","textarea[readonly] {\\n\\","    background: #ddd;\\n\\","}\\n\\","</style>\\n\\","</head>\\n\\","<body>\\n\\","<!-- utility2-comment\\n\\","<div id=\"ajaxProgressDiv1\" style=\"background: #d00; height: 2px; left: 0; margin: 0; padding: 0; position: fixed; top: 0; transition: background 0.5s, width 1.5s; width: 25%;\"></div>\\n\\","utility2-comment -->\\n\\","<h1>\\n\\","<!-- utility2-comment\\n\\","    <a\\n\\","        {{#if env.npm_package_homepage}}\\n\\","        href=\"{{env.npm_package_homepage}}\"\\n\\","        {{/if env.npm_package_homepage}}\\n\\","        target=\"_blank\"\\n\\","    >\\n\\","utility2-comment -->\\n\\","        {{env.npm_package_name}} (v{{env.npm_package_version}})\\n\\","<!-- utility2-comment\\n\\","    </a>\\n\\","utility2-comment -->\\n\\","</h1>\\n\\","<h3>{{env.npm_package_description}}</h3>\\n\\","<!-- utility2-comment\\n\\","<h4><a download href=\"assets.app.js\">download standalone app</a></h4>\\n\\","<button class=\"onclick onreset\" id=\"testRunButton1\">run internal test</button><br>\\n\\","<div id=\"testReportDiv1\" style=\"display: none;\"></div>\\n\\","utility2-comment -->\\n\\","\\n\\","\\n\\","\\n\\","<label>stderr and stdout</label>\\n\\","<textarea class=\"resettable\" id=\"outputTextareaStdout1\" readonly></textarea>\\n\\","<!-- utility2-comment\\n\\","{{#if isRollup}}\\n\\","<script src=\"assets.app.js\"></script>\\n\\","{{#unless isRollup}}\\n\\","utility2-comment -->\\n\\","<script src=\"assets.utility2.rollup.js\"></script>\\n\\","<script src=\"jsonp.utility2._stateInit?callback=window.utility2._stateInit\"></script>\\n\\","<script src=\"assets.npmtest_karma.rollup.js\"></script>\\n\\","<script src=\"assets.example.js\"></script>\\n\\","<script src=\"assets.test.js\"></script>\\n\\","<!-- utility2-comment\\n\\","{{/if isRollup}}\\n\\","utility2-comment -->\\n\\","<div class=\"utility2FooterDiv\">\\n\\","    [ this app was created with\\n\\","    <a href=\"https://github.com/kaizhu256/node-utility2\" target=\"_blank\">utility2</a>\\n\\","    ]\\n\\","</div>\\n\\","</body>\\n\\","</html>\\n\\","';","        /* jslint-ignore-end */","        if (local.templateRender) {","            local.assetsDict['/'] = local.templateRender(","                local.assetsDict['/assets.index.template.html'],","                {","                    env: local.objectSetDefault(local.env, {","                        npm_package_description: 'the greatest app in the world!',","                        npm_package_name: 'my-app',","                        npm_package_nameAlias: 'my_app',","                        npm_package_version: '0.0.1'","                    })","                }","            );","        } else {","            local.assetsDict['/'] = local.assetsDict['/assets.index.template.html']","                .replace((/\\{\\{env\\.(\\w+?)\\}\\}/g), function (match0, match1) {","                    // jslint-hack","                    String(match0);","                    switch (match1) {","                    case 'npm_package_description':","                        return 'the greatest app in the world!';","                    case 'npm_package_name':","                        return 'my-app';","                    case 'npm_package_nameAlias':","                        return 'my_app';","                    case 'npm_package_version':","                        return '0.0.1';","                    }","                });","        }","        // run the cli","        if (local.global.utility2_rollup || module !== require.main) {","            break;","        }","        local.assetsDict['/assets.example.js'] =","            local.assetsDict['/assets.example.js'] ||","            local.fs.readFileSync(__filename, 'utf8');","        // bug-workaround - long $npm_package_buildCustomOrg","        /* jslint-ignore-begin */","        local.assetsDict['/assets.npmtest_karma.rollup.js'] =","            local.assetsDict['/assets.npmtest_karma.rollup.js'] ||","            local.fs.readFileSync(","                local.npmtest_karma.__dirname + '/lib.npmtest_karma.js',","                'utf8'","            ).replace((/^#!/), '//');","        /* jslint-ignore-end */","        local.assetsDict['/favicon.ico'] = local.assetsDict['/favicon.ico'] || '';","        // if $npm_config_timeout_exit exists,","        // then exit this process after $npm_config_timeout_exit ms","        if (Number(process.env.npm_config_timeout_exit)) {","            setTimeout(process.exit, Number(process.env.npm_config_timeout_exit));","        }","        // start server","        if (local.global.utility2_serverHttp1) {","            break;","        }","        process.env.PORT = process.env.PORT || '8081';","        console.error('server starting on port ' + process.env.PORT);","        local.http.createServer(function (request, response) {","            request.urlParsed = local.url.parse(request.url);","            if (local.assetsDict[request.urlParsed.pathname] !== undefined) {","                response.end(local.assetsDict[request.urlParsed.pathname]);","                return;","            }","            response.statusCode = 404;","            response.end();","        }).listen(process.env.PORT);","        break;","    }","}());",""],"l":{"26":2,"28":2,"33":2,"35":2,"37":2,"38":2,"39":2,"44":1,"51":2,"55":2,"59":2,"61":2,"69":1,"70":2,"76":2,"79":2,"82":2,"83":2,"85":1,"89":2,"92":1,"93":1,"94":1,"96":1,"97":1,"100":1,"101":1,"103":1,"106":1,"108":2,"114":1,"116":1,"118":1,"123":1,"124":2,"125":2,"126":3,"127":3,"128":3,"129":3,"130":1,"133":3,"134":3,"139":3,"143":1,"144":3,"145":1,"149":1,"150":1,"158":1,"160":1,"161":1,"162":1,"164":1,"166":1,"258":1,"259":1,"271":1,"274":6,"275":6,"277":1,"279":2,"281":1,"283":2,"288":1,"289":1,"291":1,"296":1,"303":1,"306":1,"307":1,"310":1,"311":1,"313":1,"314":1,"315":1,"316":1,"317":1,"318":1,"319":1,"321":1,"322":1,"324":1}},"/home/travis/build/npmtest/node-npmtest-karma/node_modules/karma/lib/index.js":{"path":"/home/travis/build/npmtest/node-npmtest-karma/node_modules/karma/lib/index.js","s":{"1":1,"2":1,"3":1,"4":1,"5":1,"6":1,"7":1,"8":0,"9":0,"10":0,"11":1},"b":{},"f":{"1":0},"fnMap":{"1":{"name":"(anonymous_1)","line":12,"loc":{"start":{"line":12,"column":9},"end":{"line":12,"column":37}}}},"statementMap":{"1":{"start":{"line":3,"column":0},"end":{"line":3,"column":38}},"2":{"start":{"line":4,"column":0},"end":{"line":4,"column":32}},"3":{"start":{"line":5,"column":0},"end":{"line":5,"column":32}},"4":{"start":{"line":6,"column":0},"end":{"line":6,"column":34}},"5":{"start":{"line":7,"column":0},"end":{"line":7,"column":36}},"6":{"start":{"line":8,"column":0},"end":{"line":8,"column":29}},"7":{"start":{"line":11,"column":0},"end":{"line":20,"column":1}},"8":{"start":{"line":13,"column":4},"end":{"line":16,"column":17}},"9":{"start":{"line":17,"column":4},"end":{"line":17,"column":45}},"10":{"start":{"line":18,"column":4},"end":{"line":18,"column":18}},"11":{"start":{"line":22,"column":0},"end":{"line":31,"column":1}}},"branchMap":{},"code":["// index module","","var constants = require('./constants')","var Server = require('./server')","var runner = require('./runner')","var stopper = require('./stopper')","var launcher = require('./launcher')","var cfg = require('./config')","","// TODO: remove in 1.0","var oldServer = {","  start: function (cliOptions, done) {","    console.error('WARN `start` method is deprecated since 0.13. It will be removed in 0.14. Please use \\n' +","      '  server = new Server(config, [done])\\n' +","      '  server.start()\\n' +","      'instead.')","    var server = new Server(cliOptions, done)","    server.start()","  }","}","","module.exports = {","  constants: constants,","  VERSION: constants.VERSION,","  Server: Server,","  runner: runner,","  stopper: stopper,","  launcher: launcher,","  config: { parseConfig: cfg.parseConfig }, // lets start with only opening up the `parseConfig` api","  server: oldServer","}",""],"l":{"3":1,"4":1,"5":1,"6":1,"7":1,"8":1,"11":1,"13":0,"17":0,"18":0,"22":1}},"/home/travis/build/npmtest/node-npmtest-karma/node_modules/karma/lib/constants.js":{"path":"/home/travis/build/npmtest/node-npmtest-karma/node_modules/karma/lib/constants.js","s":{"1":1,"2":1,"3":1,"4":1,"5":1,"6":1,"7":1,"8":1,"9":1,"10":1,"11":1,"12":1,"13":1,"14":1,"15":1,"16":1,"17":1,"18":1},"b":{"1":[1,0],"2":[1,1],"3":[1,1]},"f":{},"fnMap":{},"statementMap":{"1":{"start":{"line":1,"column":0},"end":{"line":1,"column":31}},"2":{"start":{"line":2,"column":0},"end":{"line":2,"column":26}},"3":{"start":{"line":4,"column":0},"end":{"line":4,"column":90}},"4":{"start":{"line":6,"column":0},"end":{"line":6,"column":29}},"5":{"start":{"line":8,"column":0},"end":{"line":8,"column":47}},"6":{"start":{"line":9,"column":0},"end":{"line":9,"column":56}},"7":{"start":{"line":10,"column":0},"end":{"line":10,"column":66}},"8":{"start":{"line":13,"column":0},"end":{"line":13,"column":27}},"9":{"start":{"line":14,"column":0},"end":{"line":14,"column":27}},"10":{"start":{"line":15,"column":0},"end":{"line":15,"column":25}},"11":{"start":{"line":16,"column":0},"end":{"line":16,"column":25}},"12":{"start":{"line":17,"column":0},"end":{"line":17,"column":27}},"13":{"start":{"line":18,"column":0},"end":{"line":18,"column":23}},"14":{"start":{"line":19,"column":0},"end":{"line":26,"column":1}},"15":{"start":{"line":29,"column":0},"end":{"line":29,"column":50}},"16":{"start":{"line":30,"column":0},"end":{"line":30,"column":49}},"17":{"start":{"line":33,"column":0},"end":{"line":39,"column":1}},"18":{"start":{"line":41,"column":0},"end":{"line":41,"column":30}}},"branchMap":{"1":{"line":8,"type":"binary-expr","locations":[{"start":{"line":8,"column":23},"end":{"line":8,"column":39}},{"start":{"line":8,"column":43},"end":{"line":8,"column":47}}]},"2":{"line":9,"type":"binary-expr","locations":[{"start":{"line":9,"column":27},"end":{"line":9,"column":41}},{"start":{"line":9,"column":45},"end":{"line":9,"column":56}}]},"3":{"line":10,"type":"binary-expr","locations":[{"start":{"line":10,"column":30},"end":{"line":10,"column":53}},{"start":{"line":10,"column":57},"end":{"line":10,"column":66}}]}},"code":["var fs = require('graceful-fs')","var path = require('path')","","var pkg = JSON.parse(fs.readFileSync(path.join(__dirname, '/../package.json')).toString())","","exports.VERSION = pkg.version","","exports.DEFAULT_PORT = process.env.PORT || 9876","exports.DEFAULT_HOSTNAME = process.env.IP || 'localhost'","exports.DEFAULT_LISTEN_ADDR = process.env.LISTEN_ADDR || '0.0.0.0'","","// log levels","exports.LOG_DISABLE = 'OFF'","exports.LOG_ERROR = 'ERROR'","exports.LOG_WARN = 'WARN'","exports.LOG_INFO = 'INFO'","exports.LOG_DEBUG = 'DEBUG'","exports.LOG_LOG = 'LOG'","exports.LOG_PRIORITIES = [","  exports.LOG_DISABLE,","  exports.LOG_ERROR,","  exports.LOG_WARN,","  exports.LOG_INFO,","  exports.LOG_DEBUG,","  exports.LOG_LOG","]","","// Default patterns for the pattern layout.","exports.COLOR_PATTERN = '%[%d{DATE}:%p [%c]: %]%m'","exports.NO_COLOR_PATTERN = '%d{DATE}:%p [%c]: %m'","","// Default console appender","exports.CONSOLE_APPENDER = {","  type: 'console',","  layout: {","    type: 'pattern',","    pattern: exports.COLOR_PATTERN","  }","}","","exports.EXIT_CODE = '\\x1FEXIT'",""],"l":{"1":1,"2":1,"4":1,"6":1,"8":1,"9":1,"10":1,"13":1,"14":1,"15":1,"16":1,"17":1,"18":1,"19":1,"29":1,"30":1,"33":1,"41":1}},"/home/travis/build/npmtest/node-npmtest-karma/node_modules/karma/lib/server.js":{"path":"/home/travis/build/npmtest/node-npmtest-karma/node_modules/karma/lib/server.js","s":{"1":1,"2":1,"3":1,"4":1,"5":1,"6":1,"7":1,"8":1,"9":1,"10":1,"11":1,"12":1,"13":1,"14":1,"15":1,"16":1,"17":1,"18":1,"19":1,"20":1,"21":1,"22":1,"23":1,"24":1,"25":1,"26":1,"27":1,"28":1,"29":0,"30":0,"31":0,"32":1,"33":0,"34":0,"35":0,"36":0,"37":0,"38":0,"39":0,"40":0,"41":0,"42":0,"43":0,"44":1,"45":1,"46":0,"47":1,"48":0,"49":0,"50":1,"51":0,"52":1,"53":0,"54":0,"55":0,"56":1,"57":0,"58":0,"59":0,"60":0,"61":0,"62":0,"63":0,"64":0,"65":0,"66":0,"67":0,"68":0,"69":0,"70":0,"71":0,"72":0,"73":0,"74":0,"75":0,"76":0,"77":0,"78":0,"79":0,"80":0,"81":0,"82":0,"83":0,"84":0,"85":0,"86":0,"87":0,"88":0,"89":0,"90":0,"91":0,"92":0,"93":0,"94":0,"95":0,"96":0,"97":0,"98":0,"99":0,"100":0,"101":0,"102":0,"103":0,"104":0,"105":0,"106":0,"107":0,"108":0,"109":0,"110":0,"111":0,"112":0,"113":0,"114":0,"115":0,"116":0,"117":0,"118":0,"119":0,"120":0,"121":0,"122":0,"123":0,"124":0,"125":0,"126":0,"127":0,"128":0,"129":0,"130":0,"131":0,"132":0,"133":0,"134":0,"135":0,"136":0,"137":0,"138":0,"139":0,"140":0,"141":0,"142":0,"143":0,"144":0,"145":0,"146":0,"147":0,"148":0,"149":0,"150":0,"151":0,"152":0,"153":0,"154":0,"155":0,"156":0,"157":0,"158":0,"159":0,"160":0,"161":0,"162":0,"163":0,"164":0,"165":0,"166":0,"167":0,"168":0,"169":0,"170":0,"171":0,"172":0,"173":0,"174":0,"175":0,"176":0,"177":0,"178":0,"179":0,"180":0,"181":0,"182":0,"183":0,"184":0,"185":0,"186":0,"187":0,"188":0,"189":0,"190":0,"191":0,"192":0,"193":0,"194":0,"195":0,"196":0,"197":0,"198":0,"199":0,"200":0,"201":0,"202":0,"203":0,"204":1,"205":0,"206":0,"207":0,"208":0,"209":1,"210":0,"211":0,"212":0,"213":0,"214":0,"215":0,"216":0,"217":0,"218":0,"219":0,"220":0,"221":0,"222":0,"223":1},"b":{"1":[1,0,0],"2":[0,0],"3":[0,0],"4":[0,0],"5":[0,0],"6":[0,0],"7":[0,0],"8":[0,0],"9":[0,0],"10":[0,0],"11":[0,0],"12":[0,0],"13":[0,0],"14":[0,0],"15":[0,0],"16":[0,0],"17":[0,0],"18":[0,0],"19":[0,0],"20":[0,0],"21":[0,0],"22":[0,0],"23":[0,0],"24":[0,0],"25":[0,0],"26":[0,0],"27":[0,0],"28":[0,0],"29":[0,0],"30":[0,0],"31":[0,0],"32":[0,0],"33":[0,0],"34":[0,0],"35":[0,0],"36":[0,0],"37":[0,0],"38":[0,0],"39":[0,0],"40":[0,0],"41":[0,0]},"f":{"1":0,"2":0,"3":0,"4":0,"5":0,"6":0,"7":0,"8":0,"9":0,"10":0,"11":0,"12":0,"13":0,"14":0,"15":0,"16":0,"17":0,"18":0,"19":0,"20":0,"21":0,"22":0,"23":0,"24":0,"25":0,"26":0,"27":0,"28":0,"29":0,"30":0,"31":0,"32":0,"33":0,"34":0,"35":0,"36":0,"37":0,"38":0,"39":0},"fnMap":{"1":{"name":"createSocketIoServer","line":31,"loc":{"start":{"line":31,"column":0},"end":{"line":31,"column":60}}},"2":{"name":"(anonymous_2)","line":47,"loc":{"start":{"line":47,"column":13},"end":{"line":47,"column":41}}},"3":{"name":"(anonymous_3)","line":79,"loc":{"start":{"line":79,"column":18},"end":{"line":79,"column":30}}},"4":{"name":"(anonymous_4)","line":82,"loc":{"start":{"line":82,"column":20},"end":{"line":82,"column":41}}},"5":{"name":"(anonymous_5)","line":102,"loc":{"start":{"line":102,"column":25},"end":{"line":102,"column":37}}},"6":{"name":"(anonymous_6)","line":110,"loc":{"start":{"line":110,"column":15},"end":{"line":110,"column":43}}},"7":{"name":"(anonymous_7)","line":118,"loc":{"start":{"line":118,"column":23},"end":{"line":118,"column":40}}},"8":{"name":"(anonymous_8)","line":123,"loc":{"start":{"line":123,"column":32},"end":{"line":123,"column":44}}},"9":{"name":"(anonymous_9)","line":132,"loc":{"start":{"line":132,"column":26},"end":{"line":133,"column":70}}},"10":{"name":"(anonymous_10)","line":142,"loc":{"start":{"line":142,"column":28},"end":{"line":142,"column":49}}},"11":{"name":"(anonymous_11)","line":159,"loc":{"start":{"line":159,"column":24},"end":{"line":159,"column":37}}},"12":{"name":"(anonymous_12)","line":169,"loc":{"start":{"line":169,"column":24},"end":{"line":169,"column":36}}},"13":{"name":"(anonymous_13)","line":174,"loc":{"start":{"line":174,"column":56},"end":{"line":174,"column":68}}},"14":{"name":"(anonymous_14)","line":180,"loc":{"start":{"line":180,"column":65},"end":{"line":180,"column":92}}},"15":{"name":"(anonymous_15)","line":195,"loc":{"start":{"line":195,"column":29},"end":{"line":195,"column":41}}},"16":{"name":"(anonymous_16)","line":200,"loc":{"start":{"line":200,"column":30},"end":{"line":200,"column":49}}},"17":{"name":"(anonymous_17)","line":221,"loc":{"start":{"line":221,"column":27},"end":{"line":221,"column":62}}},"18":{"name":"(anonymous_18)","line":227,"loc":{"start":{"line":227,"column":55},"end":{"line":227,"column":68}}},"19":{"name":"(anonymous_19)","line":236,"loc":{"start":{"line":236,"column":40},"end":{"line":236,"column":58}}},"20":{"name":"(anonymous_20)","line":241,"loc":{"start":{"line":241,"column":26},"end":{"line":241,"column":47}}},"21":{"name":"(anonymous_21)","line":245,"loc":{"start":{"line":245,"column":26},"end":{"line":245,"column":42}}},"22":{"name":"(anonymous_22)","line":281,"loc":{"start":{"line":281,"column":41},"end":{"line":281,"column":53}}},"23":{"name":"(anonymous_23)","line":283,"loc":{"start":{"line":283,"column":59},"end":{"line":283,"column":81}}},"24":{"name":"(anonymous_24)","line":299,"loc":{"start":{"line":299,"column":30},"end":{"line":299,"column":58}}},"25":{"name":"(anonymous_25)","line":314,"loc":{"start":{"line":314,"column":39},"end":{"line":314,"column":67}}},"26":{"name":"(anonymous_26)","line":318,"loc":{"start":{"line":318,"column":53},"end":{"line":318,"column":81}}},"27":{"name":"(anonymous_27)","line":329,"loc":{"start":{"line":329,"column":39},"end":{"line":329,"column":66}}},"28":{"name":"(anonymous_28)","line":336,"loc":{"start":{"line":336,"column":28},"end":{"line":336,"column":57}}},"29":{"name":"(anonymous_29)","line":345,"loc":{"start":{"line":345,"column":34},"end":{"line":345,"column":46}}},"30":{"name":"(anonymous_30)","line":355,"loc":{"start":{"line":355,"column":27},"end":{"line":355,"column":43}}},"31":{"name":"(anonymous_31)","line":361,"loc":{"start":{"line":361,"column":33},"end":{"line":361,"column":47}}},"32":{"name":"(anonymous_32)","line":372,"loc":{"start":{"line":372,"column":29},"end":{"line":372,"column":41}}},"33":{"name":"(anonymous_33)","line":383,"loc":{"start":{"line":383,"column":32},"end":{"line":383,"column":44}}},"34":{"name":"(anonymous_34)","line":389,"loc":{"start":{"line":389,"column":22},"end":{"line":389,"column":34}}},"35":{"name":"(anonymous_35)","line":396,"loc":{"start":{"line":396,"column":30},"end":{"line":396,"column":42}}},"36":{"name":"(anonymous_36)","line":403,"loc":{"start":{"line":403,"column":41},"end":{"line":403,"column":58}}},"37":{"name":"(anonymous_37)","line":409,"loc":{"start":{"line":409,"column":43},"end":{"line":409,"column":55}}},"38":{"name":"(anonymous_38)","line":411,"loc":{"start":{"line":411,"column":24},"end":{"line":411,"column":46}}},"39":{"name":"(anonymous_39)","line":417,"loc":{"start":{"line":417,"column":27},"end":{"line":417,"column":51}}}},"statementMap":{"1":{"start":{"line":1,"column":0},"end":{"line":1,"column":35}},"2":{"start":{"line":2,"column":0},"end":{"line":2,"column":22}},"3":{"start":{"line":3,"column":0},"end":{"line":3,"column":26}},"4":{"start":{"line":4,"column":0},"end":{"line":4,"column":33}},"5":{"start":{"line":5,"column":0},"end":{"line":5,"column":42}},"6":{"start":{"line":6,"column":0},"end":{"line":6,"column":24}},"7":{"start":{"line":7,"column":0},"end":{"line":7,"column":22}},"8":{"start":{"line":8,"column":0},"end":{"line":8,"column":26}},"9":{"start":{"line":9,"column":0},"end":{"line":9,"column":35}},"10":{"start":{"line":11,"column":0},"end":{"line":11,"column":29}},"11":{"start":{"line":12,"column":0},"end":{"line":12,"column":32}},"12":{"start":{"line":13,"column":0},"end":{"line":13,"column":37}},"13":{"start":{"line":14,"column":0},"end":{"line":14,"column":34}},"14":{"start":{"line":15,"column":0},"end":{"line":15,"column":32}},"15":{"start":{"line":17,"column":0},"end":{"line":17,"column":32}},"16":{"start":{"line":18,"column":0},"end":{"line":18,"column":44}},"17":{"start":{"line":19,"column":0},"end":{"line":19,"column":45}},"18":{"start":{"line":20,"column":0},"end":{"line":20,"column":37}},"19":{"start":{"line":21,"column":0},"end":{"line":21,"column":36}},"20":{"start":{"line":22,"column":0},"end":{"line":22,"column":32}},"21":{"start":{"line":23,"column":0},"end":{"line":23,"column":32}},"22":{"start":{"line":24,"column":0},"end":{"line":24,"column":38}},"23":{"start":{"line":25,"column":0},"end":{"line":25,"column":36}},"24":{"start":{"line":26,"column":0},"end":{"line":26,"column":34}},"25":{"start":{"line":27,"column":0},"end":{"line":27,"column":55}},"26":{"start":{"line":28,"column":0},"end":{"line":28,"column":49}},"27":{"start":{"line":29,"column":0},"end":{"line":29,"column":48}},"28":{"start":{"line":31,"column":0},"end":{"line":44,"column":1}},"29":{"start":{"line":32,"column":2},"end":{"line":38,"column":4}},"30":{"start":{"line":41,"column":2},"end":{"line":41,"column":43}},"31":{"start":{"line":43,"column":2},"end":{"line":43,"column":15}},"32":{"start":{"line":47,"column":0},"end":{"line":93,"column":1}},"33":{"start":{"line":48,"column":2},"end":{"line":48,"column":25}},"34":{"start":{"line":50,"column":2},"end":{"line":50,"column":36}},"35":{"start":{"line":52,"column":2},"end":{"line":52,"column":28}},"36":{"start":{"line":54,"column":2},"end":{"line":54,"column":22}},"37":{"start":{"line":56,"column":2},"end":{"line":56,"column":65}},"38":{"start":{"line":58,"column":2},"end":{"line":86,"column":4}},"39":{"start":{"line":80,"column":8},"end":{"line":80,"column":48}},"40":{"start":{"line":83,"column":8},"end":{"line":83,"column":31}},"41":{"start":{"line":88,"column":2},"end":{"line":88,"column":32}},"42":{"start":{"line":90,"column":2},"end":{"line":90,"column":64}},"43":{"start":{"line":92,"column":2},"end":{"line":92,"column":43}},"44":{"start":{"line":96,"column":0},"end":{"line":96,"column":35}},"45":{"start":{"line":102,"column":0},"end":{"line":104,"column":1}},"46":{"start":{"line":103,"column":2},"end":{"line":103,"column":42}},"47":{"start":{"line":110,"column":0},"end":{"line":113,"column":1}},"48":{"start":{"line":111,"column":2},"end":{"line":111,"column":43}},"49":{"start":{"line":112,"column":2},"end":{"line":112,"column":16}},"50":{"start":{"line":118,"column":0},"end":{"line":120,"column":1}},"51":{"start":{"line":119,"column":2},"end":{"line":119,"column":34}},"52":{"start":{"line":123,"column":0},"end":{"line":127,"column":1}},"53":{"start":{"line":124,"column":2},"end":{"line":124,"column":47}},"54":{"start":{"line":124,"column":23},"end":{"line":124,"column":47}},"55":{"start":{"line":126,"column":2},"end":{"line":126,"column":33}},"56":{"start":{"line":132,"column":0},"end":{"line":407,"column":1}},"57":{"start":{"line":134,"column":2},"end":{"line":134,"column":17}},"58":{"start":{"line":135,"column":2},"end":{"line":138,"column":3}},"59":{"start":{"line":136,"column":4},"end":{"line":136,"column":30}},"60":{"start":{"line":137,"column":4},"end":{"line":137,"column":10}},"61":{"start":{"line":140,"column":2},"end":{"line":140,"column":27}},"62":{"start":{"line":142,"column":2},"end":{"line":144,"column":4}},"63":{"start":{"line":143,"column":4},"end":{"line":143,"column":48}},"64":{"start":{"line":146,"column":2},"end":{"line":146,"column":49}},"65":{"start":{"line":147,"column":2},"end":{"line":147,"column":55}},"66":{"start":{"line":150,"column":2},"end":{"line":150,"column":49}},"67":{"start":{"line":154,"column":2},"end":{"line":154,"column":67}},"68":{"start":{"line":157,"column":2},"end":{"line":157,"column":41}},"69":{"start":{"line":159,"column":2},"end":{"line":167,"column":4}},"70":{"start":{"line":160,"column":4},"end":{"line":166,"column":5}},"71":{"start":{"line":161,"column":6},"end":{"line":161,"column":50}},"72":{"start":{"line":162,"column":6},"end":{"line":162,"column":19}},"73":{"start":{"line":163,"column":6},"end":{"line":163,"column":57}},"74":{"start":{"line":165,"column":6},"end":{"line":165,"column":13}},"75":{"start":{"line":169,"column":2},"end":{"line":191,"column":3}},"76":{"start":{"line":170,"column":4},"end":{"line":172,"column":5}},"77":{"start":{"line":171,"column":6},"end":{"line":171,"column":42}},"78":{"start":{"line":174,"column":4},"end":{"line":190,"column":6}},"79":{"start":{"line":175,"column":6},"end":{"line":176,"column":75}},"80":{"start":{"line":178,"column":6},"end":{"line":178,"column":41}},"81":{"start":{"line":179,"column":6},"end":{"line":183,"column":7}},"82":{"start":{"line":180,"column":8},"end":{"line":182,"column":10}},"83":{"start":{"line":181,"column":10},"end":{"line":181,"column":59}},"84":{"start":{"line":184,"column":6},"end":{"line":184,"column":47}},"85":{"start":{"line":185,"column":6},"end":{"line":189,"column":7}},"86":{"start":{"line":186,"column":8},"end":{"line":186,"column":92}},"87":{"start":{"line":187,"column":8},"end":{"line":187,"column":28}},"88":{"start":{"line":188,"column":8},"end":{"line":188,"column":43}},"89":{"start":{"line":193,"column":2},"end":{"line":193,"column":59}},"90":{"start":{"line":195,"column":2},"end":{"line":198,"column":4}},"91":{"start":{"line":197,"column":4},"end":{"line":197,"column":67}},"92":{"start":{"line":200,"column":2},"end":{"line":212,"column":4}},"93":{"start":{"line":201,"column":4},"end":{"line":201,"column":37}},"94":{"start":{"line":205,"column":4},"end":{"line":211,"column":5}},"95":{"start":{"line":206,"column":6},"end":{"line":206,"column":33}},"96":{"start":{"line":208,"column":6},"end":{"line":210,"column":7}},"97":{"start":{"line":209,"column":8},"end":{"line":209,"column":27}},"98":{"start":{"line":214,"column":2},"end":{"line":233,"column":3}},"99":{"start":{"line":215,"column":4},"end":{"line":215,"column":70}},"100":{"start":{"line":216,"column":4},"end":{"line":216,"column":76}},"101":{"start":{"line":217,"column":4},"end":{"line":217,"column":57}},"102":{"start":{"line":218,"column":4},"end":{"line":218,"column":68}},"103":{"start":{"line":219,"column":4},"end":{"line":219,"column":54}},"104":{"start":{"line":220,"column":4},"end":{"line":220,"column":58}},"105":{"start":{"line":221,"column":4},"end":{"line":232,"column":6}},"106":{"start":{"line":222,"column":6},"end":{"line":222,"column":83}},"107":{"start":{"line":222,"column":77},"end":{"line":222,"column":83}},"108":{"start":{"line":223,"column":6},"end":{"line":225,"column":7}},"109":{"start":{"line":224,"column":8},"end":{"line":224,"column":75}},"110":{"start":{"line":226,"column":6},"end":{"line":226,"column":103}},"111":{"start":{"line":227,"column":6},"end":{"line":229,"column":8}},"112":{"start":{"line":228,"column":8},"end":{"line":228,"column":24}},"113":{"start":{"line":230,"column":6},"end":{"line":230,"column":67}},"114":{"start":{"line":231,"column":6},"end":{"line":231,"column":48}},"115":{"start":{"line":235,"column":2},"end":{"line":235,"column":78}},"116":{"start":{"line":236,"column":2},"end":{"line":279,"column":4}},"117":{"start":{"line":237,"column":4},"end":{"line":237,"column":68}},"118":{"start":{"line":239,"column":4},"end":{"line":239,"column":72}},"119":{"start":{"line":241,"column":4},"end":{"line":243,"column":6}},"120":{"start":{"line":242,"column":6},"end":{"line":242,"column":11}},"121":{"start":{"line":245,"column":4},"end":{"line":278,"column":6}},"122":{"start":{"line":246,"column":6},"end":{"line":246,"column":20}},"123":{"start":{"line":247,"column":6},"end":{"line":247,"column":19}},"124":{"start":{"line":249,"column":6},"end":{"line":251,"column":7}},"125":{"start":{"line":250,"column":8},"end":{"line":250,"column":92}},"126":{"start":{"line":253,"column":6},"end":{"line":275,"column":7}},"127":{"start":{"line":254,"column":8},"end":{"line":254,"column":67}},"128":{"start":{"line":255,"column":8},"end":{"line":255,"column":36}},"129":{"start":{"line":258,"column":8},"end":{"line":260,"column":9}},"130":{"start":{"line":259,"column":10},"end":{"line":259,"column":43}},"131":{"start":{"line":262,"column":8},"end":{"line":266,"column":32}},"132":{"start":{"line":268,"column":8},"end":{"line":268,"column":25}},"133":{"start":{"line":271,"column":8},"end":{"line":274,"column":9}},"134":{"start":{"line":272,"column":10},"end":{"line":272,"column":43}},"135":{"start":{"line":273,"column":10},"end":{"line":273,"column":43}},"136":{"start":{"line":277,"column":6},"end":{"line":277,"column":25}},"137":{"start":{"line":281,"column":2},"end":{"line":297,"column":3}},"138":{"start":{"line":283,"column":4},"end":{"line":285,"column":12}},"139":{"start":{"line":284,"column":6},"end":{"line":284,"column":48}},"140":{"start":{"line":287,"column":4},"end":{"line":296,"column":5}},"141":{"start":{"line":288,"column":6},"end":{"line":288,"column":50}},"142":{"start":{"line":289,"column":6},"end":{"line":294,"column":7}},"143":{"start":{"line":290,"column":8},"end":{"line":290,"column":28}},"144":{"start":{"line":291,"column":13},"end":{"line":294,"column":7}},"145":{"start":{"line":292,"column":8},"end":{"line":292,"column":28}},"146":{"start":{"line":293,"column":8},"end":{"line":293,"column":46}},"147":{"start":{"line":295,"column":6},"end":{"line":295,"column":59}},"148":{"start":{"line":299,"column":2},"end":{"line":311,"column":4}},"149":{"start":{"line":300,"column":4},"end":{"line":310,"column":5}},"150":{"start":{"line":302,"column":6},"end":{"line":303,"column":77}},"151":{"start":{"line":305,"column":6},"end":{"line":307,"column":7}},"152":{"start":{"line":306,"column":8},"end":{"line":306,"column":62}},"153":{"start":{"line":309,"column":6},"end":{"line":309,"column":74}},"154":{"start":{"line":313,"column":2},"end":{"line":342,"column":3}},"155":{"start":{"line":314,"column":4},"end":{"line":317,"column":6}},"156":{"start":{"line":315,"column":6},"end":{"line":315,"column":55}},"157":{"start":{"line":316,"column":6},"end":{"line":316,"column":40}},"158":{"start":{"line":318,"column":4},"end":{"line":327,"column":6}},"159":{"start":{"line":319,"column":6},"end":{"line":319,"column":55}},"160":{"start":{"line":321,"column":6},"end":{"line":324,"column":7}},"161":{"start":{"line":323,"column":8},"end":{"line":323,"column":59}},"162":{"start":{"line":326,"column":6},"end":{"line":326,"column":40}},"163":{"start":{"line":329,"column":4},"end":{"line":334,"column":6}},"164":{"start":{"line":330,"column":6},"end":{"line":330,"column":54}},"165":{"start":{"line":331,"column":6},"end":{"line":331,"column":40}},"166":{"start":{"line":333,"column":6},"end":{"line":333,"column":40}},"167":{"start":{"line":336,"column":4},"end":{"line":339,"column":6}},"168":{"start":{"line":337,"column":6},"end":{"line":337,"column":46}},"169":{"start":{"line":338,"column":6},"end":{"line":338,"column":42}},"170":{"start":{"line":341,"column":4},"end":{"line":341,"column":45}},"171":{"start":{"line":344,"column":2},"end":{"line":352,"column":3}},"172":{"start":{"line":345,"column":4},"end":{"line":351,"column":6}},"173":{"start":{"line":346,"column":6},"end":{"line":346,"column":68}},"174":{"start":{"line":347,"column":6},"end":{"line":349,"column":7}},"175":{"start":{"line":348,"column":8},"end":{"line":348,"column":41}},"176":{"start":{"line":350,"column":6},"end":{"line":350,"column":25}},"177":{"start":{"line":354,"column":2},"end":{"line":354,"column":34}},"178":{"start":{"line":355,"column":2},"end":{"line":394,"column":3}},"179":{"start":{"line":359,"column":4},"end":{"line":359,"column":46}},"180":{"start":{"line":361,"column":4},"end":{"line":369,"column":6}},"181":{"start":{"line":362,"column":6},"end":{"line":362,"column":30}},"182":{"start":{"line":363,"column":6},"end":{"line":363,"column":45}},"183":{"start":{"line":364,"column":6},"end":{"line":368,"column":7}},"184":{"start":{"line":367,"column":8},"end":{"line":367,"column":56}},"185":{"start":{"line":371,"column":4},"end":{"line":371,"column":38}},"186":{"start":{"line":372,"column":4},"end":{"line":381,"column":5}},"187":{"start":{"line":374,"column":6},"end":{"line":376,"column":7}},"188":{"start":{"line":375,"column":8},"end":{"line":375,"column":14}},"189":{"start":{"line":377,"column":6},"end":{"line":377,"column":35}},"190":{"start":{"line":378,"column":6},"end":{"line":378,"column":36}},"191":{"start":{"line":379,"column":6},"end":{"line":379,"column":41}},"192":{"start":{"line":380,"column":6},"end":{"line":380,"column":21}},"193":{"start":{"line":383,"column":4},"end":{"line":393,"column":6}},"194":{"start":{"line":386,"column":6},"end":{"line":386,"column":78}},"195":{"start":{"line":389,"column":6},"end":{"line":392,"column":8}},"196":{"start":{"line":390,"column":8},"end":{"line":390,"column":34}},"197":{"start":{"line":391,"column":8},"end":{"line":391,"column":28}},"198":{"start":{"line":396,"column":2},"end":{"line":398,"column":4}},"199":{"start":{"line":397,"column":4},"end":{"line":397,"column":40}},"200":{"start":{"line":399,"column":2},"end":{"line":399,"column":50}},"201":{"start":{"line":403,"column":2},"end":{"line":406,"column":4}},"202":{"start":{"line":404,"column":4},"end":{"line":404,"column":25}},"203":{"start":{"line":405,"column":4},"end":{"line":405,"column":25}},"204":{"start":{"line":409,"column":0},"end":{"line":415,"column":1}},"205":{"start":{"line":410,"column":2},"end":{"line":410,"column":17}},"206":{"start":{"line":411,"column":2},"end":{"line":414,"column":4}},"207":{"start":{"line":412,"column":4},"end":{"line":412,"column":81}},"208":{"start":{"line":413,"column":4},"end":{"line":413,"column":38}},"209":{"start":{"line":417,"column":0},"end":{"line":436,"column":1}},"210":{"start":{"line":418,"column":2},"end":{"line":418,"column":20}},"211":{"start":{"line":419,"column":2},"end":{"line":419,"column":42}},"212":{"start":{"line":420,"column":2},"end":{"line":420,"column":37}},"213":{"start":{"line":421,"column":2},"end":{"line":421,"column":50}},"214":{"start":{"line":422,"column":2},"end":{"line":422,"column":58}},"215":{"start":{"line":423,"column":2},"end":{"line":423,"column":25}},"216":{"start":{"line":424,"column":2},"end":{"line":430,"column":3}},"217":{"start":{"line":425,"column":4},"end":{"line":425,"column":66}},"218":{"start":{"line":427,"column":4},"end":{"line":427,"column":60}},"219":{"start":{"line":428,"column":4},"end":{"line":428,"column":11}},"220":{"start":{"line":429,"column":4},"end":{"line":429,"column":10}},"221":{"start":{"line":431,"column":2},"end":{"line":434,"column":4}},"222":{"start":{"line":435,"column":2},"end":{"line":435,"column":15}},"223":{"start":{"line":441,"column":0},"end":{"line":441,"column":23}}},"branchMap":{"1":{"line":9,"type":"binary-expr","locations":[{"start":{"line":9,"column":11},"end":{"line":9,"column":17}},{"start":{"line":9,"column":21},"end":{"line":9,"column":27}},{"start":{"line":9,"column":31},"end":{"line":9,"column":35}}]},"2":{"line":61,"type":"binary-expr","locations":[{"start":{"line":61,"column":20},"end":{"line":61,"column":24}},{"start":{"line":61,"column":28},"end":{"line":61,"column":40}}]},"3":{"line":124,"type":"if","locations":[{"start":{"line":124,"column":2},"end":{"line":124,"column":2}},{"start":{"line":124,"column":2},"end":{"line":124,"column":2}}]},"4":{"line":135,"type":"if","locations":[{"start":{"line":135,"column":2},"end":{"line":135,"column":2}},{"start":{"line":135,"column":2},"end":{"line":135,"column":2}}]},"5":{"line":160,"type":"if","locations":[{"start":{"line":160,"column":4},"end":{"line":160,"column":4}},{"start":{"line":160,"column":4},"end":{"line":160,"column":4}}]},"6":{"line":170,"type":"if","locations":[{"start":{"line":170,"column":4},"end":{"line":170,"column":4}},{"start":{"line":170,"column":4},"end":{"line":170,"column":4}}]},"7":{"line":179,"type":"if","locations":[{"start":{"line":179,"column":6},"end":{"line":179,"column":6}},{"start":{"line":179,"column":6},"end":{"line":179,"column":6}}]},"8":{"line":179,"type":"binary-expr","locations":[{"start":{"line":179,"column":10},"end":{"line":179,"column":25}},{"start":{"line":179,"column":29},"end":{"line":179,"column":51}}]},"9":{"line":185,"type":"if","locations":[{"start":{"line":185,"column":6},"end":{"line":185,"column":6}},{"start":{"line":185,"column":6},"end":{"line":185,"column":6}}]},"10":{"line":186,"type":"cond-expr","locations":[{"start":{"line":186,"column":83},"end":{"line":186,"column":85}},{"start":{"line":186,"column":88},"end":{"line":186,"column":91}}]},"11":{"line":205,"type":"if","locations":[{"start":{"line":205,"column":4},"end":{"line":205,"column":4}},{"start":{"line":205,"colum
[...]
;","","\t\t// Initialize the state","\t\tn = initialN;","\t\tdelta = 0;","\t\tbias = initialBias;","","\t\t// Handle the basic code points","\t\tfor (j = 0; j < inputLength; ++j) {","\t\t\tcurrentValue = input[j];","\t\t\tif (currentValue < 0x80) {","\t\t\t\toutput.push(stringFromCharCode(currentValue));","\t\t\t}","\t\t}","","\t\thandledCPCount = basicLength = output.length;","","\t\t// `handledCPCount` is the number of code points that have been handled;","\t\t// `basicLength` is the number of basic code points.","","\t\t// Finish the basic string - if it is not empty - with a delimiter","\t\tif (basicLength) {","\t\t\toutput.push(delimiter);","\t\t}","","\t\t// Main encoding loop:","\t\twhile (handledCPCount < inputLength) {","","\t\t\t// All non-basic code points < n have been handled already. Find the next","\t\t\t// larger one:","\t\t\tfor (m = maxInt, j = 0; j < inputLength; ++j) {","\t\t\t\tcurrentValue = input[j];","\t\t\t\tif (currentValue >= n && currentValue < m) {","\t\t\t\t\tm = currentValue;","\t\t\t\t}","\t\t\t}","","\t\t\t// Increase `delta` enough to advance the decoder's <n,i> state to <m,0>,","\t\t\t// but guard against overflow","\t\t\thandledCPCountPlusOne = handledCPCount + 1;","\t\t\tif (m - n > floor((maxInt - delta) / handledCPCountPlusOne)) {","\t\t\t\terror('overflow');","\t\t\t}","","\t\t\tdelta += (m - n) * handledCPCountPlusOne;","\t\t\tn = m;","","\t\t\tfor (j = 0; j < inputLength; ++j) {","\t\t\t\tcurrentValue = input[j];","","\t\t\t\tif (currentValue < n && ++delta > maxInt) {","\t\t\t\t\terror('overflow');","\t\t\t\t}","","\t\t\t\tif (currentValue == n) {","\t\t\t\t\t// Represent delta as a generalized variable-length integer","\t\t\t\t\tfor (q = delta, k = base; /* no condition */; k += base) {","\t\t\t\t\t\tt = k <= bias ? tMin : (k >= bias + tMax ? tMax : k - bias);","\t\t\t\t\t\tif (q < t) {","\t\t\t\t\t\t\tbreak;","\t\t\t\t\t\t}","\t\t\t\t\t\tqMinusT = q - t;","\t\t\t\t\t\tbaseMinusT = base - t;","\t\t\t\t\t\toutput.push(","\t\t\t\t\t\t\tstringFromCharCode(digitToBasic(t + qMinusT % baseMinusT, 0))","\t\t\t\t\t\t);","\t\t\t\t\t\tq = floor(qMinusT / baseMinusT);","\t\t\t\t\t}","","\t\t\t\t\toutput.push(stringFromCharCode(digitToBasic(q, 0)));","\t\t\t\t\tbias = adapt(delta, handledCPCountPlusOne, handledCPCount == basicLength);","\t\t\t\t\tdelta = 0;","\t\t\t\t\t++handledCPCount;","\t\t\t\t}","\t\t\t}","","\t\t\t++delta;","\t\t\t++n;","","\t\t}","\t\treturn output.join('');","\t}","","\t/**","\t * Converts a Punycode string representing a domain name or an email address","\t * to Unicode. Only the Punycoded parts of the input will be converted, i.e.","\t * it doesn't matter if you call it on a string that has already been","\t * converted to Unicode.","\t * @memberOf punycode","\t * @param {String} input The Punycoded domain name or email address to","\t * convert to Unicode.","\t * @returns {String} The Unicode representation of the given Punycode","\t * string.","\t */","\tfunction toUnicode(input) {","\t\treturn mapDomain(input, function(string) {","\t\t\treturn regexPunycode.test(string)","\t\t\t\t? decode(string.slice(4).toLowerCase())","\t\t\t\t: string;","\t\t});","\t}","","\t/**","\t * Converts a Unicode string representing a domain name or an email address to","\t * Punycode. Only the non-ASCII parts of the domain name will be converted,","\t * i.e. it doesn't matter if you call it with a domain that's already in","\t * ASCII.","\t * @memberOf punycode","\t * @param {String} input The domain name or email address to convert, as a","\t * Unicode string.","\t * @returns {String} The Punycode representation of the given domain name or","\t * email address.","\t */","\tfunction toASCII(input) {","\t\treturn mapDomain(input, function(string) {","\t\t\treturn regexNonASCII.test(string)","\t\t\t\t? 'xn--' + encode(string)","\t\t\t\t: string;","\t\t});","\t}","","\t/*--------------------------------------------------------------------------*/","","\t/** Define the public API */","\tpunycode = {","\t\t/**","\t\t * A string representing the current Punycode.js version number.","\t\t * @memberOf punycode","\t\t * @type String","\t\t */","\t\t'version': '1.4.1',","\t\t/**","\t\t * An object of methods to convert from JavaScript's internal character","\t\t * representation (UCS-2) to Unicode code points, and back.","\t\t * @see <https://mathiasbynens.be/notes/javascript-encoding>","\t\t * @memberOf punycode","\t\t * @type Object","\t\t */","\t\t'ucs2': {","\t\t\t'decode': ucs2decode,","\t\t\t'encode': ucs2encode","\t\t},","\t\t'decode': decode,","\t\t'encode': encode,","\t\t'toASCII': toASCII,","\t\t'toUnicode': toUnicode","\t};","","\t/** Expose `punycode` */","\t// Some AMD build optimizers, like r.js, check for specific condition patterns","\t// like the following:","\tif (","\t\ttypeof define == 'function' &&","\t\ttypeof define.amd == 'object' &&","\t\tdefine.amd","\t) {","\t\tdefine('punycode', function() {","\t\t\treturn punycode;","\t\t});","\t} else if (freeExports && freeModule) {","\t\tif (module.exports == freeExports) {","\t\t\t// in Node.js, io.js, or RingoJS v0.8.0+","\t\t\tfreeModule.exports = punycode;","\t\t} else {","\t\t\t// in Narwhal or RingoJS v0.7.0-","\t\t\tfor (key in punycode) {","\t\t\t\tpunycode.hasOwnProperty(key) && (freeExports[key] = punycode[key]);","\t\t\t}","\t\t}","\t} else {","\t\t// in Rhino or a web browser","\t\troot.punycode = punycode;","\t}","","}(this));","","}).call(this,typeof global !== \"undefined\" ? global : typeof self !== \"undefined\" ? self : typeof window !== \"undefined\" ? window : {})","},{}],11:[function(require,module,exports){","/**"," * This file automatically generated from `pre-publish.js`."," * Do not manually edit."," */","","module.exports = {","  \"area\": true,","  \"base\": true,","  \"br\": true,","  \"col\": true,","  \"embed\": true,","  \"hr\": true,","  \"img\": true,","  \"input\": true,","  \"keygen\": true,","  \"link\": true,","  \"menuitem\": true,","  \"meta\": true,","  \"param\": true,","  \"source\": true,","  \"track\": true,","  \"wbr\": true","};","","},{}]},{},[4]);",""],"l":{"1":22,"2":2,"3":2,"4":2,"5":0,"8":2,"9":0,"10":0,"13":0,"14":0,"17":0,"19":0,"21":0,"23":0,"26":0,"28":0,"30":0,"32":0,"36":0,"38":0,"39":0,"40":0,"41":0,"42":0,"43":0,"45":0,"47":0,"48":0,"49":0,"50":0,"51":0,"52":0,"53":0,"54":0,"55":0,"56":0,"57":0,"59":0,"60":0,"61":0,"64":0,"65":0,"66":0,"67":0,"68":0,"69":0,"70":0,"72":0,"75":0,"78":0,"80":0,"82":0,"86":2,"89":2,"90":0,"93":2,"94":0,"97":2,"98":0,"101":2,"102":0,"105":2,"106":0,"109":2,"110":0,"111":0,"112":0,"114":0,"115":0,"116":0,"119":0,"124":2,"127":2,"129":0,"130":0,"134":0,"135":0,"137":0,"138":0,"141":0,"144":0,"148":0,"149":0,"150":0,"151":0,"155":0,"156":0,"159":0,"161":0,"162":0,"166":0,"170":0,"174":0,"175":0,"176":0,"177":0,"178":0,"184":0,"187":0,"188":0,"193":0,"194":0,"197":0,"198":0,"201":0,"202":0,"205":0,"206":0,"208":0,"209":0,"212":0,"213":0,"214":0,"217":0,"218":0,"219":0,"223":0,"224":0,"232":0,"234":0,"235":0,"236":0,"237":0,"238":0,"239":0,"241":0,"242":0,"243":0,"246":0,"247":0,"254":2,"255":0,"257":0,"258":0,"259":0,"263":0,"266":2,"267":0,"268":0,"273":2,"277":2,"280":2,"283":0,"289":0,"290":0,"291":0,"292":0,"296":0,"299":2,"301":2,"303":1,"304":2,"305":2,"306":0,"309":2,"320":2,"324":0,"325":0,"326":0,"328":0,"330":0,"335":0,"336":0,"337":0,"338":0,"339":0,"340":0,"342":0,"343":0,"344":0,"346":0,"356":2,"357":2,"358":2,"359":2,"365":2,"366":2,"367":2,"368":2,"369":2,"370":2,"371":2,"372":2,"373":2,"386":1,"387":0,"388":0,"389":0,"390":0,"392":0,"394":0,"395":0,"397":0,"399":0,"402":0,"404":0,"409":0,"418":0,"420":0,"421":0,"427":0,"428":0,"429":0,"430":0,"431":0,"433":0,"435":0,"437":0,"439":0,"441":0,"442":0,"444":0,"445":0,"447":0,"448":0,"450":0,"451":0,"453":0,"454":0,"456":0,"457":0,"459":0,"460":0,"464":0,"465":0,"469":0,"476":1,"477":0,"486":1,"487":0,"488":0,"491":0,"494":0,"495":0,"498":0,"501":0,"504":0,"505":0,"508":0,"515":1,"516":0,"526":1,"527":0,"534":1,"535":0,"543":1,"544":0,"546":0,"547":0,"550":0,"551":0,"554":0,"555":0,"558":0,"559":0,"566":1,"567":0,"574":1,"575":0,"576":0,"577":0,"579":0,"583":2,"584":2,"586":2,"588":1,"589":0,"590":0,"592":0,"594":0,"595":0,"596":0,"598":0,"604":0,"605":0,"606":0,"607":0,"608":0,"609":0,"610":0,"611":0,"613":0,"614":0,"617":0,"620":0,"624":2,"1942":2,"1943":2,"1945":2,"1946":0,"1947":0,"1950":0,"1953":2,"1954":0,"1955":0,"1958":0,"1959":0,"1961":0,"1962":0,"1967":0,"1968":0,"1970":0,"1973":2,"1974":0,"1981":0,"1982":0,"1983":0,"1985":0,"1986":0,"1987":0,"1990":0,"1991":0,"1993":0,"1995":0,"1996":0,"1997":0,"2000":0,"2002":0,"2003":0,"2004":0,"2005":0,"2007":0,"2011":0,"2014":0,"2015":0,"2023":0,"2028":2,"2030":2,"2033":2,"2035":2,"2037":2,"2038":2,"2043":2,"2051":2,"2094":1,"2095":0,"2106":1,"2107":0,"2108":0,"2109":0,"2110":0,"2112":0,"2125":1,"2126":0,"2127":0,"2128":0,"2131":0,"2132":0,"2135":0,"2136":0,"2137":0,"2138":0,"2154":1,"2155":0,"2160":0,"2161":0,"2162":0,"2164":0,"2165":0,"2166":0,"2170":0,"2171":0,"2174":0,"2177":0,"2188":1,"2189":0,"2190":0,"2191":0,"2192":0,"2193":0,"2194":0,"2196":0,"2197":0,"2210":1,"2211":0,"2212":0,"2214":0,"2215":0,"2217":0,"2218":0,"2220":0,"2234":1,"2237":0,"2245":1,"2246":0,"2247":0,"2248":0,"2249":0,"2250":0,"2252":0,"2262":1,"2264":0,"2285":0,"2286":0,"2287":0,"2290":0,"2292":0,"2293":0,"2295":0,"2301":0,"2308":0,"2310":0,"2311":0,"2314":0,"2316":0,"2317":0,"2320":0,"2321":0,"2323":0,"2324":0,"2327":0,"2328":0,"2329":0,"2332":0,"2336":0,"2337":0,"2341":0,"2342":0,"2345":0,"2346":0,"2349":0,"2353":0,"2363":1,"2364":0,"2384":0,"2387":0,"2390":0,"2391":0,"2392":0,"2395":0,"2396":0,"2397":0,"2398":0,"2402":0,"2408":0,"2409":0,"2413":0,"2417":0,"2418":0,"2419":0,"2420":0,"2426":0,"2427":0,"2428":0,"2431":0,"2432":0,"2434":0,"2435":0,"2437":0,"2438":0,"2441":0,"2443":0,"2444":0,"2445":0,"2446":0,"2448":0,"2449":0,"2450":0,"2453":0,"2456":0,"2457":0,"2458":0,"2459":0,"2463":0,"2464":0,"2467":0,"2481":1,"2482":0,"2483":0,"2500":1,"2501":0,"2502":0,"2511":2,"2538":2,"2543":0,"2544":0,"2546":2,"2547":2,"2549":2,"2552":0,"2553":0,"2558":0,"2570":2}},"/home/travis/build/npmtest/node-npmtest-karma/node_modules/karma/static/debug.js":{"path":"/home/travis/build/npmtest/node-npmtest-karma/node_modules/karma/static/debug.js","s":{"1":2,"2":0,"3":0,"4":0,"5":0,"6":0,"7":0,"8":0,"9":0,"10":0,"11":0,"12":0,"13":0,"14":0,"15":0,"16":0,"17":0,"18":0,"19":0},"b":{"1":[0,0],"2":[0,0],"3":[0,0],"4":[0,0],"5":[0,0],"6":[0,0]},"f":{"1":0,"2":0,"3":0,"4":0,"5":0,"6":0,"7":0},"fnMap":{"1":{"name":"(anonymous_1)","line":2,"loc":{"start":{"line":2,"column":24},"end":{"line":2,"column":40}}},"2":{"name":"(anonymous_2)","line":5,"loc":{"start":{"line":5,"column":28},"end":{"line":5,"column":40}}},"3":{"name":"(anonymous_3)","line":9,"loc":{"start":{"line":9,"column":43},"end":{"line":9,"column":61}}},"4":{"name":"(anonymous_4)","line":19,"loc":{"start":{"line":19,"column":5},"end":{"line":19,"column":20}}},"5":{"name":"(anonymous_5)","line":20,"loc":{"start":{"line":20,"column":17},"end":{"line":20,"column":29}}},"6":{"name":"(anonymous_6)","line":25,"loc":{"start":{"line":25,"column":4},"end":{"line":25,"column":16}}},"7":{"name":"(anonymous_7)","line":26,"loc":{"start":{"line":26,"column":26},"end":{"line":26,"column":38}}}},"statementMap":{"1":{"start":{"line":2,"column":0},"end":{"line":4,"column":1}},"2":{"start":{"line":3,"column":2},"end":{"line":3,"column":64}},"3":{"start":{"line":3,"column":35},"end":{"line":3,"column":64}},"4":{"start":{"line":5,"column":0},"end":{"line":7,"column":1}},"5":{"start":{"line":6,"column":2},"end":{"line":6,"column":78}},"6":{"start":{"line":6,"column":22},"end":{"line":6,"column":78}},"7":{"start":{"line":8,"column":0},"end":{"line":8,"column":28}},"8":{"start":{"line":9,"column":0},"end":{"line":25,"column":18}},"9":{"start":{"line":10,"column":2},"end":{"line":13,"column":3}},"10":{"start":{"line":11,"column":4},"end":{"line":11,"column":18}},"11":{"start":{"line":12,"column":4},"end":{"line":12,"column":10}},"12":{"start":{"line":14,"column":2},"end":{"line":14,"column":51}},"13":{"start":{"line":15,"column":2},"end":{"line":15,"column":77}},"14":{"start":{"line":17,"column":2},"end":{"line":24,"column":3}},"15":{"start":{"line":19,"column":4},"end":{"line":23,"column":21}},"16":{"start":{"line":20,"column":6},"end":{"line":22,"column":8}},"17":{"start":{"line":21,"column":8},"end":{"line":21,"column":17}},"18":{"start":{"line":26,"column":0},"end":{"line":28,"column":1}},"19":{"start":{"line":27,"column":2},"end":{"line":27,"column":14}}},"branchMap":{"1":{"line":3,"type":"if","locations":[{"start":{"line":3,"column":2},"end":{"line":3,"column":2}},{"start":{"line":3,"column":2},"end":{"line":3,"column":2}}]},"2":{"line":3,"type":"binary-expr","locations":[{"start":{"line":3,"column":6},"end":{"line":3,"column":15}},{"start":{"line":3,"column":19},"end":{"line":3,"column":33}}]},"3":{"line":6,"type":"if","locations":[{"start":{"line":6,"column":2},"end":{"line":6,"column":2}},{"start":{"line":6,"column":2},"end":{"line":6,"column":2}}]},"4":{"line":9,"type":"cond-expr","locations":[{"start":{"line":9,"column":43},"end":{"line":25,"column":1}},{"start":{"line":25,"column":4},"end":{"line":25,"column":18}}]},"5":{"line":10,"type":"if","locations":[{"start":{"line":10,"column":2},"end":{"line":10,"column":2}},{"start":{"line":10,"column":2},"end":{"line":10,"column":2}}]},"6":{"line":14,"type":"cond-expr","locations":[{"start":{"line":14,"column":29},"end":{"line":14,"column":39}},{"start":{"line":14,"column":42},"end":{"line":14,"column":51}}]}},"code":["// Override the Karma setup for local debugging","window.__karma__.info = function (info) {","  if (info.dump && window.console) window.console.log(info.dump)","}","window.__karma__.complete = function () {","  if (window.console) window.console.log('Skipped ' + this.skipped + ' tests')","}","window.__karma__.skipped = 0","window.__karma__.result = window.console ? function (result) {","  if (result.skipped) {","    this.skipped++","    return","  }","  var msg = result.success ? 'SUCCESS ' : 'FAILED '","  window.console.log(msg + result.suite.join(' ') + ' ' + result.description)","","  for (var i = 0; i < result.log.length; i++) {","    // Throwing error without losing stack trace","    (function (err) {","      setTimeout(function () {","        throw err","      })","    })(result.log[i])","  }","} : function () {}","window.__karma__.loaded = function () {","  this.start()","}",""],"l":{"2":2,"3":0,"5":0,"6":0,"8":0,"9":0,"10":0,"11":0,"12":0,"14":0,"15":0,"17":0,"19":0,"20":0,"21":0,"26":0,"27":0}},"/home/travis/build/npmtest/node-npmtest-karma/node_modules/karma/wallaby.js":{"path":"/home/travis/build/npmtest/node-npmtest-karma/node_modules/karma/wallaby.js","s":{"1":2,"2":0,"3":0,"4":0,"5":0,"6":0,"7":0,"8":0,"9":0,"10":0,"11":0,"12":0,"13":0,"14":0,"15":0,"16":0,"17":0,"18":0},"b":{"1":[0,0],"2":[0,0],"3":[0,0],"4":[0,0],"5":[0,0],"6":[0,0],"7":[0,0]},"f":{"1":0,"2":0,"3":0,"4":0},"fnMap":{"1":{"name":"(anonymous_1)","line":3,"loc":{"start":{"line":3,"column":17},"end":{"line":3,"column":36}}},"2":{"name":"(anonymous_2)","line":41,"loc":{"start":{"line":41,"column":15},"end":{"line":41,"column":28}}},"3":{"name":"(anonymous_3)","line":45,"loc":{"start":{"line":45,"column":36},"end":{"line":45,"column":48}}},"4":{"name":"(anonymous_4)","line":49,"loc":{"start":{"line":49,"column":25},"end":{"line":49,"column":73}}}},"statementMap":{"1":{"start":{"line":1,"column":0},"end":{"line":1,"column":35}},"2":{"start":{"line":3,"column":0},"end":{"line":72,"column":1}},"3":{"start":{"line":4,"column":2},"end":{"line":71,"column":3}},"4":{"start":{"line":42,"column":6},"end":{"line":42,"column":32}},"5":{"start":{"line":43,"column":6},"end":{"line":43,"column":33}},"6":{"start":{"line":45,"column":6},"end":{"line":62,"column":8}},"7":{"start":{"line":47,"column":8},"end":{"line":47,"column":36}},"8":{"start":{"line":48,"column":8},"end":{"line":48,"column":37}},"9":{"start":{"line":49,"column":8},"end":{"line":58,"column":9}},"10":{"start":{"line":50,"column":10},"end":{"line":50,"column":29}},"11":{"start":{"line":51,"column":10},"end":{"line":51,"column":33}},"12":{"start":{"line":52,"column":10},"end":{"line":52,"column":44}},"13":{"start":{"line":53,"column":10},"end":{"line":53,"column":46}},"14":{"start":{"line":54,"column":10},"end":{"line":54,"column":42}},"15":{"start":{"line":55,"column":10},"end":{"line":55,"column":44}},"16":{"start":{"line":56,"column":10},"end":{"line":56,"column":52}},"17":{"start":{"line":57,"column":10},"end":{"line":57,"column":63}},"18":{"start":{"line":61,"column":8},"end":{"line":61,"column":68}}},"branchMap":{"1":{"line":50,"type":"binary-expr","locations":[{"start":{"line":50,"column":18},"end":{"line":50,"column":23}},{"start":{"line":50,"column":27},"end":{"line":50,"column":29}}]},"2":{"line":51,"type":"binary-expr","locations":[{"start":{"line":51,"column":20},"end":{"line":51,"column":27}},{"start":{"line":51,"column":31},"end":{"line":51,"column":33}}]},"3":{"line":52,"type":"binary-expr","locations":[{"start":{"line":52,"column":26},"end":{"line":52,"column":38}},{"start":{"line":52,"column":42},"end":{"line":52,"column":44}}]},"4":{"line":53,"type":"binary-expr","locations":[{"start":{"line":53,"column":27},"end":{"line":53,"column":40}},{"start":{"line":53,"column":44},"end":{"line":53,"column":46}}]},"5":{"line":54,"type":"binary-expr","locations":[{"start":{"line":54,"column":25},"end":{"line":54,"column":36}},{"start":{"line":54,"column":40},"end":{"line":54,"column":42}}]},"6":{"line":55,"type":"binary-expr","locations":[{"start":{"line":55,"column":26},"end":{"line":55,"column":38}},{"start":{"line":55,"column":42},"end":{"line":55,"column":44}}]},"7":{"line":56,"type":"binary-expr","locations":[{"start":{"line":56,"column":30},"end":{"line":56,"column":46}},{"start":{"line":56,"column":50},"end":{"line":56,"column":52}}]}},"code":["const babel = require('babel-core')","","module.exports = function (wallaby) {","  return {","    files: [","      {","        pattern: 'package.json',","        instrument: false","      },","      {","        pattern: 'config.tpl.js',","        instrument: false","      },","      {","        pattern: 'test/unit/certificates/server.key',","        instrument: false","      },","      {","        pattern: 'test/unit/certificates/server.crt',","        instrument: false","      },","      {","        pattern: 'test/unit/**/*.spec.js',","        ignore: true","      },","      'lib/**/*.js',","      'test/unit/**/*.js',","      'test/unit/mocha-globals.js'","    ],","","    tests: [","      'test/unit/**/*.spec.js'","    ],","","    compilers: {","      '**/*.js': wallaby.compilers.babel({","        babel: babel","      })","    },","","    bootstrap: function (w) {","      var path = require('path')","      var mocha = w.testFramework","","      mocha.suite.on('pre-require', function () {","        // always passing wallaby.js globals to mocks.loadFile","        var mocks = require('mocks')","        var loadFile = mocks.loadFile","        mocks.loadFile = function (filePath, mocks, globals, mockNested) {","          mocks = mocks || {}","          globals = globals || {}","          globals.$_$wp = global.$_$wp || {}","          globals.$_$wpe = global.$_$wpe || {}","          globals.$_$w = global.$_$w || {}","          globals.$_$wf = global.$_$wf || {}","          globals.$_$tracer = global.$_$tracer || {}","          return loadFile(filePath, mocks, globals, mockNested)","        }","","        // loading mocha-globals for each run","        require(path.join(process.cwd(), 'test/unit/mocha-globals'))","      })","    },","","    env: {","      type: 'node',","      params: {","        runner: '--harmony --harmony_arrow_functions'","      }","    }","  }","}",""],"l":{"1":2,"3":0,"4":0,"42":0,"43":0,"45":0,"47":0,"48":0,"49":0,"50":0,"51":0,"52":0,"53":0,"54":0,"55":0,"56":0,"57":0,"61":0}}}